2014/05/24 16:21:37 [error] [php] include(/home4/colinfle/public_html/ragsblinddraw.com/protected/modules/admin/models/Player.php) [<a href='function.include'>function.include</a>]: failed to open stream: No such file or directory (/home4/colinfle/YiiRoot1.1.13/framework/YiiBase.php:395)
Stack trace:
#0 /home4/colinfle/public_html/ragsblinddraw.com/protected/components/EWebUser.php(24): spl_autoload_call()
#1 /home4/colinfle/public_html/ragsblinddraw.com/protected/components/EWebUser.php(32): EWebUser->loadUser()
#2 /home4/colinfle/YiiRoot1.1.13/framework/base/CComponent.php(111): EWebUser->getName()
#3 /home4/colinfle/YiiRoot1.1.13/framework/web/auth/CWebUser.php(140): EWebUser->__get()
#4 /home4/colinfle/public_html/ragsblinddraw.com/protected/views/layouts/main.php(36): EWebUser->__get()
#5 /home4/colinfle/YiiRoot1.1.13/framework/web/CBaseController.php(126): require()
#6 /home4/colinfle/YiiRoot1.1.13/framework/web/CBaseController.php(95): SiteController->renderInternal()
#7 /home4/colinfle/YiiRoot1.1.13/framework/web/widgets/CContentDecorator.php(76): SiteController->renderFile()
#8 /home4/colinfle/YiiRoot1.1.13/framework/web/widgets/CContentDecorator.php(54): CContentDecorator->decorate()
#9 /home4/colinfle/YiiRoot1.1.13/framework/web/widgets/COutputProcessor.php(44): CContentDecorator->processOutput()
#10 /home4/colinfle/YiiRoot1.1.13/framework/web/CBaseController.php(206): CContentDecorator->run()
#11 /home4/colinfle/YiiRoot1.1.13/framework/web/CBaseController.php(300): SiteController->endWidget()
#12 /home4/colinfle/public_html/ragsblinddraw.com/protected/views/layouts/column1.php(6): SiteController->endContent()
#13 /home4/colinfle/YiiRoot1.1.13/framework/web/CBaseController.php(126): require()
#14 /home4/colinfle/YiiRoot1.1.13/framework/web/CBaseController.php(95): SiteController->renderInternal()
#15 /home4/colinfle/YiiRoot1.1.13/framework/web/CController.php(784): SiteController->renderFile()
#16 /home4/colinfle/public_html/ragsblinddraw.com/protected/controllers/SiteController.php(32): SiteController->render()
#17 /home4/colinfle/YiiRoot1.1.13/framework/web/actions/CInlineAction.php(49): SiteController->actionIndex()
#18 /home4/colinfle/YiiRoot1.1.13/framework/web/CController.php(308): CInlineAction->runWithParams()
#19 /home4/colinfle/YiiRoot1.1.13/framework/web/CController.php(286): SiteController->runAction()
#20 /home4/colinfle/YiiRoot1.1.13/framework/web/CController.php(265): SiteController->runActionWithFilters()
#21 /home4/colinfle/YiiRoot1.1.13/framework/web/CWebApplication.php(282): SiteController->run()
#22 /home4/colinfle/YiiRoot1.1.13/framework/web/CWebApplication.php(141): CWebApplication->runController()
#23 /home4/colinfle/YiiRoot1.1.13/framework/base/CApplication.php(169): CWebApplication->processRequest()
#24 /home4/colinfle/public_html/ragsblinddraw.com/index.php(13): CWebApplication->run()
REQUEST_URI=/
in /home4/colinfle/public_html/ragsblinddraw.com/protected/components/EWebUser.php (24)
in /home4/colinfle/public_html/ragsblinddraw.com/protected/components/EWebUser.php (32)
in /home4/colinfle/public_html/ragsblinddraw.com/protected/views/layouts/main.php (36)
2014/05/24 16:26:07 [error] [system.db.CDbCommand] CDbCommand::fetchAll() failed: SQLSTATE[42S02]: Base table or view not found: 1146 Table 'colinfle_ragsblinddraw.player' doesn't exist. The SQL statement executed was: SHOW FULL COLUMNS FROM `player`.
in /home4/colinfle/public_html/ragsblinddraw.com/protected/modules/admin/models/Player.php (23)
in /home4/colinfle/public_html/ragsblinddraw.com/protected/components/EWebUser.php (24)
in /home4/colinfle/public_html/ragsblinddraw.com/protected/components/EWebUser.php (32)
2014/05/24 16:26:07 [error] [exception.CDbException] exception 'CDbException' with message 'The table "player" for active record class "Player" cannot be found in the database.' in /home4/colinfle/YiiRoot1.1.13/framework/db/ar/CActiveRecord.php:2310
Stack trace:
#0 /home4/colinfle/YiiRoot1.1.13/framework/db/ar/CActiveRecord.php(387): CActiveRecordMetaData->__construct(Object(Player))
#1 /home4/colinfle/public_html/ragsblinddraw.com/protected/modules/admin/models/Player.php(23): CActiveRecord::model('Player')
#2 /home4/colinfle/public_html/ragsblinddraw.com/protected/components/EWebUser.php(24): Player::model()
#3 /home4/colinfle/public_html/ragsblinddraw.com/protected/components/EWebUser.php(32): EWebUser->loadUser()
#4 /home4/colinfle/YiiRoot1.1.13/framework/base/CComponent.php(111): EWebUser->getName()
#5 /home4/colinfle/YiiRoot1.1.13/framework/web/auth/CWebUser.php(140): CComponent->__get('name')
#6 /home4/colinfle/public_html/ragsblinddraw.com/protected/views/layouts/main.php(36): CWebUser->__get('name')
#7 /home4/colinfle/YiiRoot1.1.13/framework/web/CBaseController.php(126): require('/home4/colinfle...')
#8 /home4/colinfle/YiiRoot1.1.13/framework/web/CBaseController.php(95): CBaseController->renderInternal('/home4/colinfle...', Array, true)
#9 /home4/colinfle/YiiRoot1.1.13/framework/web/widgets/CContentDecorator.php(76): CBaseController->renderFile('/home4/colinfle...', Array, true)
#10 /home4/colinfle/YiiRoot1.1.13/framework/web/widgets/CContentDecorator.php(54): CContentDecorator->decorate('<div id="conten...')
#11 /home4/colinfle/YiiRoot1.1.13/framework/web/widgets/COutputProcessor.php(44): CContentDecorator->processOutput('<div id="conten...')
#12 /home4/colinfle/YiiRoot1.1.13/framework/web/CBaseController.php(206): COutputProcessor->run()
#13 /home4/colinfle/YiiRoot1.1.13/framework/web/CBaseController.php(300): CBaseController->endWidget('CContentDecorat...')
#14 /home4/colinfle/public_html/ragsblinddraw.com/protected/views/layouts/column1.php(6): CBaseController->endContent()
#15 /home4/colinfle/YiiRoot1.1.13/framework/web/CBaseController.php(126): require('/home4/colinfle...')
#16 /home4/colinfle/YiiRoot1.1.13/framework/web/CBaseController.php(95): CBaseController->renderInternal('/home4/colinfle...', Array, true)
#17 /home4/colinfle/YiiRoot1.1.13/framework/web/CController.php(784): CBaseController->renderFile('/home4/colinfle...', Array, true)
#18 /home4/colinfle/public_html/ragsblinddraw.com/protected/controllers/SiteController.php(32): CController->render('index')
#19 /home4/colinfle/YiiRoot1.1.13/framework/web/actions/CInlineAction.php(49): SiteController->actionIndex()
#20 /home4/colinfle/YiiRoot1.1.13/framework/web/CController.php(308): CInlineAction->runWithParams(Array)
#21 /home4/colinfle/YiiRoot1.1.13/framework/web/CController.php(286): CController->runAction(Object(CInlineAction))
#22 /home4/colinfle/YiiRoot1.1.13/framework/web/CController.php(265): CController->runActionWithFilters(Object(CInlineAction), Array)
#23 /home4/colinfle/YiiRoot1.1.13/framework/web/CWebApplication.php(282): CController->run('')
#24 /home4/colinfle/YiiRoot1.1.13/framework/web/CWebApplication.php(141): CWebApplication->runController('')
#25 /home4/colinfle/YiiRoot1.1.13/framework/base/CApplication.php(169): CWebApplication->processRequest()
#26 /home4/colinfle/public_html/ragsblinddraw.com/index.php(13): CApplication->run()
#27 {main}
REQUEST_URI=/
---
2014/05/24 16:49:39 [error] [system.db.CDbCommand] CDbCommand::fetchAll() failed: SQLSTATE[42S02]: Base table or view not found: 1146 Table 'colinfle_ragsblinddraw.player' doesn't exist. The SQL statement executed was: SHOW FULL COLUMNS FROM `player`.
in /home4/colinfle/public_html/ragsblinddraw.com/protected/modules/admin/models/Player.php (23)
in /home4/colinfle/public_html/ragsblinddraw.com/protected/components/EWebUser.php (24)
in /home4/colinfle/public_html/ragsblinddraw.com/protected/components/EWebUser.php (32)
2014/05/24 16:49:39 [error] [exception.CDbException] exception 'CDbException' with message 'The table "player" for active record class "Player" cannot be found in the database.' in /home4/colinfle/YiiRoot1.1.13/framework/db/ar/CActiveRecord.php:2310
Stack trace:
#0 /home4/colinfle/YiiRoot1.1.13/framework/db/ar/CActiveRecord.php(387): CActiveRecordMetaData->__construct(Object(Player))
#1 /home4/colinfle/public_html/ragsblinddraw.com/protected/modules/admin/models/Player.php(23): CActiveRecord::model('Player')
#2 /home4/colinfle/public_html/ragsblinddraw.com/protected/components/EWebUser.php(24): Player::model()
#3 /home4/colinfle/public_html/ragsblinddraw.com/protected/components/EWebUser.php(32): EWebUser->loadUser()
#4 /home4/colinfle/YiiRoot1.1.13/framework/base/CComponent.php(111): EWebUser->getName()
#5 /home4/colinfle/YiiRoot1.1.13/framework/web/auth/CWebUser.php(140): CComponent->__get('name')
#6 /home4/colinfle/public_html/ragsblinddraw.com/protected/views/layouts/main.php(36): CWebUser->__get('name')
#7 /home4/colinfle/YiiRoot1.1.13/framework/web/CBaseController.php(126): require('/home4/colinfle...')
#8 /home4/colinfle/YiiRoot1.1.13/framework/web/CBaseController.php(95): CBaseController->renderInternal('/home4/colinfle...', Array, true)
#9 /home4/colinfle/YiiRoot1.1.13/framework/web/widgets/CContentDecorator.php(76): CBaseController->renderFile('/home4/colinfle...', Array, true)
#10 /home4/colinfle/YiiRoot1.1.13/framework/web/widgets/CContentDecorator.php(54): CContentDecorator->decorate('<div id="conten...')
#11 /home4/colinfle/YiiRoot1.1.13/framework/web/widgets/COutputProcessor.php(44): CContentDecorator->processOutput('<div id="conten...')
#12 /home4/colinfle/YiiRoot1.1.13/framework/web/CBaseController.php(206): COutputProcessor->run()
#13 /home4/colinfle/YiiRoot1.1.13/framework/web/CBaseController.php(300): CBaseController->endWidget('CContentDecorat...')
#14 /home4/colinfle/public_html/ragsblinddraw.com/protected/views/layouts/column1.php(6): CBaseController->endContent()
#15 /home4/colinfle/YiiRoot1.1.13/framework/web/CBaseController.php(126): require('/home4/colinfle...')
#16 /home4/colinfle/YiiRoot1.1.13/framework/web/CBaseController.php(95): CBaseController->renderInternal('/home4/colinfle...', Array, true)
#17 /home4/colinfle/YiiRoot1.1.13/framework/web/CController.php(784): CBaseController->renderFile('/home4/colinfle...', Array, true)
#18 /home4/colinfle/public_html/ragsblinddraw.com/protected/controllers/SiteController.php(32): CController->render('index')
#19 /home4/colinfle/YiiRoot1.1.13/framework/web/actions/CInlineAction.php(49): SiteController->actionIndex()
#20 /home4/colinfle/YiiRoot1.1.13/framework/web/CController.php(308): CInlineAction->runWithParams(Array)
#21 /home4/colinfle/YiiRoot1.1.13/framework/web/CController.php(286): CController->runAction(Object(CInlineAction))
#22 /home4/colinfle/YiiRoot1.1.13/framework/web/CController.php(265): CController->runActionWithFilters(Object(CInlineAction), Array)
#23 /home4/colinfle/YiiRoot1.1.13/framework/web/CWebApplication.php(282): CController->run('')
#24 /home4/colinfle/YiiRoot1.1.13/framework/web/CWebApplication.php(141): CWebApplication->runController('')
#25 /home4/colinfle/YiiRoot1.1.13/framework/base/CApplication.php(169): CWebApplication->processRequest()
#26 /home4/colinfle/public_html/ragsblinddraw.com/index.php(13): CApplication->run()
#27 {main}
REQUEST_URI=/
---
2014/05/24 18:02:30 [error] [exception.CException] exception 'CException' with message 'Property "CWebApplication.bootstrap" is not defined.' in /home4/colinfle/YiiRoot1.1.13/framework/base/CComponent.php:130
Stack trace:
#0 /home4/colinfle/YiiRoot1.1.13/framework/base/CModule.php(105): CComponent->__get('bootstrap')
#1 /home4/colinfle/public_html/ragsblinddraw.com/themes/raggedy_anne/views/layouts/main.php(16): CModule->__get('bootstrap')
#2 /home4/colinfle/YiiRoot1.1.13/framework/web/CBaseController.php(126): require('/home4/colinfle...')
#3 /home4/colinfle/YiiRoot1.1.13/framework/web/CBaseController.php(95): CBaseController->renderInternal('/home4/colinfle...', Array, true)
#4 /home4/colinfle/YiiRoot1.1.13/framework/web/widgets/CContentDecorator.php(76): CBaseController->renderFile('/home4/colinfle...', Array, true)
#5 /home4/colinfle/YiiRoot1.1.13/framework/web/widgets/CContentDecorator.php(54): CContentDecorator->decorate('<div id="conten...')
#6 /home4/colinfle/YiiRoot1.1.13/framework/web/widgets/COutputProcessor.php(44): CContentDecorator->processOutput('<div id="conten...')
#7 /home4/colinfle/YiiRoot1.1.13/framework/web/CBaseController.php(206): COutputProcessor->run()
#8 /home4/colinfle/YiiRoot1.1.13/framework/web/CBaseController.php(300): CBaseController->endWidget('CContentDecorat...')
#9 /home4/colinfle/public_html/ragsblinddraw.com/protected/views/layouts/column1.php(6): CBaseController->endContent()
#10 /home4/colinfle/YiiRoot1.1.13/framework/web/CBaseController.php(126): require('/home4/colinfle...')
#11 /home4/colinfle/YiiRoot1.1.13/framework/web/CBaseController.php(95): CBaseController->renderInternal('/home4/colinfle...', Array, true)
#12 /home4/colinfle/YiiRoot1.1.13/framework/web/CController.php(784): CBaseController->renderFile('/home4/colinfle...', Array, true)
#13 /home4/colinfle/public_html/ragsblinddraw.com/protected/controllers/SiteController.php(98): CController->render('login', Array)
#14 /home4/colinfle/YiiRoot1.1.13/framework/web/actions/CInlineAction.php(49): SiteController->actionLogin()
#15 /home4/colinfle/YiiRoot1.1.13/framework/web/CController.php(308): CInlineAction->runWithParams(Array)
#16 /home4/colinfle/YiiRoot1.1.13/framework/web/CController.php(286): CController->runAction(Object(CInlineAction))
#17 /home4/colinfle/YiiRoot1.1.13/framework/web/CController.php(265): CController->runActionWithFilters(Object(CInlineAction), Array)
#18 /home4/colinfle/YiiRoot1.1.13/framework/web/CWebApplication.php(282): CController->run('login')
#19 /home4/colinfle/YiiRoot1.1.13/framework/web/CWebApplication.php(141): CWebApplication->runController('site/login')
#20 /home4/colinfle/YiiRoot1.1.13/framework/base/CApplication.php(169): CWebApplication->processRequest()
#21 /home4/colinfle/public_html/ragsblinddraw.com/index.php(13): CApplication->run()
#22 {main}
REQUEST_URI=/login
HTTP_REFERER=http://ragsblinddraw.com/
---
2014/05/24 18:08:35 [error] [exception.CException] exception 'CException' with message 'Property "CWebApplication.bootstrap" is not defined.' in /home4/colinfle/YiiRoot1.1.13/framework/base/CComponent.php:130
Stack trace:
#0 /home4/colinfle/YiiRoot1.1.13/framework/base/CModule.php(105): CComponent->__get('bootstrap')
#1 /home4/colinfle/public_html/ragsblinddraw.com/themes/raggedy_anne/views/layouts/main.php(16): CModule->__get('bootstrap')
#2 /home4/colinfle/YiiRoot1.1.13/framework/web/CBaseController.php(126): require('/home4/colinfle...')
#3 /home4/colinfle/YiiRoot1.1.13/framework/web/CBaseController.php(95): CBaseController->renderInternal('/home4/colinfle...', Array, true)
#4 /home4/colinfle/YiiRoot1.1.13/framework/web/widgets/CContentDecorator.php(76): CBaseController->renderFile('/home4/colinfle...', Array, true)
#5 /home4/colinfle/YiiRoot1.1.13/framework/web/widgets/CContentDecorator.php(54): CContentDecorator->decorate('<div id="conten...')
#6 /home4/colinfle/YiiRoot1.1.13/framework/web/widgets/COutputProcessor.php(44): CContentDecorator->processOutput('<div id="conten...')
#7 /home4/colinfle/YiiRoot1.1.13/framework/web/CBaseController.php(206): COutputProcessor->run()
#8 /home4/colinfle/YiiRoot1.1.13/framework/web/CBaseController.php(300): CBaseController->endWidget('CContentDecorat...')
#9 /home4/colinfle/public_html/ragsblinddraw.com/protected/views/layouts/column1.php(6): CBaseController->endContent()
#10 /home4/colinfle/YiiRoot1.1.13/framework/web/CBaseController.php(126): require('/home4/colinfle...')
#11 /home4/colinfle/YiiRoot1.1.13/framework/web/CBaseController.php(95): CBaseController->renderInternal('/home4/colinfle...', Array, true)
#12 /home4/colinfle/YiiRoot1.1.13/framework/web/CController.php(784): CBaseController->renderFile('/home4/colinfle...', Array, true)
#13 /home4/colinfle/public_html/ragsblinddraw.com/protected/controllers/SiteController.php(98): CController->render('login', Array)
#14 /home4/colinfle/YiiRoot1.1.13/framework/web/actions/CInlineAction.php(49): SiteController->actionLogin()
#15 /home4/colinfle/YiiRoot1.1.13/framework/web/CController.php(308): CInlineAction->runWithParams(Array)
#16 /home4/colinfle/YiiRoot1.1.13/framework/web/CController.php(286): CController->runAction(Object(CInlineAction))
#17 /home4/colinfle/YiiRoot1.1.13/framework/web/CController.php(265): CController->runActionWithFilters(Object(CInlineAction), Array)
#18 /home4/colinfle/YiiRoot1.1.13/framework/web/CWebApplication.php(282): CController->run('login')
#19 /home4/colinfle/YiiRoot1.1.13/framework/web/CWebApplication.php(141): CWebApplication->runController('site/login')
#20 /home4/colinfle/YiiRoot1.1.13/framework/base/CApplication.php(169): CWebApplication->processRequest()
#21 /home4/colinfle/public_html/ragsblinddraw.com/index.php(13): CApplication->run()
#22 {main}
REQUEST_URI=/login
HTTP_REFERER=http://ragsblinddraw.com/
---
2014/05/24 18:12:42 [error] [exception.CException] exception 'CException' with message 'SiteController cannot find the requested view "webroot.themes.bootstrap.views.partials.navbar".' in /home4/colinfle/YiiRoot1.1.13/framework/web/CController.php:878
Stack trace:
#0 /home4/colinfle/public_html/ragsblinddraw.com/themes/raggedy_anne/views/layouts/main.php(22): CController->renderPartial('webroot.themes....')
#1 /home4/colinfle/YiiRoot1.1.13/framework/web/CBaseController.php(126): require('/home4/colinfle...')
#2 /home4/colinfle/YiiRoot1.1.13/framework/web/CBaseController.php(95): CBaseController->renderInternal('/home4/colinfle...', Array, true)
#3 /home4/colinfle/YiiRoot1.1.13/framework/web/widgets/CContentDecorator.php(76): CBaseController->renderFile('/home4/colinfle...', Array, true)
#4 /home4/colinfle/YiiRoot1.1.13/framework/web/widgets/CContentDecorator.php(54): CContentDecorator->decorate('<div id="conten...')
#5 /home4/colinfle/YiiRoot1.1.13/framework/web/widgets/COutputProcessor.php(44): CContentDecorator->processOutput('<div id="conten...')
#6 /home4/colinfle/YiiRoot1.1.13/framework/web/CBaseController.php(206): COutputProcessor->run()
#7 /home4/colinfle/YiiRoot1.1.13/framework/web/CBaseController.php(300): CBaseController->endWidget('CContentDecorat...')
#8 /home4/colinfle/public_html/ragsblinddraw.com/protected/views/layouts/column1.php(6): CBaseController->endContent()
#9 /home4/colinfle/YiiRoot1.1.13/framework/web/CBaseController.php(126): require('/home4/colinfle...')
#10 /home4/colinfle/YiiRoot1.1.13/framework/web/CBaseController.php(95): CBaseController->renderInternal('/home4/colinfle...', Array, true)
#11 /home4/colinfle/YiiRoot1.1.13/framework/web/CController.php(784): CBaseController->renderFile('/home4/colinfle...', Array, true)
#12 /home4/colinfle/public_html/ragsblinddraw.com/protected/controllers/SiteController.php(98): CController->render('login', Array)
#13 /home4/colinfle/YiiRoot1.1.13/framework/web/actions/CInlineAction.php(49): SiteController->actionLogin()
#14 /home4/colinfle/YiiRoot1.1.13/framework/web/CController.php(308): CInlineAction->runWithParams(Array)
#15 /home4/colinfle/YiiRoot1.1.13/framework/web/CController.php(286): CController->runAction(Object(CInlineAction))
#16 /home4/colinfle/YiiRoot1.1.13/framework/web/CController.php(265): CController->runActionWithFilters(Object(CInlineAction), Array)
#17 /home4/colinfle/YiiRoot1.1.13/framework/web/CWebApplication.php(282): CController->run('login')
#18 /home4/colinfle/YiiRoot1.1.13/framework/web/CWebApplication.php(141): CWebApplication->runController('site/login')
#19 /home4/colinfle/YiiRoot1.1.13/framework/base/CApplication.php(169): CWebApplication->processRequest()
#20 /home4/colinfle/public_html/ragsblinddraw.com/index.php(13): CApplication->run()
#21 {main}
REQUEST_URI=/login
HTTP_REFERER=http://ragsblinddraw.com/
---
2014/05/24 18:14:08 [error] [exception.CException] exception 'CException' with message 'SiteController cannot find the requested view "webroot.themes.raggedy_annes.views.partials.navbar".' in /home4/colinfle/YiiRoot1.1.13/framework/web/CController.php:878
Stack trace:
#0 /home4/colinfle/public_html/ragsblinddraw.com/themes/raggedy_anne/views/layouts/main.php(22): CController->renderPartial('webroot.themes....')
#1 /home4/colinfle/YiiRoot1.1.13/framework/web/CBaseController.php(126): require('/home4/colinfle...')
#2 /home4/colinfle/YiiRoot1.1.13/framework/web/CBaseController.php(95): CBaseController->renderInternal('/home4/colinfle...', Array, true)
#3 /home4/colinfle/YiiRoot1.1.13/framework/web/widgets/CContentDecorator.php(76): CBaseController->renderFile('/home4/colinfle...', Array, true)
#4 /home4/colinfle/YiiRoot1.1.13/framework/web/widgets/CContentDecorator.php(54): CContentDecorator->decorate('<div id="conten...')
#5 /home4/colinfle/YiiRoot1.1.13/framework/web/widgets/COutputProcessor.php(44): CContentDecorator->processOutput('<div id="conten...')
#6 /home4/colinfle/YiiRoot1.1.13/framework/web/CBaseController.php(206): COutputProcessor->run()
#7 /home4/colinfle/YiiRoot1.1.13/framework/web/CBaseController.php(300): CBaseController->endWidget('CContentDecorat...')
#8 /home4/colinfle/public_html/ragsblinddraw.com/protected/views/layouts/column1.php(6): CBaseController->endContent()
#9 /home4/colinfle/YiiRoot1.1.13/framework/web/CBaseController.php(126): require('/home4/colinfle...')
#10 /home4/colinfle/YiiRoot1.1.13/framework/web/CBaseController.php(95): CBaseController->renderInternal('/home4/colinfle...', Array, true)
#11 /home4/colinfle/YiiRoot1.1.13/framework/web/CController.php(784): CBaseController->renderFile('/home4/colinfle...', Array, true)
#12 /home4/colinfle/public_html/ragsblinddraw.com/protected/controllers/SiteController.php(98): CController->render('login', Array)
#13 /home4/colinfle/YiiRoot1.1.13/framework/web/actions/CInlineAction.php(49): SiteController->actionLogin()
#14 /home4/colinfle/YiiRoot1.1.13/framework/web/CController.php(308): CInlineAction->runWithParams(Array)
#15 /home4/colinfle/YiiRoot1.1.13/framework/web/CController.php(286): CController->runAction(Object(CInlineAction))
#16 /home4/colinfle/YiiRoot1.1.13/framework/web/CController.php(265): CController->runActionWithFilters(Object(CInlineAction), Array)
#17 /home4/colinfle/YiiRoot1.1.13/framework/web/CWebApplication.php(282): CController->run('login')
#18 /home4/colinfle/YiiRoot1.1.13/framework/web/CWebApplication.php(141): CWebApplication->runController('site/login')
#19 /home4/colinfle/YiiRoot1.1.13/framework/base/CApplication.php(169): CWebApplication->processRequest()
#20 /home4/colinfle/public_html/ragsblinddraw.com/index.php(13): CApplication->run()
#21 {main}
REQUEST_URI=/login
HTTP_REFERER=http://ragsblinddraw.com/
---
2014/05/24 18:15:07 [error] [exception.CException] exception 'CException' with message 'SiteController cannot find the requested view "webroot.themes.raggedy_annes.views.partials.navbar".' in /home4/colinfle/YiiRoot1.1.13/framework/web/CController.php:878
Stack trace:
#0 /home4/colinfle/public_html/ragsblinddraw.com/themes/raggedy_anne/views/layouts/main.php(22): CController->renderPartial('webroot.themes....')
#1 /home4/colinfle/YiiRoot1.1.13/framework/web/CBaseController.php(126): require('/home4/colinfle...')
#2 /home4/colinfle/YiiRoot1.1.13/framework/web/CBaseController.php(95): CBaseController->renderInternal('/home4/colinfle...', Array, true)
#3 /home4/colinfle/YiiRoot1.1.13/framework/web/widgets/CContentDecorator.php(76): CBaseController->renderFile('/home4/colinfle...', Array, true)
#4 /home4/colinfle/YiiRoot1.1.13/framework/web/widgets/CContentDecorator.php(54): CContentDecorator->decorate('<div id="conten...')
#5 /home4/colinfle/YiiRoot1.1.13/framework/web/widgets/COutputProcessor.php(44): CContentDecorator->processOutput('<div id="conten...')
#6 /home4/colinfle/YiiRoot1.1.13/framework/web/CBaseController.php(206): COutputProcessor->run()
#7 /home4/colinfle/YiiRoot1.1.13/framework/web/CBaseController.php(300): CBaseController->endWidget('CContentDecorat...')
#8 /home4/colinfle/public_html/ragsblinddraw.com/protected/views/layouts/column1.php(6): CBaseController->endContent()
#9 /home4/colinfle/YiiRoot1.1.13/framework/web/CBaseController.php(126): require('/home4/colinfle...')
#10 /home4/colinfle/YiiRoot1.1.13/framework/web/CBaseController.php(95): CBaseController->renderInternal('/home4/colinfle...', Array, true)
#11 /home4/colinfle/YiiRoot1.1.13/framework/web/CController.php(784): CBaseController->renderFile('/home4/colinfle...', Array, true)
#12 /home4/colinfle/public_html/ragsblinddraw.com/protected/controllers/SiteController.php(98): CController->render('login', Array)
#13 /home4/colinfle/YiiRoot1.1.13/framework/web/actions/CInlineAction.php(49): SiteController->actionLogin()
#14 /home4/colinfle/YiiRoot1.1.13/framework/web/CController.php(308): CInlineAction->runWithParams(Array)
#15 /home4/colinfle/YiiRoot1.1.13/framework/web/CController.php(286): CController->runAction(Object(CInlineAction))
#16 /home4/colinfle/YiiRoot1.1.13/framework/web/CController.php(265): CController->runActionWithFilters(Object(CInlineAction), Array)
#17 /home4/colinfle/YiiRoot1.1.13/framework/web/CWebApplication.php(282): CController->run('login')
#18 /home4/colinfle/YiiRoot1.1.13/framework/web/CWebApplication.php(141): CWebApplication->runController('site/login')
#19 /home4/colinfle/YiiRoot1.1.13/framework/base/CApplication.php(169): CWebApplication->processRequest()
#20 /home4/colinfle/public_html/ragsblinddraw.com/index.php(13): CApplication->run()
#21 {main}
REQUEST_URI=/login
HTTP_REFERER=http://ragsblinddraw.com/
---
2014/05/24 18:17:09 [error] [exception.CException] exception 'CException' with message 'SiteController cannot find the requested view "webroot.themes.raggedy_anne.views.partials.navbar".' in /home4/colinfle/YiiRoot1.1.13/framework/web/CController.php:878
Stack trace:
#0 /home4/colinfle/public_html/ragsblinddraw.com/themes/raggedy_anne/views/layouts/main.php(22): CController->renderPartial('webroot.themes....')
#1 /home4/colinfle/YiiRoot1.1.13/framework/web/CBaseController.php(126): require('/home4/colinfle...')
#2 /home4/colinfle/YiiRoot1.1.13/framework/web/CBaseController.php(95): CBaseController->renderInternal('/home4/colinfle...', Array, true)
#3 /home4/colinfle/YiiRoot1.1.13/framework/web/widgets/CContentDecorator.php(76): CBaseController->renderFile('/home4/colinfle...', Array, true)
#4 /home4/colinfle/YiiRoot1.1.13/framework/web/widgets/CContentDecorator.php(54): CContentDecorator->decorate('<div id="conten...')
#5 /home4/colinfle/YiiRoot1.1.13/framework/web/widgets/COutputProcessor.php(44): CContentDecorator->processOutput('<div id="conten...')
#6 /home4/colinfle/YiiRoot1.1.13/framework/web/CBaseController.php(206): COutputProcessor->run()
#7 /home4/colinfle/YiiRoot1.1.13/framework/web/CBaseController.php(300): CBaseController->endWidget('CContentDecorat...')
#8 /home4/colinfle/public_html/ragsblinddraw.com/protected/views/layouts/column1.php(6): CBaseController->endContent()
#9 /home4/colinfle/YiiRoot1.1.13/framework/web/CBaseController.php(126): require('/home4/colinfle...')
#10 /home4/colinfle/YiiRoot1.1.13/framework/web/CBaseController.php(95): CBaseController->renderInternal('/home4/colinfle...', Array, true)
#11 /home4/colinfle/YiiRoot1.1.13/framework/web/CController.php(784): CBaseController->renderFile('/home4/colinfle...', Array, true)
#12 /home4/colinfle/public_html/ragsblinddraw.com/protected/controllers/SiteController.php(98): CController->render('login', Array)
#13 /home4/colinfle/YiiRoot1.1.13/framework/web/actions/CInlineAction.php(49): SiteController->actionLogin()
#14 /home4/colinfle/YiiRoot1.1.13/framework/web/CController.php(308): CInlineAction->runWithParams(Array)
#15 /home4/colinfle/YiiRoot1.1.13/framework/web/CController.php(286): CController->runAction(Object(CInlineAction))
#16 /home4/colinfle/YiiRoot1.1.13/framework/web/CController.php(265): CController->runActionWithFilters(Object(CInlineAction), Array)
#17 /home4/colinfle/YiiRoot1.1.13/framework/web/CWebApplication.php(282): CController->run('login')
#18 /home4/colinfle/YiiRoot1.1.13/framework/web/CWebApplication.php(141): CWebApplication->runController('site/login')
#19 /home4/colinfle/YiiRoot1.1.13/framework/base/CApplication.php(169): CWebApplication->processRequest()
#20 /home4/colinfle/public_html/ragsblinddraw.com/index.php(13): CApplication->run()
#21 {main}
REQUEST_URI=/login
HTTP_REFERER=http://ragsblinddraw.com/
---
2014/05/24 18:17:28 [error] [exception.CHttpException.404] exception 'CHttpException' with message 'Unable to resolve the request "themes/raggedy_anne/css/main.css".' in /home4/colinfle/YiiRoot1.1.13/framework/web/CWebApplication.php:286
Stack trace:
#0 /home4/colinfle/YiiRoot1.1.13/framework/web/CWebApplication.php(141): CWebApplication->runController('themes/raggedy_...')
#1 /home4/colinfle/YiiRoot1.1.13/framework/base/CApplication.php(169): CWebApplication->processRequest()
#2 /home4/colinfle/public_html/ragsblinddraw.com/index.php(13): CApplication->run()
#3 {main}
REQUEST_URI=/themes/raggedy_anne/css/main.css
HTTP_REFERER=http://ragsblinddraw.com/login
---
2014/05/24 18:17:30 [error] [exception.CHttpException.404] exception 'CHttpException' with message 'Unable to resolve the request "images/favicon.ico".' in /home4/colinfle/YiiRoot1.1.13/framework/web/CWebApplication.php:286
Stack trace:
#0 /home4/colinfle/YiiRoot1.1.13/framework/web/CWebApplication.php(141): CWebApplication->runController('images/favicon....')
#1 /home4/colinfle/YiiRoot1.1.13/framework/base/CApplication.php(169): CWebApplication->processRequest()
#2 /home4/colinfle/public_html/ragsblinddraw.com/index.php(13): CApplication->run()
#3 {main}
REQUEST_URI=/images/favicon.ico
---
2014/05/24 18:19:38 [error] [exception.CHttpException.404] exception 'CHttpException' with message 'Unable to resolve the request "themes/raggedy_anne/css/main.css".' in /home4/colinfle/YiiRoot1.1.13/framework/web/CWebApplication.php:286
Stack trace:
#0 /home4/colinfle/YiiRoot1.1.13/framework/web/CWebApplication.php(141): CWebApplication->runController('themes/raggedy_...')
#1 /home4/colinfle/YiiRoot1.1.13/framework/base/CApplication.php(169): CWebApplication->processRequest()
#2 /home4/colinfle/public_html/ragsblinddraw.com/index.php(13): CApplication->run()
#3 {main}
REQUEST_URI=/themes/raggedy_anne/css/main.css
HTTP_REFERER=http://ragsblinddraw.com/login
---
2014/05/24 18:31:52 [error] [exception.CHttpException.404] exception 'CHttpException' with message 'Unable to resolve the request "themes/raggedy_anne/css/main.css".' in /home4/colinfle/YiiRoot1.1.13/framework/web/CWebApplication.php:286
Stack trace:
#0 /home4/colinfle/YiiRoot1.1.13/framework/web/CWebApplication.php(141): CWebApplication->runController('themes/raggedy_...')
#1 /home4/colinfle/YiiRoot1.1.13/framework/base/CApplication.php(169): CWebApplication->processRequest()
#2 /home4/colinfle/public_html/ragsblinddraw.com/index.php(13): CApplication->run()
#3 {main}
REQUEST_URI=/themes/raggedy_anne/css/main.css
HTTP_REFERER=http://ragsblinddraw.com/login
---
2014/05/24 18:35:35 [error] [exception.CException] exception 'CException' with message 'Property "SiteController.page_header" is not defined.' in /home4/colinfle/YiiRoot1.1.13/framework/base/CComponent.php:173
Stack trace:
#0 /home4/colinfle/public_html/ragsblinddraw.com/protected/views/site/login.php(7): CComponent->__set('page_header', 'Login')
#1 /home4/colinfle/YiiRoot1.1.13/framework/web/CBaseController.php(126): require('/home4/colinfle...')
#2 /home4/colinfle/YiiRoot1.1.13/framework/web/CBaseController.php(95): CBaseController->renderInternal('/home4/colinfle...', Array, true)
#3 /home4/colinfle/YiiRoot1.1.13/framework/web/CController.php(869): CBaseController->renderFile('/home4/colinfle...', Array, true)
#4 /home4/colinfle/YiiRoot1.1.13/framework/web/CController.php(782): CController->renderPartial('login', Array, true)
#5 /home4/colinfle/public_html/ragsblinddraw.com/protected/controllers/SiteController.php(98): CController->render('login', Array)
#6 /home4/colinfle/YiiRoot1.1.13/framework/web/actions/CInlineAction.php(49): SiteController->actionLogin()
#7 /home4/colinfle/YiiRoot1.1.13/framework/web/CController.php(308): CInlineAction->runWithParams(Array)
#8 /home4/colinfle/YiiRoot1.1.13/framework/web/CController.php(286): CController->runAction(Object(CInlineAction))
#9 /home4/colinfle/YiiRoot1.1.13/framework/web/CController.php(265): CController->runActionWithFilters(Object(CInlineAction), Array)
#10 /home4/colinfle/YiiRoot1.1.13/framework/web/CWebApplication.php(282): CController->run('login')
#11 /home4/colinfle/YiiRoot1.1.13/framework/web/CWebApplication.php(141): CWebApplication->runController('site/login')
#12 /home4/colinfle/YiiRoot1.1.13/framework/base/CApplication.php(169): CWebApplication->processRequest()
#13 /home4/colinfle/public_html/ragsblinddraw.com/index.php(13): CApplication->run()
#14 {main}
REQUEST_URI=/login
HTTP_REFERER=http://ragsblinddraw.com/
---
2014/05/24 18:37:02 [error] [exception.CHttpException.404] exception 'CHttpException' with message 'Unable to resolve the request "themes/raggedy_anne/css/main.css".' in /home4/colinfle/YiiRoot1.1.13/framework/web/CWebApplication.php:286
Stack trace:
#0 /home4/colinfle/YiiRoot1.1.13/framework/web/CWebApplication.php(141): CWebApplication->runController('themes/raggedy_...')
#1 /home4/colinfle/YiiRoot1.1.13/framework/base/CApplication.php(169): CWebApplication->processRequest()
#2 /home4/colinfle/public_html/ragsblinddraw.com/index.php(13): CApplication->run()
#3 {main}
REQUEST_URI=/themes/raggedy_anne/css/main.css
HTTP_REFERER=http://ragsblinddraw.com/login
---
2014/05/24 18:38:41 [error] [exception.CException] exception 'CException' with message 'SiteController cannot find the requested view "webroot.themes.raggedy_anne.views.partials.navbar".' in /home4/colinfle/YiiRoot1.1.13/framework/web/CController.php:878
Stack trace:
#0 /home4/colinfle/public_html/ragsblinddraw.com/themes/raggedy_anne/views/layouts/main.php(22): CController->renderPartial('webroot.themes....')
#1 /home4/colinfle/YiiRoot1.1.13/framework/web/CBaseController.php(126): require('/home4/colinfle...')
#2 /home4/colinfle/YiiRoot1.1.13/framework/web/CBaseController.php(95): CBaseController->renderInternal('/home4/colinfle...', Array, true)
#3 /home4/colinfle/YiiRoot1.1.13/framework/web/widgets/CContentDecorator.php(76): CBaseController->renderFile('/home4/colinfle...', Array, true)
#4 /home4/colinfle/YiiRoot1.1.13/framework/web/widgets/CContentDecorator.php(54): CContentDecorator->decorate('<div id="conten...')
#5 /home4/colinfle/YiiRoot1.1.13/framework/web/widgets/COutputProcessor.php(44): CContentDecorator->processOutput('<div id="conten...')
#6 /home4/colinfle/YiiRoot1.1.13/framework/web/CBaseController.php(206): COutputProcessor->run()
#7 /home4/colinfle/YiiRoot1.1.13/framework/web/CBaseController.php(300): CBaseController->endWidget('CContentDecorat...')
#8 /home4/colinfle/public_html/ragsblinddraw.com/protected/views/layouts/column1.php(6): CBaseController->endContent()
#9 /home4/colinfle/YiiRoot1.1.13/framework/web/CBaseController.php(126): require('/home4/colinfle...')
#10 /home4/colinfle/YiiRoot1.1.13/framework/web/CBaseController.php(95): CBaseController->renderInternal('/home4/colinfle...', Array, true)
#11 /home4/colinfle/YiiRoot1.1.13/framework/web/CController.php(784): CBaseController->renderFile('/home4/colinfle...', Array, true)
#12 /home4/colinfle/public_html/ragsblinddraw.com/protected/controllers/SiteController.php(98): CController->render('login', Array)
#13 /home4/colinfle/YiiRoot1.1.13/framework/web/actions/CInlineAction.php(49): SiteController->actionLogin()
#14 /home4/colinfle/YiiRoot1.1.13/framework/web/CController.php(308): CInlineAction->runWithParams(Array)
#15 /home4/colinfle/YiiRoot1.1.13/framework/web/CController.php(286): CController->runAction(Object(CInlineAction))
#16 /home4/colinfle/YiiRoot1.1.13/framework/web/CController.php(265): CController->runActionWithFilters(Object(CInlineAction), Array)
#17 /home4/colinfle/YiiRoot1.1.13/framework/web/CWebApplication.php(282): CController->run('login')
#18 /home4/colinfle/YiiRoot1.1.13/framework/web/CWebApplication.php(141): CWebApplication->runController('site/login')
#19 /home4/colinfle/YiiRoot1.1.13/framework/base/CApplication.php(169): CWebApplication->processRequest()
#20 /home4/colinfle/public_html/ragsblinddraw.com/index.php(13): CApplication->run()
#21 {main}
REQUEST_URI=/login
HTTP_REFERER=http://ragsblinddraw.com/
---
2014/05/24 18:40:04 [error] [exception.CException] exception 'CException' with message 'SiteController cannot find the requested view "webroot.themes.raggedy_anne.views.partials.navbar".' in /home4/colinfle/YiiRoot1.1.13/framework/web/CController.php:878
Stack trace:
#0 /home4/colinfle/public_html/ragsblinddraw.com/themes/raggedy_anne/views/layouts/main.php(22): CController->renderPartial('webroot.themes....')
#1 /home4/colinfle/YiiRoot1.1.13/framework/web/CBaseController.php(126): require('/home4/colinfle...')
#2 /home4/colinfle/YiiRoot1.1.13/framework/web/CBaseController.php(95): CBaseController->renderInternal('/home4/colinfle...', Array, true)
#3 /home4/colinfle/YiiRoot1.1.13/framework/web/widgets/CContentDecorator.php(76): CBaseController->renderFile('/home4/colinfle...', Array, true)
#4 /home4/colinfle/YiiRoot1.1.13/framework/web/widgets/CContentDecorator.php(54): CContentDecorator->decorate('<div id="conten...')
#5 /home4/colinfle/YiiRoot1.1.13/framework/web/widgets/COutputProcessor.php(44): CContentDecorator->processOutput('<div id="conten...')
#6 /home4/colinfle/YiiRoot1.1.13/framework/web/CBaseController.php(206): COutputProcessor->run()
#7 /home4/colinfle/YiiRoot1.1.13/framework/web/CBaseController.php(300): CBaseController->endWidget('CContentDecorat...')
#8 /home4/colinfle/public_html/ragsblinddraw.com/protected/views/layouts/column1.php(6): CBaseController->endContent()
#9 /home4/colinfle/YiiRoot1.1.13/framework/web/CBaseController.php(126): require('/home4/colinfle...')
#10 /home4/colinfle/YiiRoot1.1.13/framework/web/CBaseController.php(95): CBaseController->renderInternal('/home4/colinfle...', Array, true)
#11 /home4/colinfle/YiiRoot1.1.13/framework/web/CController.php(784): CBaseController->renderFile('/home4/colinfle...', Array, true)
#12 /home4/colinfle/public_html/ragsblinddraw.com/protected/controllers/SiteController.php(98): CController->render('login', Array)
#13 /home4/colinfle/YiiRoot1.1.13/framework/web/actions/CInlineAction.php(49): SiteController->actionLogin()
#14 /home4/colinfle/YiiRoot1.1.13/framework/web/CController.php(308): CInlineAction->runWithParams(Array)
#15 /home4/colinfle/YiiRoot1.1.13/framework/web/CController.php(286): CController->runAction(Object(CInlineAction))
#16 /home4/colinfle/YiiRoot1.1.13/framework/web/CController.php(265): CController->runActionWithFilters(Object(CInlineAction), Array)
#17 /home4/colinfle/YiiRoot1.1.13/framework/web/CWebApplication.php(282): CController->run('login')
#18 /home4/colinfle/YiiRoot1.1.13/framework/web/CWebApplication.php(141): CWebApplication->runController('site/login')
#19 /home4/colinfle/YiiRoot1.1.13/framework/base/CApplication.php(169): CWebApplication->processRequest()
#20 /home4/colinfle/public_html/ragsblinddraw.com/index.php(13): CApplication->run()
#21 {main}
REQUEST_URI=/login
HTTP_REFERER=http://ragsblinddraw.com/
---
2014/05/24 18:42:35 [error] [exception.CHttpException.404] exception 'CHttpException' with message 'Unable to resolve the request "themes/raggedy_anne/css/main.css".' in /home4/colinfle/YiiRoot1.1.13/framework/web/CWebApplication.php:286
Stack trace:
#0 /home4/colinfle/YiiRoot1.1.13/framework/web/CWebApplication.php(141): CWebApplication->runController('themes/raggedy_...')
#1 /home4/colinfle/YiiRoot1.1.13/framework/base/CApplication.php(169): CWebApplication->processRequest()
#2 /home4/colinfle/public_html/ragsblinddraw.com/index.php(13): CApplication->run()
#3 {main}
REQUEST_URI=/themes/raggedy_anne/css/main.css
HTTP_REFERER=http://ragsblinddraw.com/login
---
2014/05/24 18:54:13 [error] [exception.CHttpException.404] exception 'CHttpException' with message 'Unable to resolve the request "images/cross_scratches.png".' in /home4/colinfle/YiiRoot1.1.13/framework/web/CWebApplication.php:286
Stack trace:
#0 /home4/colinfle/YiiRoot1.1.13/framework/web/CWebApplication.php(141): CWebApplication->runController('images/cross_sc...')
#1 /home4/colinfle/YiiRoot1.1.13/framework/base/CApplication.php(169): CWebApplication->processRequest()
#2 /home4/colinfle/public_html/ragsblinddraw.com/index.php(13): CApplication->run()
#3 {main}
REQUEST_URI=/images/cross_scratches.png
HTTP_REFERER=http://ragsblinddraw.com/login
---
2014/05/24 18:57:24 [error] [exception.CHttpException.404] exception 'CHttpException' with message 'Unable to resolve the request "images/favicon.ico".' in /home4/colinfle/YiiRoot1.1.13/framework/web/CWebApplication.php:286
Stack trace:
#0 /home4/colinfle/YiiRoot1.1.13/framework/web/CWebApplication.php(141): CWebApplication->runController('images/favicon....')
#1 /home4/colinfle/YiiRoot1.1.13/framework/base/CApplication.php(169): CWebApplication->processRequest()
#2 /home4/colinfle/public_html/ragsblinddraw.com/index.php(13): CApplication->run()
#3 {main}
REQUEST_URI=/images/favicon.ico
---
2014/05/24 20:10:18 [error] [exception.CHttpException.404] exception 'CHttpException' with message 'Unable to resolve the request "images/favicon.ico".' in /home4/colinfle/YiiRoot1.1.13/framework/web/CWebApplication.php:286
Stack trace:
#0 /home4/colinfle/YiiRoot1.1.13/framework/web/CWebApplication.php(141): CWebApplication->runController('images/favicon....')
#1 /home4/colinfle/YiiRoot1.1.13/framework/base/CApplication.php(169): CWebApplication->processRequest()
#2 /home4/colinfle/public_html/ragsblinddraw.com/index.php(13): CApplication->run()
#3 {main}
REQUEST_URI=/images/favicon.ico
HTTP_REFERER=http://ragsblinddraw.com/login
---
2014/05/24 20:41:38 [error] [exception.CException] exception 'CException' with message 'User and its behaviors do not have a method or closure named "validatePassword".' in /home4/colinfle/YiiRoot1.1.13/framework/base/CComponent.php:265
Stack trace:
#0 /home4/colinfle/YiiRoot1.1.13/framework/db/ar/CActiveRecord.php(225): CComponent->__call('validatePasswor...', Array)
#1 /home4/colinfle/public_html/ragsblinddraw.com/protected/components/UserIdentity.php(29): CActiveRecord->__call('validatePasswor...', Array)
#2 /home4/colinfle/public_html/ragsblinddraw.com/protected/components/UserIdentity.php(29): User->validatePassword('robyn35')
#3 /home4/colinfle/public_html/ragsblinddraw.com/protected/models/LoginForm.php(53): UserIdentity->authenticate()
#4 /home4/colinfle/YiiRoot1.1.13/framework/validators/CInlineValidator.php(42): LoginForm->authenticate('password', Array)
#5 /home4/colinfle/YiiRoot1.1.13/framework/validators/CValidator.php(213): CInlineValidator->validateAttribute(Object(LoginForm), 'password')
#6 /home4/colinfle/YiiRoot1.1.13/framework/base/CModel.php(159): CValidator->validate(Object(LoginForm), NULL)
#7 /home4/colinfle/public_html/ragsblinddraw.com/protected/controllers/SiteController.php(94): CModel->validate()
#8 /home4/colinfle/YiiRoot1.1.13/framework/web/actions/CInlineAction.php(49): SiteController->actionLogin()
#9 /home4/colinfle/YiiRoot1.1.13/framework/web/CController.php(308): CInlineAction->runWithParams(Array)
#10 /home4/colinfle/YiiRoot1.1.13/framework/web/CController.php(286): CController->runAction(Object(CInlineAction))
#11 /home4/colinfle/YiiRoot1.1.13/framework/web/CController.php(265): CController->runActionWithFilters(Object(CInlineAction), Array)
#12 /home4/colinfle/YiiRoot1.1.13/framework/web/CWebApplication.php(282): CController->run('login')
#13 /home4/colinfle/YiiRoot1.1.13/framework/web/CWebApplication.php(141): CWebApplication->runController('site/login')
#14 /home4/colinfle/YiiRoot1.1.13/framework/base/CApplication.php(169): CWebApplication->processRequest()
#15 /home4/colinfle/public_html/ragsblinddraw.com/index.php(13): CApplication->run()
#16 {main}
REQUEST_URI=/login
HTTP_REFERER=http://ragsblinddraw.com/login
---
2014/05/24 20:47:16 [error] [exception.CException] exception 'CException' with message 'User and its behaviors do not have a method or closure named "validatePassword".' in /home4/colinfle/YiiRoot1.1.13/framework/base/CComponent.php:265
Stack trace:
#0 /home4/colinfle/YiiRoot1.1.13/framework/db/ar/CActiveRecord.php(225): CComponent->__call('validatePasswor...', Array)
#1 /home4/colinfle/public_html/ragsblinddraw.com/protected/components/UserIdentity.php(29): CActiveRecord->__call('validatePasswor...', Array)
#2 /home4/colinfle/public_html/ragsblinddraw.com/protected/components/UserIdentity.php(29): User->validatePassword('robyn35')
#3 /home4/colinfle/public_html/ragsblinddraw.com/protected/models/LoginForm.php(53): UserIdentity->authenticate()
#4 /home4/colinfle/YiiRoot1.1.13/framework/validators/CInlineValidator.php(42): LoginForm->authenticate('password', Array)
#5 /home4/colinfle/YiiRoot1.1.13/framework/validators/CValidator.php(213): CInlineValidator->validateAttribute(Object(LoginForm), 'password')
#6 /home4/colinfle/YiiRoot1.1.13/framework/base/CModel.php(159): CValidator->validate(Object(LoginForm), NULL)
#7 /home4/colinfle/public_html/ragsblinddraw.com/protected/controllers/SiteController.php(94): CModel->validate()
#8 /home4/colinfle/YiiRoot1.1.13/framework/web/actions/CInlineAction.php(49): SiteController->actionLogin()
#9 /home4/colinfle/YiiRoot1.1.13/framework/web/CController.php(308): CInlineAction->runWithParams(Array)
#10 /home4/colinfle/YiiRoot1.1.13/framework/web/CController.php(286): CController->runAction(Object(CInlineAction))
#11 /home4/colinfle/YiiRoot1.1.13/framework/web/CController.php(265): CController->runActionWithFilters(Object(CInlineAction), Array)
#12 /home4/colinfle/YiiRoot1.1.13/framework/web/CWebApplication.php(282): CController->run('login')
#13 /home4/colinfle/YiiRoot1.1.13/framework/web/CWebApplication.php(141): CWebApplication->runController('site/login')
#14 /home4/colinfle/YiiRoot1.1.13/framework/base/CApplication.php(169): CWebApplication->processRequest()
#15 /home4/colinfle/public_html/ragsblinddraw.com/index.php(13): CApplication->run()
#16 {main}
REQUEST_URI=/login
HTTP_REFERER=http://ragsblinddraw.com/login
---
2014/05/24 20:49:05 [error] [exception.CException] exception 'CException' with message 'User and its behaviors do not have a method or closure named "validatePassword".' in /home4/colinfle/YiiRoot1.1.13/framework/base/CComponent.php:265
Stack trace:
#0 /home4/colinfle/YiiRoot1.1.13/framework/db/ar/CActiveRecord.php(225): CComponent->__call('validatePasswor...', Array)
#1 /home4/colinfle/public_html/ragsblinddraw.com/protected/components/UserIdentity.php(31): CActiveRecord->__call('validatePasswor...', Array)
#2 /home4/colinfle/public_html/ragsblinddraw.com/protected/components/UserIdentity.php(31): User->validatePassword('robyn35')
#3 /home4/colinfle/public_html/ragsblinddraw.com/protected/models/LoginForm.php(53): UserIdentity->authenticate()
#4 /home4/colinfle/YiiRoot1.1.13/framework/validators/CInlineValidator.php(42): LoginForm->authenticate('password', Array)
#5 /home4/colinfle/YiiRoot1.1.13/framework/validators/CValidator.php(213): CInlineValidator->validateAttribute(Object(LoginForm), 'password')
#6 /home4/colinfle/YiiRoot1.1.13/framework/base/CModel.php(159): CValidator->validate(Object(LoginForm), NULL)
#7 /home4/colinfle/public_html/ragsblinddraw.com/protected/controllers/SiteController.php(94): CModel->validate()
#8 /home4/colinfle/YiiRoot1.1.13/framework/web/actions/CInlineAction.php(49): SiteController->actionLogin()
#9 /home4/colinfle/YiiRoot1.1.13/framework/web/CController.php(308): CInlineAction->runWithParams(Array)
#10 /home4/colinfle/YiiRoot1.1.13/framework/web/CController.php(286): CController->runAction(Object(CInlineAction))
#11 /home4/colinfle/YiiRoot1.1.13/framework/web/CController.php(265): CController->runActionWithFilters(Object(CInlineAction), Array)
#12 /home4/colinfle/YiiRoot1.1.13/framework/web/CWebApplication.php(282): CController->run('login')
#13 /home4/colinfle/YiiRoot1.1.13/framework/web/CWebApplication.php(141): CWebApplication->runController('site/login')
#14 /home4/colinfle/YiiRoot1.1.13/framework/base/CApplication.php(169): CWebApplication->processRequest()
#15 /home4/colinfle/public_html/ragsblinddraw.com/index.php(13): CApplication->run()
#16 {main}
REQUEST_URI=/login
HTTP_REFERER=http://ragsblinddraw.com/login
---
2014/05/24 20:54:23 [error] [php] session_regenerate_id() [<a href='function.session-regenerate-id'>function.session-regenerate-id</a>]: Cannot regenerate session id - headers already sent (/home4/colinfle/YiiRoot1.1.13/framework/web/CHttpSession.php:185)
Stack trace:
#0 /home4/colinfle/YiiRoot1.1.13/framework/web/auth/CWebUser.php(227): EWebUser->changeIdentity()
#1 /home4/colinfle/public_html/ragsblinddraw.com/protected/models/LoginForm.php(72): EWebUser->login()
#2 /home4/colinfle/public_html/ragsblinddraw.com/protected/controllers/SiteController.php(94): LoginForm->login()
#3 /home4/colinfle/YiiRoot1.1.13/framework/web/actions/CInlineAction.php(49): SiteController->actionLogin()
#4 /home4/colinfle/YiiRoot1.1.13/framework/web/CController.php(308): CInlineAction->runWithParams()
#5 /home4/colinfle/YiiRoot1.1.13/framework/web/CController.php(286): SiteController->runAction()
#6 /home4/colinfle/YiiRoot1.1.13/framework/web/CController.php(265): SiteController->runActionWithFilters()
#7 /home4/colinfle/YiiRoot1.1.13/framework/web/CWebApplication.php(282): SiteController->run()
#8 /home4/colinfle/YiiRoot1.1.13/framework/web/CWebApplication.php(141): CWebApplication->runController()
#9 /home4/colinfle/YiiRoot1.1.13/framework/base/CApplication.php(169): CWebApplication->processRequest()
#10 /home4/colinfle/public_html/ragsblinddraw.com/index.php(13): CWebApplication->run()
REQUEST_URI=/login
in /home4/colinfle/public_html/ragsblinddraw.com/protected/models/LoginForm.php (72)
in /home4/colinfle/public_html/ragsblinddraw.com/protected/controllers/SiteController.php (94)
in /home4/colinfle/public_html/ragsblinddraw.com/index.php (13)
