2014/05/28 02:58:07 [error] [exception.CHttpException.404] exception 'CHttpException' with message 'Unable to resolve the request "robots.txt".' in /home4/colinfle/YiiRoot1.1.13/framework/web/CWebApplication.php:286
Stack trace:
#0 /home4/colinfle/YiiRoot1.1.13/framework/web/CWebApplication.php(141): CWebApplication->runController('robots.txt')
#1 /home4/colinfle/YiiRoot1.1.13/framework/base/CApplication.php(169): CWebApplication->processRequest()
#2 /home4/colinfle/public_html/ragsblinddraw.com/index.php(13): CApplication->run()
#3 {main}
REQUEST_URI=/robots.txt
---
2014/05/28 07:15:19 [error] [php] call_user_func_array() [<a href='function.call-user-func-array'>function.call-user-func-array</a>]: First argument is expected to be a valid callback, '' was given (/home4/colinfle/YiiRoot1.1.13/framework/base/CComponent.php:611)
Stack trace:
#0 /home4/colinfle/YiiRoot1.1.13/framework/zii/widgets/grid/CButtonColumn.php(295): TbButtonColumn->renderButton()
#1 /home4/colinfle/YiiRoot1.1.13/framework/zii/widgets/grid/CGridColumn.php(144): TbButtonColumn->renderDataCellContent()
#2 /home4/colinfle/YiiRoot1.1.13/framework/zii/widgets/grid/CGridView.php(589): TbButtonColumn->renderDataCell()
#3 /home4/colinfle/YiiRoot1.1.13/framework/zii/widgets/grid/CGridView.php(545): TbGridView->renderTableRow()
#4 /home4/colinfle/YiiRoot1.1.13/framework/zii/widgets/grid/CGridView.php(455): TbGridView->renderTableBody()
#5 /home4/colinfle/YiiRoot1.1.13/framework/zii/widgets/CBaseListView.php(160): TbGridView->renderItems()
#6 unknown(0): TbGridView->renderSection()
#7 /home4/colinfle/YiiRoot1.1.13/framework/zii/widgets/CBaseListView.php(143): preg_replace_callback()
#8 /home4/colinfle/YiiRoot1.1.13/framework/zii/widgets/CBaseListView.php(128): TbGridView->renderContent()
#9 /home4/colinfle/YiiRoot1.1.13/framework/web/CBaseController.php(173): TbGridView->run()
#10 /home4/colinfle/public_html/ragsblinddraw.com/protected/modules/director/views/tournament/index.php(38): TournamentController->widget()
#11 /home4/colinfle/YiiRoot1.1.13/framework/web/CBaseController.php(126): require()
#12 /home4/colinfle/YiiRoot1.1.13/framework/web/CBaseController.php(95): TournamentController->renderInternal()
#13 /home4/colinfle/YiiRoot1.1.13/framework/web/CController.php(869): TournamentController->renderFile()
#14 /home4/colinfle/YiiRoot1.1.13/framework/web/CController.php(782): TournamentController->renderPartial()
#15 /home4/colinfle/public_html/ragsblinddraw.com/protected/modules/director/controllers/TournamentController.php(145): TournamentController->render()
#16 /home4/colinfle/YiiRoot1.1.13/framework/web/actions/CInlineAction.php(49): TournamentController->actionIndex()
#17 /home4/colinfle/YiiRoot1.1.13/framework/web/CController.php(308): CInlineAction->runWithParams()
#18 /home4/colinfle/YiiRoot1.1.13/framework/web/filters/CFilterChain.php(133): TournamentController->runAction()
#19 /home4/colinfle/YiiRoot1.1.13/framework/web/filters/CFilter.php(40): CFilterChain->run()
#20 /home4/colinfle/YiiRoot1.1.13/framework/web/CController.php(1145): CAccessControlFilter->filter()
#21 /home4/colinfle/YiiRoot1.1.13/framework/web/filters/CInlineFilter.php(58): TournamentController->filterAccessControl()
#22 /home4/colinfle/YiiRoot1.1.13/framework/web/filters/CFilterChain.php(130): CInlineFilter->filter()
#23 /home4/colinfle/YiiRoot1.1.13/framework/web/CController.php(291): CFilterChain->run()
#24 /home4/colinfle/YiiRoot1.1.13/framework/web/CController.php(265): TournamentController->runActionWithFilters()
#25 /home4/colinfle/YiiRoot1.1.13/framework/web/CWebApplication.php(282): TournamentController->run()
#26 /home4/colinfle/YiiRoot1.1.13/framework/web/CWebApplication.php(141): CWebApplication->runController()
#27 /home4/colinfle/YiiRoot1.1.13/framework/base/CApplication.php(169): CWebApplication->processRequest()
#28 /home4/colinfle/public_html/ragsblinddraw.com/index.php(13): CWebApplication->run()
REQUEST_URI=/director/tournament/index
in /home4/colinfle/public_html/ragsblinddraw.com/protected/extensions/bootstrap/widgets/TbButtonColumn.php (56)
in /home4/colinfle/public_html/ragsblinddraw.com/protected/modules/director/views/tournament/index.php (38)
in /home4/colinfle/public_html/ragsblinddraw.com/protected/modules/director/controllers/TournamentController.php (145)
2014/05/28 07:19:34 [error] [php] call_user_func_array() [<a href='function.call-user-func-array'>function.call-user-func-array</a>]: First argument is expected to be a valid callback, '' was given (/home4/colinfle/YiiRoot1.1.13/framework/base/CComponent.php:611)
Stack trace:
#0 /home4/colinfle/YiiRoot1.1.13/framework/zii/widgets/grid/CButtonColumn.php(295): TbButtonColumn->renderButton()
#1 /home4/colinfle/YiiRoot1.1.13/framework/zii/widgets/grid/CGridColumn.php(144): TbButtonColumn->renderDataCellContent()
#2 /home4/colinfle/YiiRoot1.1.13/framework/zii/widgets/grid/CGridView.php(589): TbButtonColumn->renderDataCell()
#3 /home4/colinfle/YiiRoot1.1.13/framework/zii/widgets/grid/CGridView.php(545): TbGridView->renderTableRow()
#4 /home4/colinfle/YiiRoot1.1.13/framework/zii/widgets/grid/CGridView.php(455): TbGridView->renderTableBody()
#5 /home4/colinfle/YiiRoot1.1.13/framework/zii/widgets/CBaseListView.php(160): TbGridView->renderItems()
#6 unknown(0): TbGridView->renderSection()
#7 /home4/colinfle/YiiRoot1.1.13/framework/zii/widgets/CBaseListView.php(143): preg_replace_callback()
#8 /home4/colinfle/YiiRoot1.1.13/framework/zii/widgets/CBaseListView.php(128): TbGridView->renderContent()
#9 /home4/colinfle/YiiRoot1.1.13/framework/web/CBaseController.php(173): TbGridView->run()
#10 /home4/colinfle/public_html/ragsblinddraw.com/protected/modules/director/views/tournament/index.php(41): TournamentController->widget()
#11 /home4/colinfle/YiiRoot1.1.13/framework/web/CBaseController.php(126): require()
#12 /home4/colinfle/YiiRoot1.1.13/framework/web/CBaseController.php(95): TournamentController->renderInternal()
#13 /home4/colinfle/YiiRoot1.1.13/framework/web/CController.php(869): TournamentController->renderFile()
#14 /home4/colinfle/YiiRoot1.1.13/framework/web/CController.php(782): TournamentController->renderPartial()
#15 /home4/colinfle/public_html/ragsblinddraw.com/protected/modules/director/controllers/TournamentController.php(145): TournamentController->render()
#16 /home4/colinfle/YiiRoot1.1.13/framework/web/actions/CInlineAction.php(49): TournamentController->actionIndex()
#17 /home4/colinfle/YiiRoot1.1.13/framework/web/CController.php(308): CInlineAction->runWithParams()
#18 /home4/colinfle/YiiRoot1.1.13/framework/web/filters/CFilterChain.php(133): TournamentController->runAction()
#19 /home4/colinfle/YiiRoot1.1.13/framework/web/filters/CFilter.php(40): CFilterChain->run()
#20 /home4/colinfle/YiiRoot1.1.13/framework/web/CController.php(1145): CAccessControlFilter->filter()
#21 /home4/colinfle/YiiRoot1.1.13/framework/web/filters/CInlineFilter.php(58): TournamentController->filterAccessControl()
#22 /home4/colinfle/YiiRoot1.1.13/framework/web/filters/CFilterChain.php(130): CInlineFilter->filter()
#23 /home4/colinfle/YiiRoot1.1.13/framework/web/CController.php(291): CFilterChain->run()
#24 /home4/colinfle/YiiRoot1.1.13/framework/web/CController.php(265): TournamentController->runActionWithFilters()
#25 /home4/colinfle/YiiRoot1.1.13/framework/web/CWebApplication.php(282): TournamentController->run()
#26 /home4/colinfle/YiiRoot1.1.13/framework/web/CWebApplication.php(141): CWebApplication->runController()
#27 /home4/colinfle/YiiRoot1.1.13/framework/base/CApplication.php(169): CWebApplication->processRequest()
#28 /home4/colinfle/public_html/ragsblinddraw.com/index.php(13): CWebApplication->run()
REQUEST_URI=/director/tournament/index
in /home4/colinfle/public_html/ragsblinddraw.com/protected/extensions/bootstrap/widgets/TbButtonColumn.php (57)
in /home4/colinfle/public_html/ragsblinddraw.com/protected/modules/director/views/tournament/index.php (41)
in /home4/colinfle/public_html/ragsblinddraw.com/protected/modules/director/controllers/TournamentController.php (145)
2014/05/28 07:40:26 [warning] [application] Failed to set unsafe attribute "hight_dart" of "Tournament".
in /home4/colinfle/public_html/ragsblinddraw.com/protected/modules/director/controllers/TournamentController.php (67)
in /home4/colinfle/public_html/ragsblinddraw.com/index.php (13)
2014/05/28 07:40:26 [warning] [application] Failed to set unsafe attribute "hight_out" of "Tournament".
in /home4/colinfle/public_html/ragsblinddraw.com/protected/modules/director/controllers/TournamentController.php (67)
in /home4/colinfle/public_html/ragsblinddraw.com/index.php (13)
2014/05/28 07:45:51 [error] [exception.CHttpException.403] exception 'CHttpException' with message 'You are not authorized to perform this action.' in /home4/colinfle/YiiRoot1.1.13/framework/web/auth/CAccessControlFilter.php:179
Stack trace:
#0 /home4/colinfle/YiiRoot1.1.13/framework/web/auth/CAccessControlFilter.php(142): CAccessControlFilter->accessDenied(Object(EWebUser), 'You are not aut...')
#1 /home4/colinfle/YiiRoot1.1.13/framework/web/filters/CFilter.php(38): CAccessControlFilter->preFilter(Object(CFilterChain))
#2 /home4/colinfle/YiiRoot1.1.13/framework/web/CController.php(1145): CFilter->filter(Object(CFilterChain))
#3 /home4/colinfle/YiiRoot1.1.13/framework/web/filters/CInlineFilter.php(58): CController->filterAccessControl(Object(CFilterChain))
#4 /home4/colinfle/YiiRoot1.1.13/framework/web/filters/CFilterChain.php(130): CInlineFilter->filter(Object(CFilterChain))
#5 /home4/colinfle/YiiRoot1.1.13/framework/web/CController.php(291): CFilterChain->run()
#6 /home4/colinfle/YiiRoot1.1.13/framework/web/CController.php(265): CController->runActionWithFilters(Object(CInlineAction), Array)
#7 /home4/colinfle/YiiRoot1.1.13/framework/web/CWebApplication.php(282): CController->run('players')
#8 /home4/colinfle/YiiRoot1.1.13/framework/web/CWebApplication.php(141): CWebApplication->runController('director/tourna...')
#9 /home4/colinfle/YiiRoot1.1.13/framework/base/CApplication.php(169): CWebApplication->processRequest()
#10 /home4/colinfle/public_html/ragsblinddraw.com/index.php(13): CApplication->run()
#11 {main}
REQUEST_URI=/director/tournament/players/id/3
HTTP_REFERER=http://ragsblinddraw.com/director/tournament/index
---
2014/05/28 07:52:07 [error] [exception.CException] exception 'CException' with message 'TournamentController cannot find the requested view "view".' in /home4/colinfle/YiiRoot1.1.13/framework/web/CController.php:878
Stack trace:
#0 /home4/colinfle/YiiRoot1.1.13/framework/web/CController.php(782): CController->renderPartial('view', Array, true)
#1 /home4/colinfle/public_html/ragsblinddraw.com/protected/modules/director/controllers/TournamentController.php(49): CController->render('view', Array)
#2 [internal function]: TournamentController->actionView('3')
#3 /home4/colinfle/YiiRoot1.1.13/framework/web/actions/CAction.php(108): ReflectionMethod->invokeArgs(Object(TournamentController), Array)
#4 /home4/colinfle/YiiRoot1.1.13/framework/web/actions/CInlineAction.php(47): CAction->runWithParamsInternal(Object(TournamentController), Object(ReflectionMethod), Array)
#5 /home4/colinfle/YiiRoot1.1.13/framework/web/CController.php(308): CInlineAction->runWithParams(Array)
#6 /home4/colinfle/YiiRoot1.1.13/framework/web/filters/CFilterChain.php(133): CController->runAction(Object(CInlineAction))
#7 /home4/colinfle/YiiRoot1.1.13/framework/web/filters/CFilter.php(40): CFilterChain->run()
#8 /home4/colinfle/YiiRoot1.1.13/framework/web/CController.php(1145): CFilter->filter(Object(CFilterChain))
#9 /home4/colinfle/YiiRoot1.1.13/framework/web/filters/CInlineFilter.php(58): CController->filterAccessControl(Object(CFilterChain))
#10 /home4/colinfle/YiiRoot1.1.13/framework/web/filters/CFilterChain.php(130): CInlineFilter->filter(Object(CFilterChain))
#11 /home4/colinfle/YiiRoot1.1.13/framework/web/CController.php(291): CFilterChain->run()
#12 /home4/colinfle/YiiRoot1.1.13/framework/web/CController.php(265): CController->runActionWithFilters(Object(CInlineAction), Array)
#13 /home4/colinfle/YiiRoot1.1.13/framework/web/CWebApplication.php(282): CController->run('view')
#14 /home4/colinfle/YiiRoot1.1.13/framework/web/CWebApplication.php(141): CWebApplication->runController('director/tourna...')
#15 /home4/colinfle/YiiRoot1.1.13/framework/base/CApplication.php(169): CWebApplication->processRequest()
#16 /home4/colinfle/public_html/ragsblinddraw.com/index.php(13): CApplication->run()
#17 {main}
REQUEST_URI=/director/tournament/view/id/3
HTTP_REFERER=http://ragsblinddraw.com/director/tournament/index
---
2014/05/28 12:27:52 [error] [exception.CHttpException.404] exception 'CHttpException' with message 'Unable to resolve the request "robots.txt".' in /home4/colinfle/YiiRoot1.1.13/framework/web/CWebApplication.php:286
Stack trace:
#0 /home4/colinfle/YiiRoot1.1.13/framework/web/CWebApplication.php(141): CWebApplication->runController('robots.txt')
#1 /home4/colinfle/YiiRoot1.1.13/framework/base/CApplication.php(169): CWebApplication->processRequest()
#2 /home4/colinfle/public_html/ragsblinddraw.com/index.php(13): CApplication->run()
#3 {main}
REQUEST_URI=/robots.txt
---
2014/05/28 12:27:52 [error] [exception.CHttpException.404] exception 'CHttpException' with message 'Unable to resolve the request "favicon.ico".' in /home4/colinfle/YiiRoot1.1.13/framework/web/CWebApplication.php:286
Stack trace:
#0 /home4/colinfle/YiiRoot1.1.13/framework/web/CWebApplication.php(141): CWebApplication->runController('favicon.ico')
#1 /home4/colinfle/YiiRoot1.1.13/framework/base/CApplication.php(169): CWebApplication->processRequest()
#2 /home4/colinfle/public_html/ragsblinddraw.com/index.php(13): CApplication->run()
#3 {main}
REQUEST_URI=/favicon.ico
---
2014/05/28 13:41:38 [error] [exception.CHttpException.404] exception 'CHttpException' with message 'Unable to resolve the request "themes/raggedy_anne/js/underscore-min.map".' in /home4/colinfle/YiiRoot1.1.13/framework/web/CWebApplication.php:286
Stack trace:
#0 /home4/colinfle/YiiRoot1.1.13/framework/web/CWebApplication.php(141): CWebApplication->runController('themes/raggedy_...')
#1 /home4/colinfle/YiiRoot1.1.13/framework/base/CApplication.php(169): CWebApplication->processRequest()
#2 /home4/colinfle/public_html/ragsblinddraw.com/index.php(13): CApplication->run()
#3 {main}
REQUEST_URI=/themes/raggedy_anne/js/underscore-min.map
HTTP_REFERER=http://ragsblinddraw.com/director/tournament/players/id/2
---
2014/05/28 13:44:17 [error] [exception.CHttpException.404] exception 'CHttpException' with message 'Unable to resolve the request "themes/raggedy_anne/js/underscore-min.map".' in /home4/colinfle/YiiRoot1.1.13/framework/web/CWebApplication.php:286
Stack trace:
#0 /home4/colinfle/YiiRoot1.1.13/framework/web/CWebApplication.php(141): CWebApplication->runController('themes/raggedy_...')
#1 /home4/colinfle/YiiRoot1.1.13/framework/base/CApplication.php(169): CWebApplication->processRequest()
#2 /home4/colinfle/public_html/ragsblinddraw.com/index.php(13): CApplication->run()
#3 {main}
REQUEST_URI=/themes/raggedy_anne/js/underscore-min.map
HTTP_REFERER=http://ragsblinddraw.com/director/tournament/players/id/2
---
2014/05/28 13:44:34 [error] [exception.CHttpException.404] exception 'CHttpException' with message 'Unable to resolve the request "themes/raggedy_anne/js/underscore-min.map".' in /home4/colinfle/YiiRoot1.1.13/framework/web/CWebApplication.php:286
Stack trace:
#0 /home4/colinfle/YiiRoot1.1.13/framework/web/CWebApplication.php(141): CWebApplication->runController('themes/raggedy_...')
#1 /home4/colinfle/YiiRoot1.1.13/framework/base/CApplication.php(169): CWebApplication->processRequest()
#2 /home4/colinfle/public_html/ragsblinddraw.com/index.php(13): CApplication->run()
#3 {main}
REQUEST_URI=/themes/raggedy_anne/js/underscore-min.map
HTTP_REFERER=http://ragsblinddraw.com/director/tournament/players/id/2
---
2014/05/28 13:45:36 [error] [exception.CHttpException.404] exception 'CHttpException' with message 'Unable to resolve the request "themes/raggedy_anne/js/underscore-min.map".' in /home4/colinfle/YiiRoot1.1.13/framework/web/CWebApplication.php:286
Stack trace:
#0 /home4/colinfle/YiiRoot1.1.13/framework/web/CWebApplication.php(141): CWebApplication->runController('themes/raggedy_...')
#1 /home4/colinfle/YiiRoot1.1.13/framework/base/CApplication.php(169): CWebApplication->processRequest()
#2 /home4/colinfle/public_html/ragsblinddraw.com/index.php(13): CApplication->run()
#3 {main}
REQUEST_URI=/themes/raggedy_anne/js/underscore-min.map
HTTP_REFERER=http://ragsblinddraw.com/director/tournament/players/id/2
---
2014/05/28 13:45:52 [error] [exception.CHttpException.404] exception 'CHttpException' with message 'Unable to resolve the request "themes/raggedy_anne/js/underscore-min.map".' in /home4/colinfle/YiiRoot1.1.13/framework/web/CWebApplication.php:286
Stack trace:
#0 /home4/colinfle/YiiRoot1.1.13/framework/web/CWebApplication.php(141): CWebApplication->runController('themes/raggedy_...')
#1 /home4/colinfle/YiiRoot1.1.13/framework/base/CApplication.php(169): CWebApplication->processRequest()
#2 /home4/colinfle/public_html/ragsblinddraw.com/index.php(13): CApplication->run()
#3 {main}
REQUEST_URI=/themes/raggedy_anne/js/underscore-min.map
HTTP_REFERER=http://ragsblinddraw.com/director/tournament/players/id/2
---
2014/05/28 13:46:17 [error] [exception.CHttpException.404] exception 'CHttpException' with message 'Unable to resolve the request "themes/raggedy_anne/js/underscore-min.map".' in /home4/colinfle/YiiRoot1.1.13/framework/web/CWebApplication.php:286
Stack trace:
#0 /home4/colinfle/YiiRoot1.1.13/framework/web/CWebApplication.php(141): CWebApplication->runController('themes/raggedy_...')
#1 /home4/colinfle/YiiRoot1.1.13/framework/base/CApplication.php(169): CWebApplication->processRequest()
#2 /home4/colinfle/public_html/ragsblinddraw.com/index.php(13): CApplication->run()
#3 {main}
REQUEST_URI=/themes/raggedy_anne/js/underscore-min.map
HTTP_REFERER=http://ragsblinddraw.com/director/tournament/players/id/2
---
2014/05/28 13:46:53 [error] [exception.CHttpException.404] exception 'CHttpException' with message 'Unable to resolve the request "themes/raggedy_anne/js/underscore-min.map".' in /home4/colinfle/YiiRoot1.1.13/framework/web/CWebApplication.php:286
Stack trace:
#0 /home4/colinfle/YiiRoot1.1.13/framework/web/CWebApplication.php(141): CWebApplication->runController('themes/raggedy_...')
#1 /home4/colinfle/YiiRoot1.1.13/framework/base/CApplication.php(169): CWebApplication->processRequest()
#2 /home4/colinfle/public_html/ragsblinddraw.com/index.php(13): CApplication->run()
#3 {main}
REQUEST_URI=/themes/raggedy_anne/js/underscore-min.map
HTTP_REFERER=http://ragsblinddraw.com/director/tournament/players/id/2
---
2014/05/28 13:46:55 [error] [exception.CHttpException.404] exception 'CHttpException' with message 'Unable to resolve the request "themes/raggedy_anne/js/underscore-min.map".' in /home4/colinfle/YiiRoot1.1.13/framework/web/CWebApplication.php:286
Stack trace:
#0 /home4/colinfle/YiiRoot1.1.13/framework/web/CWebApplication.php(141): CWebApplication->runController('themes/raggedy_...')
#1 /home4/colinfle/YiiRoot1.1.13/framework/base/CApplication.php(169): CWebApplication->processRequest()
#2 /home4/colinfle/public_html/ragsblinddraw.com/index.php(13): CApplication->run()
#3 {main}
REQUEST_URI=/themes/raggedy_anne/js/underscore-min.map
HTTP_REFERER=http://ragsblinddraw.com/director/tournament/players/id/2
---
2014/05/28 13:47:15 [error] [exception.CHttpException.404] exception 'CHttpException' with message 'Unable to resolve the request "themes/raggedy_anne/js/underscore-min.map".' in /home4/colinfle/YiiRoot1.1.13/framework/web/CWebApplication.php:286
Stack trace:
#0 /home4/colinfle/YiiRoot1.1.13/framework/web/CWebApplication.php(141): CWebApplication->runController('themes/raggedy_...')
#1 /home4/colinfle/YiiRoot1.1.13/framework/base/CApplication.php(169): CWebApplication->processRequest()
#2 /home4/colinfle/public_html/ragsblinddraw.com/index.php(13): CApplication->run()
#3 {main}
REQUEST_URI=/themes/raggedy_anne/js/underscore-min.map
HTTP_REFERER=http://ragsblinddraw.com/director/tournament/players/id/2
---
2014/05/28 13:47:51 [error] [exception.CHttpException.404] exception 'CHttpException' with message 'Unable to resolve the request "themes/raggedy_anne/js/underscore-min.map".' in /home4/colinfle/YiiRoot1.1.13/framework/web/CWebApplication.php:286
Stack trace:
#0 /home4/colinfle/YiiRoot1.1.13/framework/web/CWebApplication.php(141): CWebApplication->runController('themes/raggedy_...')
#1 /home4/colinfle/YiiRoot1.1.13/framework/base/CApplication.php(169): CWebApplication->processRequest()
#2 /home4/colinfle/public_html/ragsblinddraw.com/index.php(13): CApplication->run()
#3 {main}
REQUEST_URI=/themes/raggedy_anne/js/underscore-min.map
HTTP_REFERER=http://ragsblinddraw.com/director/tournament/players/id/2
---
2014/05/28 13:47:58 [error] [exception.CHttpException.404] exception 'CHttpException' with message 'Unable to resolve the request "themes/raggedy_anne/js/underscore-min.map".' in /home4/colinfle/YiiRoot1.1.13/framework/web/CWebApplication.php:286
Stack trace:
#0 /home4/colinfle/YiiRoot1.1.13/framework/web/CWebApplication.php(141): CWebApplication->runController('themes/raggedy_...')
#1 /home4/colinfle/YiiRoot1.1.13/framework/base/CApplication.php(169): CWebApplication->processRequest()
#2 /home4/colinfle/public_html/ragsblinddraw.com/index.php(13): CApplication->run()
#3 {main}
REQUEST_URI=/themes/raggedy_anne/js/underscore-min.map
HTTP_REFERER=http://ragsblinddraw.com/director/tournament/players/id/2
---
2014/05/28 13:48:37 [error] [exception.CHttpException.404] exception 'CHttpException' with message 'Unable to resolve the request "themes/raggedy_anne/js/underscore-min.map".' in /home4/colinfle/YiiRoot1.1.13/framework/web/CWebApplication.php:286
Stack trace:
#0 /home4/colinfle/YiiRoot1.1.13/framework/web/CWebApplication.php(141): CWebApplication->runController('themes/raggedy_...')
#1 /home4/colinfle/YiiRoot1.1.13/framework/base/CApplication.php(169): CWebApplication->processRequest()
#2 /home4/colinfle/public_html/ragsblinddraw.com/index.php(13): CApplication->run()
#3 {main}
REQUEST_URI=/themes/raggedy_anne/js/underscore-min.map
HTTP_REFERER=http://ragsblinddraw.com/director/tournament/players/id/2
---
2014/05/28 13:48:47 [error] [exception.CHttpException.404] exception 'CHttpException' with message 'Unable to resolve the request "themes/raggedy_anne/js/underscore-min.map".' in /home4/colinfle/YiiRoot1.1.13/framework/web/CWebApplication.php:286
Stack trace:
#0 /home4/colinfle/YiiRoot1.1.13/framework/web/CWebApplication.php(141): CWebApplication->runController('themes/raggedy_...')
#1 /home4/colinfle/YiiRoot1.1.13/framework/base/CApplication.php(169): CWebApplication->processRequest()
#2 /home4/colinfle/public_html/ragsblinddraw.com/index.php(13): CApplication->run()
#3 {main}
REQUEST_URI=/themes/raggedy_anne/js/underscore-min.map
HTTP_REFERER=http://ragsblinddraw.com/director/tournament/players/id/2
---
2014/05/28 13:49:01 [error] [exception.CHttpException.404] exception 'CHttpException' with message 'Unable to resolve the request "themes/raggedy_anne/js/underscore-min.map".' in /home4/colinfle/YiiRoot1.1.13/framework/web/CWebApplication.php:286
Stack trace:
#0 /home4/colinfle/YiiRoot1.1.13/framework/web/CWebApplication.php(141): CWebApplication->runController('themes/raggedy_...')
#1 /home4/colinfle/YiiRoot1.1.13/framework/base/CApplication.php(169): CWebApplication->processRequest()
#2 /home4/colinfle/public_html/ragsblinddraw.com/index.php(13): CApplication->run()
#3 {main}
REQUEST_URI=/themes/raggedy_anne/js/underscore-min.map
HTTP_REFERER=http://ragsblinddraw.com/director/tournament/players/id/2
---
2014/05/28 13:49:09 [error] [exception.CHttpException.404] exception 'CHttpException' with message 'Unable to resolve the request "themes/raggedy_anne/js/underscore-min.map".' in /home4/colinfle/YiiRoot1.1.13/framework/web/CWebApplication.php:286
Stack trace:
#0 /home4/colinfle/YiiRoot1.1.13/framework/web/CWebApplication.php(141): CWebApplication->runController('themes/raggedy_...')
#1 /home4/colinfle/YiiRoot1.1.13/framework/base/CApplication.php(169): CWebApplication->processRequest()
#2 /home4/colinfle/public_html/ragsblinddraw.com/index.php(13): CApplication->run()
#3 {main}
REQUEST_URI=/themes/raggedy_anne/js/underscore-min.map
HTTP_REFERER=http://ragsblinddraw.com/director/tournament/players/id/2
---
2014/05/28 13:54:03 [error] [exception.CHttpException.404] exception 'CHttpException' with message 'Unable to resolve the request "themes/raggedy_anne/js/underscore-min.map".' in /home4/colinfle/YiiRoot1.1.13/framework/web/CWebApplication.php:286
Stack trace:
#0 /home4/colinfle/YiiRoot1.1.13/framework/web/CWebApplication.php(141): CWebApplication->runController('themes/raggedy_...')
#1 /home4/colinfle/YiiRoot1.1.13/framework/base/CApplication.php(169): CWebApplication->processRequest()
#2 /home4/colinfle/public_html/ragsblinddraw.com/index.php(13): CApplication->run()
#3 {main}
REQUEST_URI=/themes/raggedy_anne/js/underscore-min.map
HTTP_REFERER=http://ragsblinddraw.com/director/tournament/players/id/2
---
2014/05/28 13:54:22 [error] [exception.CHttpException.404] exception 'CHttpException' with message 'Unable to resolve the request "themes/raggedy_anne/js/underscore-min.map".' in /home4/colinfle/YiiRoot1.1.13/framework/web/CWebApplication.php:286
Stack trace:
#0 /home4/colinfle/YiiRoot1.1.13/framework/web/CWebApplication.php(141): CWebApplication->runController('themes/raggedy_...')
#1 /home4/colinfle/YiiRoot1.1.13/framework/base/CApplication.php(169): CWebApplication->processRequest()
#2 /home4/colinfle/public_html/ragsblinddraw.com/index.php(13): CApplication->run()
#3 {main}
REQUEST_URI=/themes/raggedy_anne/js/underscore-min.map
HTTP_REFERER=http://ragsblinddraw.com/director/tournament/players/id/2
---
2014/05/28 13:55:00 [error] [exception.CHttpException.404] exception 'CHttpException' with message 'Unable to resolve the request "themes/raggedy_anne/js/underscore-min.map".' in /home4/colinfle/YiiRoot1.1.13/framework/web/CWebApplication.php:286
Stack trace:
#0 /home4/colinfle/YiiRoot1.1.13/framework/web/CWebApplication.php(141): CWebApplication->runController('themes/raggedy_...')
#1 /home4/colinfle/YiiRoot1.1.13/framework/base/CApplication.php(169): CWebApplication->processRequest()
#2 /home4/colinfle/public_html/ragsblinddraw.com/index.php(13): CApplication->run()
#3 {main}
REQUEST_URI=/themes/raggedy_anne/js/underscore-min.map
HTTP_REFERER=http://ragsblinddraw.com/director/tournament/players/id/2
---
2014/05/28 13:55:20 [error] [exception.CHttpException.404] exception 'CHttpException' with message 'Unable to resolve the request "themes/raggedy_anne/js/underscore-min.map".' in /home4/colinfle/YiiRoot1.1.13/framework/web/CWebApplication.php:286
Stack trace:
#0 /home4/colinfle/YiiRoot1.1.13/framework/web/CWebApplication.php(141): CWebApplication->runController('themes/raggedy_...')
#1 /home4/colinfle/YiiRoot1.1.13/framework/base/CApplication.php(169): CWebApplication->processRequest()
#2 /home4/colinfle/public_html/ragsblinddraw.com/index.php(13): CApplication->run()
#3 {main}
REQUEST_URI=/themes/raggedy_anne/js/underscore-min.map
HTTP_REFERER=http://ragsblinddraw.com/director/tournament/players/id/2
---
2014/05/28 14:02:31 [error] [exception.CHttpException.404] exception 'CHttpException' with message 'Unable to resolve the request "themes/raggedy_anne/js/underscore-min.map".' in /home4/colinfle/YiiRoot1.1.13/framework/web/CWebApplication.php:286
Stack trace:
#0 /home4/colinfle/YiiRoot1.1.13/framework/web/CWebApplication.php(141): CWebApplication->runController('themes/raggedy_...')
#1 /home4/colinfle/YiiRoot1.1.13/framework/base/CApplication.php(169): CWebApplication->processRequest()
#2 /home4/colinfle/public_html/ragsblinddraw.com/index.php(13): CApplication->run()
#3 {main}
REQUEST_URI=/themes/raggedy_anne/js/underscore-min.map
HTTP_REFERER=http://ragsblinddraw.com/director/tournament/index
---
2014/05/28 14:02:34 [error] [exception.CHttpException.404] exception 'CHttpException' with message 'Unable to resolve the request "themes/raggedy_anne/js/underscore-min.map".' in /home4/colinfle/YiiRoot1.1.13/framework/web/CWebApplication.php:286
Stack trace:
#0 /home4/colinfle/YiiRoot1.1.13/framework/web/CWebApplication.php(141): CWebApplication->runController('themes/raggedy_...')
#1 /home4/colinfle/YiiRoot1.1.13/framework/base/CApplication.php(169): CWebApplication->processRequest()
#2 /home4/colinfle/public_html/ragsblinddraw.com/index.php(13): CApplication->run()
#3 {main}
REQUEST_URI=/themes/raggedy_anne/js/underscore-min.map
HTTP_REFERER=http://ragsblinddraw.com/director/tournament/update/id/2
---
2014/05/28 14:02:55 [error] [exception.CHttpException.404] exception 'CHttpException' with message 'Unable to resolve the request "themes/raggedy_anne/js/underscore-min.map".' in /home4/colinfle/YiiRoot1.1.13/framework/web/CWebApplication.php:286
Stack trace:
#0 /home4/colinfle/YiiRoot1.1.13/framework/web/CWebApplication.php(141): CWebApplication->runController('themes/raggedy_...')
#1 /home4/colinfle/YiiRoot1.1.13/framework/base/CApplication.php(169): CWebApplication->processRequest()
#2 /home4/colinfle/public_html/ragsblinddraw.com/index.php(13): CApplication->run()
#3 {main}
REQUEST_URI=/themes/raggedy_anne/js/underscore-min.map
HTTP_REFERER=http://ragsblinddraw.com/director/tournament/update/id/2
---
2014/05/28 14:04:41 [warning] [application] Failed to set unsafe attribute "hight_dart" of "Tournament".
in /home4/colinfle/public_html/ragsblinddraw.com/protected/modules/director/controllers/TournamentController.php (97)
in /home4/colinfle/public_html/ragsblinddraw.com/index.php (13)
2014/05/28 14:04:41 [warning] [application] Failed to set unsafe attribute "hight_out" of "Tournament".
in /home4/colinfle/public_html/ragsblinddraw.com/protected/modules/director/controllers/TournamentController.php (97)
in /home4/colinfle/public_html/ragsblinddraw.com/index.php (13)
2014/05/28 14:04:41 [error] [exception.CException] exception 'CException' with message 'TournamentController cannot find the requested view "view".' in /home4/colinfle/YiiRoot1.1.13/framework/web/CController.php:878
Stack trace:
#0 /home4/colinfle/YiiRoot1.1.13/framework/web/CController.php(782): CController->renderPartial('view', Array, true)
#1 /home4/colinfle/public_html/ragsblinddraw.com/protected/modules/director/controllers/TournamentController.php(49): CController->render('view', Array)
#2 [internal function]: TournamentController->actionView('2')
#3 /home4/colinfle/YiiRoot1.1.13/framework/web/actions/CAction.php(108): ReflectionMethod->invokeArgs(Object(TournamentController), Array)
#4 /home4/colinfle/YiiRoot1.1.13/framework/web/actions/CInlineAction.php(47): CAction->runWithParamsInternal(Object(TournamentController), Object(ReflectionMethod), Array)
#5 /home4/colinfle/YiiRoot1.1.13/framework/web/CController.php(308): CInlineAction->runWithParams(Array)
#6 /home4/colinfle/YiiRoot1.1.13/framework/web/filters/CFilterChain.php(133): CController->runAction(Object(CInlineAction))
#7 /home4/colinfle/YiiRoot1.1.13/framework/web/filters/CFilter.php(40): CFilterChain->run()
#8 /home4/colinfle/YiiRoot1.1.13/framework/web/CController.php(1145): CFilter->filter(Object(CFilterChain))
#9 /home4/colinfle/YiiRoot1.1.13/framework/web/filters/CInlineFilter.php(58): CController->filterAccessControl(Object(CFilterChain))
#10 /home4/colinfle/YiiRoot1.1.13/framework/web/filters/CFilterChain.php(130): CInlineFilter->filter(Object(CFilterChain))
#11 /home4/colinfle/YiiRoot1.1.13/framework/web/CController.php(291): CFilterChain->run()
#12 /home4/colinfle/YiiRoot1.1.13/framework/web/CController.php(265): CController->runActionWithFilters(Object(CInlineAction), Array)
#13 /home4/colinfle/YiiRoot1.1.13/framework/web/CWebApplication.php(282): CController->run('view')
#14 /home4/colinfle/YiiRoot1.1.13/framework/web/CWebApplication.php(141): CWebApplication->runController('director/tourna...')
#15 /home4/colinfle/YiiRoot1.1.13/framework/base/CApplication.php(169): CWebApplication->processRequest()
#16 /home4/colinfle/public_html/ragsblinddraw.com/index.php(13): CApplication->run()
#17 {main}
REQUEST_URI=/director/tournament/view/id/2
HTTP_REFERER=http://ragsblinddraw.com/director/tournament/update/id/2
---
2014/05/28 14:05:37 [error] [exception.CHttpException.404] exception 'CHttpException' with message 'Unable to resolve the request "themes/raggedy_anne/js/underscore-min.map".' in /home4/colinfle/YiiRoot1.1.13/framework/web/CWebApplication.php:286
Stack trace:
#0 /home4/colinfle/YiiRoot1.1.13/framework/web/CWebApplication.php(141): CWebApplication->runController('themes/raggedy_...')
#1 /home4/colinfle/YiiRoot1.1.13/framework/base/CApplication.php(169): CWebApplication->processRequest()
#2 /home4/colinfle/public_html/ragsblinddraw.com/index.php(13): CApplication->run()
#3 {main}
REQUEST_URI=/themes/raggedy_anne/js/underscore-min.map
HTTP_REFERER=http://ragsblinddraw.com/director/tournament/update/id/2
---
2014/05/28 14:05:40 [error] [exception.CHttpException.404] exception 'CHttpException' with message 'Unable to resolve the request "themes/raggedy_anne/js/underscore-min.map".' in /home4/colinfle/YiiRoot1.1.13/framework/web/CWebApplication.php:286
Stack trace:
#0 /home4/colinfle/YiiRoot1.1.13/framework/web/CWebApplication.php(141): CWebApplication->runController('themes/raggedy_...')
#1 /home4/colinfle/YiiRoot1.1.13/framework/base/CApplication.php(169): CWebApplication->processRequest()
#2 /home4/colinfle/public_html/ragsblinddraw.com/index.php(13): CApplication->run()
#3 {main}
REQUEST_URI=/themes/raggedy_anne/js/underscore-min.map
HTTP_REFERER=http://ragsblinddraw.com/director/tournament/create
---
2014/05/28 14:05:43 [warning] [application] Failed to set unsafe attribute "hight_dart" of "Tournament".
in /home4/colinfle/public_html/ragsblinddraw.com/protected/modules/director/controllers/TournamentController.php (67)
in /home4/colinfle/public_html/ragsblinddraw.com/index.php (13)
2014/05/28 14:05:43 [warning] [application] Failed to set unsafe attribute "hight_out" of "Tournament".
in /home4/colinfle/public_html/ragsblinddraw.com/protected/modules/director/controllers/TournamentController.php (67)
in /home4/colinfle/public_html/ragsblinddraw.com/index.php (13)
2014/05/28 14:05:44 [error] [exception.CHttpException.404] exception 'CHttpException' with message 'Unable to resolve the request "themes/raggedy_anne/js/underscore-min.map".' in /home4/colinfle/YiiRoot1.1.13/framework/web/CWebApplication.php:286
Stack trace:
#0 /home4/colinfle/YiiRoot1.1.13/framework/web/CWebApplication.php(141): CWebApplication->runController('themes/raggedy_...')
#1 /home4/colinfle/YiiRoot1.1.13/framework/base/CApplication.php(169): CWebApplication->processRequest()
#2 /home4/colinfle/public_html/ragsblinddraw.com/index.php(13): CApplication->run()
#3 {main}
REQUEST_URI=/themes/raggedy_anne/js/underscore-min.map
HTTP_REFERER=http://ragsblinddraw.com/director/tournament/players/id/4
---
2014/05/28 14:07:05 [error] [exception.CHttpException.404] exception 'CHttpException' with message 'Unable to resolve the request "themes/raggedy_anne/js/underscore-min.map".' in /home4/colinfle/YiiRoot1.1.13/framework/web/CWebApplication.php:286
Stack trace:
#0 /home4/colinfle/YiiRoot1.1.13/framework/web/CWebApplication.php(141): CWebApplication->runController('themes/raggedy_...')
#1 /home4/colinfle/YiiRoot1.1.13/framework/base/CApplication.php(169): CWebApplication->processRequest()
#2 /home4/colinfle/public_html/ragsblinddraw.com/index.php(13): CApplication->run()
#3 {main}
REQUEST_URI=/themes/raggedy_anne/js/underscore-min.map
HTTP_REFERER=http://ragsblinddraw.com/director/tournament/players/id/4
---
2014/05/28 14:07:30 [error] [exception.CHttpException.404] exception 'CHttpException' with message 'Unable to resolve the request "themes/raggedy_anne/js/underscore-min.map".' in /home4/colinfle/YiiRoot1.1.13/framework/web/CWebApplication.php:286
Stack trace:
#0 /home4/colinfle/YiiRoot1.1.13/framework/web/CWebApplication.php(141): CWebApplication->runController('themes/raggedy_...')
#1 /home4/colinfle/YiiRoot1.1.13/framework/base/CApplication.php(169): CWebApplication->processRequest()
#2 /home4/colinfle/public_html/ragsblinddraw.com/index.php(13): CApplication->run()
#3 {main}
REQUEST_URI=/themes/raggedy_anne/js/underscore-min.map
HTTP_REFERER=http://ragsblinddraw.com/director/tournament/players/id/4
---
2014/05/28 14:08:45 [error] [exception.CHttpException.404] exception 'CHttpException' with message 'Unable to resolve the request "themes/raggedy_anne/js/underscore-min.map".' in /home4/colinfle/YiiRoot1.1.13/framework/web/CWebApplication.php:286
Stack trace:
#0 /home4/colinfle/YiiRoot1.1.13/framework/web/CWebApplication.php(141): CWebApplication->runController('themes/raggedy_...')
#1 /home4/colinfle/YiiRoot1.1.13/framework/base/CApplication.php(169): CWebApplication->processRequest()
#2 /home4/colinfle/public_html/ragsblinddraw.com/index.php(13): CApplication->run()
#3 {main}
REQUEST_URI=/themes/raggedy_anne/js/underscore-min.map
HTTP_REFERER=http://ragsblinddraw.com/director/tournament/players/id/4
---
2014/05/28 14:15:05 [error] [exception.CHttpException.404] exception 'CHttpException' with message 'Unable to resolve the request "themes/raggedy_anne/js/underscore-min.map".' in /home4/colinfle/YiiRoot1.1.13/framework/web/CWebApplication.php:286
Stack trace:
#0 /home4/colinfle/YiiRoot1.1.13/framework/web/CWebApplication.php(141): CWebApplication->runController('themes/raggedy_...')
#1 /home4/colinfle/YiiRoot1.1.13/framework/base/CApplication.php(169): CWebApplication->processRequest()
#2 /home4/colinfle/public_html/ragsblinddraw.com/index.php(13): CApplication->run()
#3 {main}
REQUEST_URI=/themes/raggedy_anne/js/underscore-min.map
HTTP_REFERER=http://ragsblinddraw.com/director/tournament/players/id/4
---
2014/05/28 14:23:00 [error] [exception.CHttpException.404] exception 'CHttpException' with message 'Unable to resolve the request "themes/raggedy_anne/js/underscore-min.map".' in /home4/colinfle/YiiRoot1.1.13/framework/web/CWebApplication.php:286
Stack trace:
#0 /home4/colinfle/YiiRoot1.1.13/framework/web/CWebApplication.php(141): CWebApplication->runController('themes/raggedy_...')
#1 /home4/colinfle/YiiRoot1.1.13/framework/base/CApplication.php(169): CWebApplication->processRequest()
#2 /home4/colinfle/public_html/ragsblinddraw.com/index.php(13): CApplication->run()
#3 {main}
REQUEST_URI=/themes/raggedy_anne/js/underscore-min.map
HTTP_REFERER=http://ragsblinddraw.com/director/tournament/players/id/4
---
2014/05/28 14:23:55 [error] [exception.CHttpException.404] exception 'CHttpException' with message 'Unable to resolve the request "themes/raggedy_anne/js/underscore-min.map".' in /home4/colinfle/YiiRoot1.1.13/framework/web/CWebApplication.php:286
Stack trace:
#0 /home4/colinfle/YiiRoot1.1.13/framework/web/CWebApplication.php(141): CWebApplication->runController('themes/raggedy_...')
#1 /home4/colinfle/YiiRoot1.1.13/framework/base/CApplication.php(169): CWebApplication->processRequest()
#2 /home4/colinfle/public_html/ragsblinddraw.com/index.php(13): CApplication->run()
#3 {main}
REQUEST_URI=/themes/raggedy_anne/js/underscore-min.map
HTTP_REFERER=http://ragsblinddraw.com/director/tournament/players/id/4
---
2014/05/28 14:24:30 [error] [exception.CHttpException.404] exception 'CHttpException' with message 'Unable to resolve the request "themes/raggedy_anne/js/underscore-min.map".' in /home4/colinfle/YiiRoot1.1.13/framework/web/CWebApplication.php:286
Stack trace:
#0 /home4/colinfle/YiiRoot1.1.13/framework/web/CWebApplication.php(141): CWebApplication->runController('themes/raggedy_...')
#1 /home4/colinfle/YiiRoot1.1.13/framework/base/CApplication.php(169): CWebApplication->processRequest()
#2 /home4/colinfle/public_html/ragsblinddraw.com/index.php(13): CApplication->run()
#3 {main}
REQUEST_URI=/themes/raggedy_anne/js/underscore-min.map
HTTP_REFERER=http://ragsblinddraw.com/director/tournament/players/id/4
---
2014/05/28 14:30:56 [error] [exception.CHttpException.404] exception 'CHttpException' with message 'Unable to resolve the request "themes/raggedy_anne/js/underscore-min.map".' in /home4/colinfle/YiiRoot1.1.13/framework/web/CWebApplication.php:286
Stack trace:
#0 /home4/colinfle/YiiRoot1.1.13/framework/web/CWebApplication.php(141): CWebApplication->runController('themes/raggedy_...')
#1 /home4/colinfle/YiiRoot1.1.13/framework/base/CApplication.php(169): CWebApplication->processRequest()
#2 /home4/colinfle/public_html/ragsblinddraw.com/index.php(13): CApplication->run()
#3 {main}
REQUEST_URI=/themes/raggedy_anne/js/underscore-min.map
HTTP_REFERER=http://ragsblinddraw.com/director/tournament/index
---
2014/05/28 14:31:13 [error] [exception.CHttpException.404] exception 'CHttpException' with message 'Unable to resolve the request "themes/raggedy_anne/js/underscore-min.map".' in /home4/colinfle/YiiRoot1.1.13/framework/web/CWebApplication.php:286
Stack trace:
#0 /home4/colinfle/YiiRoot1.1.13/framework/web/CWebApplication.php(141): CWebApplication->runController('themes/raggedy_...')
#1 /home4/colinfle/YiiRoot1.1.13/framework/base/CApplication.php(169): CWebApplication->processRequest()
#2 /home4/colinfle/public_html/ragsblinddraw.com/index.php(13): CApplication->run()
#3 {main}
REQUEST_URI=/themes/raggedy_anne/js/underscore-min.map
HTTP_REFERER=http://ragsblinddraw.com/director/tournament/index
---
2014/05/28 14:31:37 [error] [exception.CHttpException.404] exception 'CHttpException' with message 'Unable to resolve the request "themes/raggedy_anne/js/underscore-min.map".' in /home4/colinfle/YiiRoot1.1.13/framework/web/CWebApplication.php:286
Stack trace:
#0 /home4/colinfle/YiiRoot1.1.13/framework/web/CWebApplication.php(141): CWebApplication->runController('themes/raggedy_...')
#1 /home4/colinfle/YiiRoot1.1.13/framework/base/CApplication.php(169): CWebApplication->processRequest()
#2 /home4/colinfle/public_html/ragsblinddraw.com/index.php(13): CApplication->run()
#3 {main}
REQUEST_URI=/themes/raggedy_anne/js/underscore-min.map
HTTP_REFERER=http://ragsblinddraw.com/director/tournament/index
---
2014/05/28 14:31:40 [error] [exception.CHttpException.404] exception 'CHttpException' with message 'Unable to resolve the request "themes/raggedy_anne/js/underscore-min.map".' in /home4/colinfle/YiiRoot1.1.13/framework/web/CWebApplication.php:286
Stack trace:
#0 /home4/colinfle/YiiRoot1.1.13/framework/web/CWebApplication.php(141): CWebApplication->runController('themes/raggedy_...')
#1 /home4/colinfle/YiiRoot1.1.13/framework/base/CApplication.php(169): CWebApplication->processRequest()
#2 /home4/colinfle/public_html/ragsblinddraw.com/index.php(13): CApplication->run()
#3 {main}
REQUEST_URI=/themes/raggedy_anne/js/underscore-min.map
HTTP_REFERER=http://ragsblinddraw.com/director/tournament/update/id/2
---
2014/05/28 14:31:43 [error] [exception.CHttpException.404] exception 'CHttpException' with message 'Unable to resolve the request "themes/raggedy_anne/js/underscore-min.map".' in /home4/colinfle/YiiRoot1.1.13/framework/web/CWebApplication.php:286
Stack trace:
#0 /home4/colinfle/YiiRoot1.1.13/framework/web/CWebApplication.php(141): CWebApplication->runController('themes/raggedy_...')
#1 /home4/colinfle/YiiRoot1.1.13/framework/base/CApplication.php(169): CWebApplication->processRequest()
#2 /home4/colinfle/public_html/ragsblinddraw.com/index.php(13): CApplication->run()
#3 {main}
REQUEST_URI=/themes/raggedy_anne/js/underscore-min.map
HTTP_REFERER=http://ragsblinddraw.com/director/tournament/index
---
2014/05/28 14:31:45 [error] [exception.CHttpException.404] exception 'CHttpException' with message 'Unable to resolve the request "themes/raggedy_anne/js/underscore-min.map".' in /home4/colinfle/YiiRoot1.1.13/framework/web/CWebApplication.php:286
Stack trace:
#0 /home4/colinfle/YiiRoot1.1.13/framework/web/CWebApplication.php(141): CWebApplication->runController('themes/raggedy_...')
#1 /home4/colinfle/YiiRoot1.1.13/framework/base/CApplication.php(169): CWebApplication->processRequest()
#2 /home4/colinfle/public_html/ragsblinddraw.com/index.php(13): CApplication->run()
#3 {main}
REQUEST_URI=/themes/raggedy_anne/js/underscore-min.map
HTTP_REFERER=http://ragsblinddraw.com/director/tournament/players/id/2
---
2014/05/28 14:32:22 [error] [exception.CHttpException.404] exception 'CHttpException' with message 'Unable to resolve the request "themes/raggedy_anne/js/underscore-min.map".' in /home4/colinfle/YiiRoot1.1.13/framework/web/CWebApplication.php:286
Stack trace:
#0 /home4/colinfle/YiiRoot1.1.13/framework/web/CWebApplication.php(141): CWebApplication->runController('themes/raggedy_...')
#1 /home4/colinfle/YiiRoot1.1.13/framework/base/CApplication.php(169): CWebApplication->processRequest()
#2 /home4/colinfle/public_html/ragsblinddraw.com/index.php(13): CApplication->run()
#3 {main}
REQUEST_URI=/themes/raggedy_anne/js/underscore-min.map
HTTP_REFERER=http://ragsblinddraw.com/director/tournament/players/id/2
---
2014/05/28 14:35:04 [error] [exception.CHttpException.404] exception 'CHttpException' with message 'Unable to resolve the request "themes/raggedy_anne/js/underscore-min.map".' in /home4/colinfle/YiiRoot1.1.13/framework/web/CWebApplication.php:286
Stack trace:
#0 /home4/colinfle/YiiRoot1.1.13/framework/web/CWebApplication.php(141): CWebApplication->runController('themes/raggedy_...')
#1 /home4/colinfle/YiiRoot1.1.13/framework/base/CApplication.php(169): CWebApplication->processRequest()
#2 /home4/colinfle/public_html/ragsblinddraw.com/index.php(13): CApplication->run()
#3 {main}
REQUEST_URI=/themes/raggedy_anne/js/underscore-min.map
HTTP_REFERER=http://ragsblinddraw.com/director/tournament/players/id/2
---
2014/05/28 14:35:35 [error] [exception.CHttpException.404] exception 'CHttpException' with message 'Unable to resolve the request "themes/raggedy_anne/js/underscore-min.map".' in /home4/colinfle/YiiRoot1.1.13/framework/web/CWebApplication.php:286
Stack trace:
#0 /home4/colinfle/YiiRoot1.1.13/framework/web/CWebApplication.php(141): CWebApplication->runController('themes/raggedy_...')
#1 /home4/colinfle/YiiRoot1.1.13/framework/base/CApplication.php(169): CWebApplication->processRequest()
#2 /home4/colinfle/public_html/ragsblinddraw.com/index.php(13): CApplication->run()
#3 {main}
REQUEST_URI=/themes/raggedy_anne/js/underscore-min.map
HTTP_REFERER=http://ragsblinddraw.com/director/tournament/players/id/2
---
2014/05/28 14:39:35 [error] [exception.CHttpException.404] exception 'CHttpException' with message 'Unable to resolve the request "themes/raggedy_anne/js/underscore-min.map".' in /home4/colinfle/YiiRoot1.1.13/framework/web/CWebApplication.php:286
Stack trace:
#0 /home4/colinfle/YiiRoot1.1.13/framework/web/CWebApplication.php(141): CWebApplication->runController('themes/raggedy_...')
#1 /home4/colinfle/YiiRoot1.1.13/framework/base/CApplication.php(169): CWebApplication->processRequest()
#2 /home4/colinfle/public_html/ragsblinddraw.com/index.php(13): CApplication->run()
#3 {main}
REQUEST_URI=/themes/raggedy_anne/js/underscore-min.map
HTTP_REFERER=http://ragsblinddraw.com/director/tournament/players/id/2
---
2014/05/28 14:40:16 [error] [exception.CHttpException.404] exception 'CHttpException' with message 'Unable to resolve the request "themes/raggedy_anne/js/underscore-min.map".' in /home4/colinfle/YiiRoot1.1.13/framework/web/CWebApplication.php:286
Stack trace:
#0 /home4/colinfle/YiiRoot1.1.13/framework/web/CWebApplication.php(141): CWebApplication->runController('themes/raggedy_...')
#1 /home4/colinfle/YiiRoot1.1.13/framework/base/CApplication.php(169): CWebApplication->processRequest()
#2 /home4/colinfle/public_html/ragsblinddraw.com/index.php(13): CApplication->run()
#3 {main}
REQUEST_URI=/themes/raggedy_anne/js/underscore-min.map
HTTP_REFERER=http://ragsblinddraw.com/director/tournament/players/id/2
---
2014/05/28 14:41:12 [error] [exception.CHttpException.404] exception 'CHttpException' with message 'Unable to resolve the request "themes/raggedy_anne/js/underscore-min.map".' in /home4/colinfle/YiiRoot1.1.13/framework/web/CWebApplication.php:286
Stack trace:
#0 /home4/colinfle/YiiRoot1.1.13/framework/web/CWebApplication.php(141): CWebApplication->runController('themes/raggedy_...')
#1 /home4/colinfle/YiiRoot1.1.13/framework/base/CApplication.php(169): CWebApplication->processRequest()
#2 /home4/colinfle/public_html/ragsblinddraw.com/index.php(13): CApplication->run()
#3 {main}
REQUEST_URI=/themes/raggedy_anne/js/underscore-min.map
HTTP_REFERER=http://ragsblinddraw.com/director/tournament/players/id/2
---
2014/05/28 14:41:22 [error] [exception.CHttpException.404] exception 'CHttpException' with message 'Unable to resolve the request "themes/raggedy_anne/js/underscore-min.map".' in /home4/colinfle/YiiRoot1.1.13/framework/web/CWebApplication.php:286
Stack trace:
#0 /home4/colinfle/YiiRoot1.1.13/framework/web/CWebApplication.php(141): CWebApplication->runController('themes/raggedy_...')
#1 /home4/colinfle/YiiRoot1.1.13/framework/base/CApplication.php(169): CWebApplication->processRequest()
#2 /home4/colinfle/public_html/ragsblinddraw.com/index.php(13): CApplication->run()
#3 {main}
REQUEST_URI=/themes/raggedy_anne/js/underscore-min.map
HTTP_REFERER=http://ragsblinddraw.com/director/tournament/players/id/2
---
2014/05/28 14:42:20 [error] [exception.CHttpException.404] exception 'CHttpException' with message 'Unable to resolve the request "themes/raggedy_anne/js/underscore-min.map".' in /home4/colinfle/YiiRoot1.1.13/framework/web/CWebApplication.php:286
Stack trace:
#0 /home4/colinfle/YiiRoot1.1.13/framework/web/CWebApplication.php(141): CWebApplication->runController('themes/raggedy_...')
#1 /home4/colinfle/YiiRoot1.1.13/framework/base/CApplication.php(169): CWebApplication->processRequest()
#2 /home4/colinfle/public_html/ragsblinddraw.com/index.php(13): CApplication->run()
#3 {main}
REQUEST_URI=/themes/raggedy_anne/js/underscore-min.map
HTTP_REFERER=http://ragsblinddraw.com/director/tournament/players/id/2
---
2014/05/28 14:42:57 [error] [exception.CHttpException.404] exception 'CHttpException' with message 'Unable to resolve the request "themes/raggedy_anne/js/underscore-min.map".' in /home4/colinfle/YiiRoot1.1.13/framework/web/CWebApplication.php:286
Stack trace:
#0 /home4/colinfle/YiiRoot1.1.13/framework/web/CWebApplication.php(141): CWebApplication->runController('themes/raggedy_...')
#1 /home4/colinfle/YiiRoot1.1.13/framework/base/CApplication.php(169): CWebApplication->processRequest()
#2 /home4/colinfle/public_html/ragsblinddraw.com/index.php(13): CApplication->run()
#3 {main}
REQUEST_URI=/themes/raggedy_anne/js/underscore-min.map
HTTP_REFERER=http://ragsblinddraw.com/director/tournament/players/id/2
---
2014/05/28 14:43:31 [error] [exception.CHttpException.404] exception 'CHttpException' with message 'Unable to resolve the request "themes/raggedy_anne/js/underscore-min.map".' in /home4/colinfle/YiiRoot1.1.13/framework/web/CWebApplication.php:286
Stack trace:
#0 /home4/colinfle/YiiRoot1.1.13/framework/web/CWebApplication.php(141): CWebApplication->runController('themes/raggedy_...')
#1 /home4/colinfle/YiiRoot1.1.13/framework/base/CApplication.php(169): CWebApplication->processRequest()
#2 /home4/colinfle/public_html/ragsblinddraw.com/index.php(13): CApplication->run()
#3 {main}
REQUEST_URI=/themes/raggedy_anne/js/underscore-min.map
HTTP_REFERER=http://ragsblinddraw.com/director/tournament/players/id/2
---
2014/05/28 14:44:04 [error] [exception.CHttpException.404] exception 'CHttpException' with message 'Unable to resolve the request "themes/raggedy_anne/js/underscore-min.map".' in /home4/colinfle/YiiRoot1.1.13/framework/web/CWebApplication.php:286
Stack trace:
#0 /home4/colinfle/YiiRoot1.1.13/framework/web/CWebApplication.php(141): CWebApplication->runController('themes/raggedy_...')
#1 /home4/colinfle/YiiRoot1.1.13/framework/base/CApplication.php(169): CWebApplication->processRequest()
#2 /home4/colinfle/public_html/ragsblinddraw.com/index.php(13): CApplication->run()
#3 {main}
REQUEST_URI=/themes/raggedy_anne/js/underscore-min.map
HTTP_REFERER=http://ragsblinddraw.com/director/tournament/players/id/2
---
2014/05/28 14:46:00 [error] [exception.CHttpException.404] exception 'CHttpException' with message 'Unable to resolve the request "themes/raggedy_anne/js/underscore-min.map".' in /home4/colinfle/YiiRoot1.1.13/framework/web/CWebApplication.php:286
Stack trace:
#0 /home4/colinfle/YiiRoot1.1.13/framework/web/CWebApplication.php(141): CWebApplication->runController('themes/raggedy_...')
#1 /home4/colinfle/YiiRoot1.1.13/framework/base/CApplication.php(169): CWebApplication->processRequest()
#2 /home4/colinfle/public_html/ragsblinddraw.com/index.php(13): CApplication->run()
#3 {main}
REQUEST_URI=/themes/raggedy_anne/js/underscore-min.map
HTTP_REFERER=http://ragsblinddraw.com/director/tournament/players/id/2
---
2014/05/28 14:46:41 [error] [exception.CHttpException.404] exception 'CHttpException' with message 'Unable to resolve the request "themes/raggedy_anne/js/underscore-min.map".' in /home4/colinfle/YiiRoot1.1.13/framework/web/CWebApplication.php:286
Stack trace:
#0 /home4/colinfle/YiiRoot1.1.13/framework/web/CWebApplication.php(141): CWebApplication->runController('themes/raggedy_...')
#1 /home4/colinfle/YiiRoot1.1.13/framework/base/CApplication.php(169): CWebApplication->processRequest()
#2 /home4/colinfle/public_html/ragsblinddraw.com/index.php(13): CApplication->run()
#3 {main}
REQUEST_URI=/themes/raggedy_anne/js/underscore-min.map
HTTP_REFERER=http://ragsblinddraw.com/director/tournament/players/id/2
---
2014/05/28 14:48:19 [error] [exception.CHttpException.404] exception 'CHttpException' with message 'Unable to resolve the request "themes/raggedy_anne/js/underscore-min.map".' in /home4/colinfle/YiiRoot1.1.13/framework/web/CWebApplication.php:286
Stack trace:
#0 /home4/colinfle/YiiRoot1.1.13/framework/web/CWebApplication.php(141): CWebApplication->runController('themes/raggedy_...')
#1 /home4/colinfle/YiiRoot1.1.13/framework/base/CApplication.php(169): CWebApplication->processRequest()
#2 /home4/colinfle/public_html/ragsblinddraw.com/index.php(13): CApplication->run()
#3 {main}
REQUEST_URI=/themes/raggedy_anne/js/underscore-min.map
HTTP_REFERER=http://ragsblinddraw.com/director/tournament/players/id/2
---
2014/05/28 14:49:32 [error] [exception.CHttpException.404] exception 'CHttpException' with message 'Unable to resolve the request "themes/raggedy_anne/js/underscore-min.map".' in /home4/colinfle/YiiRoot1.1.13/framework/web/CWebApplication.php:286
Stack trace:
#0 /home4/colinfle/YiiRoot1.1.13/framework/web/CWebApplication.php(141): CWebApplication->runController('themes/raggedy_...')
#1 /home4/colinfle/YiiRoot1.1.13/framework/base/CApplication.php(169): CWebApplication->processRequest()
#2 /home4/colinfle/public_html/ragsblinddraw.com/index.php(13): CApplication->run()
#3 {main}
REQUEST_URI=/themes/raggedy_anne/js/underscore-min.map
HTTP_REFERER=http://ragsblinddraw.com/director/tournament/players/id/2
---
2014/05/28 14:49:48 [error] [exception.CHttpException.404] exception 'CHttpException' with message 'Unable to resolve the request "themes/raggedy_anne/js/underscore-min.map".' in /home4/colinfle/YiiRoot1.1.13/framework/web/CWebApplication.php:286
Stack trace:
#0 /home4/colinfle/YiiRoot1.1.13/framework/web/CWebApplication.php(141): CWebApplication->runController('themes/raggedy_...')
#1 /home4/colinfle/YiiRoot1.1.13/framework/base/CApplication.php(169): CWebApplication->processRequest()
#2 /home4/colinfle/public_html/ragsblinddraw.com/index.php(13): CApplication->run()
#3 {main}
REQUEST_URI=/themes/raggedy_anne/js/underscore-min.map
HTTP_REFERER=http://ragsblinddraw.com/director/tournament/players/id/2
---
2014/05/28 14:50:18 [error] [exception.CHttpException.404] exception 'CHttpException' with message 'Unable to resolve the request "themes/raggedy_anne/js/underscore-min.map".' in /home4/colinfle/YiiRoot1.1.13/framework/web/CWebApplication.php:286
Stack trace:
#0 /home4/colinfle/YiiRoot1.1.13/framework/web/CWebApplication.php(141): CWebApplication->runController('themes/raggedy_...')
#1 /home4/colinfle/YiiRoot1.1.13/framework/base/CApplication.php(169): CWebApplication->processRequest()
#2 /home4/colinfle/public_html/ragsblinddraw.com/index.php(13): CApplication->run()
#3 {main}
REQUEST_URI=/themes/raggedy_anne/js/underscore-min.map
HTTP_REFERER=http://ragsblinddraw.com/director/tournament/players/id/2
---
2014/05/28 14:51:31 [error] [exception.CHttpException.404] exception 'CHttpException' with message 'Unable to resolve the request "themes/raggedy_anne/js/underscore-min.map".' in /home4/colinfle/YiiRoot1.1.13/framework/web/CWebApplication.php:286
Stack trace:
#0 /home4/colinfle/YiiRoot1.1.13/framework/web/CWebApplication.php(141): CWebApplication->runController('themes/raggedy_...')
#1 /home4/colinfle/YiiRoot1.1.13/framework/base/CApplication.php(169): CWebApplication->processRequest()
#2 /home4/colinfle/public_html/ragsblinddraw.com/index.php(13): CApplication->run()
#3 {main}
REQUEST_URI=/themes/raggedy_anne/js/underscore-min.map
HTTP_REFERER=http://ragsblinddraw.com/director/tournament/players/id/2
---
2014/05/28 14:51:49 [error] [exception.CHttpException.404] exception 'CHttpException' with message 'Unable to resolve the request "themes/raggedy_anne/js/underscore-min.map".' in /home4/colinfle/YiiRoot1.1.13/framework/web/CWebApplication.php:286
Stack trace:
#0 /home4/colinfle/YiiRoot1.1.13/framework/web/CWebApplication.php(141): CWebApplication->runController('themes/raggedy_...')
#1 /home4/colinfle/YiiRoot1.1.13/framework/base/CApplication.php(169): CWebApplication->processRequest()
#2 /home4/colinfle/public_html/ragsblinddraw.com/index.php(13): CApplication->run()
#3 {main}
REQUEST_URI=/themes/raggedy_anne/js/underscore-min.map
HTTP_REFERER=http://ragsblinddraw.com/director/tournament/players/id/2
---
2014/05/28 14:52:06 [error] [exception.CHttpException.404] exception 'CHttpException' with message 'Unable to resolve the request "themes/raggedy_anne/js/underscore-min.map".' in /home4/colinfle/YiiRoot1.1.13/framework/web/CWebApplication.php:286
Stack trace:
#0 /home4/colinfle/YiiRoot1.1.13/framework/web/CWebApplication.php(141): CWebApplication->runController('themes/raggedy_...')
#1 /home4/colinfle/YiiRoot1.1.13/framework/base/CApplication.php(169): CWebApplication->processRequest()
#2 /home4/colinfle/public_html/ragsblinddraw.com/index.php(13): CApplication->run()
#3 {main}
REQUEST_URI=/themes/raggedy_anne/js/underscore-min.map
HTTP_REFERER=http://ragsblinddraw.com/director/tournament/players/id/2
---
2014/05/28 14:52:32 [error] [exception.CHttpException.404] exception 'CHttpException' with message 'Unable to resolve the request "themes/raggedy_anne/js/underscore-min.map".' in /home4/colinfle/YiiRoot1.1.13/framework/web/CWebApplication.php:286
Stack trace:
#0 /home4/colinfle/YiiRoot1.1.13/framework/web/CWebApplication.php(141): CWebApplication->runController('themes/raggedy_...')
#1 /home4/colinfle/YiiRoot1.1.13/framework/base/CApplication.php(169): CWebApplication->processRequest()
#2 /home4/colinfle/public_html/ragsblinddraw.com/index.php(13): CApplication->run()
#3 {main}
REQUEST_URI=/themes/raggedy_anne/js/underscore-min.map
HTTP_REFERER=http://ragsblinddraw.com/director/tournament/players/id/2
---
2014/05/28 14:53:24 [error] [exception.CHttpException.404] exception 'CHttpException' with message 'Unable to resolve the request "themes/raggedy_anne/js/underscore-min.map".' in /home4/colinfle/YiiRoot1.1.13/framework/web/CWebApplication.php:286
Stack trace:
#0 /home4/colinfle/YiiRoot1.1.13/framework/web/CWebApplication.php(141): CWebApplication->runController('themes/raggedy_...')
#1 /home4/colinfle/YiiRoot1.1.13/framework/base/CApplication.php(169): CWebApplication->processRequest()
#2 /home4/colinfle/public_html/ragsblinddraw.com/index.php(13): CApplication->run()
#3 {main}
REQUEST_URI=/themes/raggedy_anne/js/underscore-min.map
HTTP_REFERER=http://ragsblinddraw.com/director/tournament/players/id/2
---
2014/05/28 14:53:34 [error] [exception.CHttpException.404] exception 'CHttpException' with message 'Unable to resolve the request "themes/raggedy_anne/js/underscore-min.map".' in /home4/colinfle/YiiRoot1.1.13/framework/web/CWebApplication.php:286
Stack trace:
#0 /home4/colinfle/YiiRoot1.1.13/framework/web/CWebApplication.php(141): CWebApplication->runController('themes/raggedy_...')
#1 /home4/colinfle/YiiRoot1.1.13/framework/base/CApplication.php(169): CWebApplication->processRequest()
#2 /home4/colinfle/public_html/ragsblinddraw.com/index.php(13): CApplication->run()
#3 {main}
REQUEST_URI=/themes/raggedy_anne/js/underscore-min.map
HTTP_REFERER=http://ragsblinddraw.com/director/tournament/players/id/2
---
2014/05/28 14:55:35 [error] [exception.CHttpException.404] exception 'CHttpException' with message 'Unable to resolve the request "themes/raggedy_anne/js/underscore-min.map".' in /home4/colinfle/YiiRoot1.1.13/framework/web/CWebApplication.php:286
Stack trace:
#0 /home4/colinfle/YiiRoot1.1.13/framework/web/CWebApplication.php(141): CWebApplication->runController('themes/raggedy_...')
#1 /home4/colinfle/YiiRoot1.1.13/framework/base/CApplication.php(169): CWebApplication->processRequest()
#2 /home4/colinfle/public_html/ragsblinddraw.com/index.php(13): CApplication->run()
#3 {main}
REQUEST_URI=/themes/raggedy_anne/js/underscore-min.map
HTTP_REFERER=http://ragsblinddraw.com/director/tournament/players/id/2
---
2014/05/28 14:56:08 [error] [exception.CHttpException.404] exception 'CHttpException' with message 'Unable to resolve the request "themes/raggedy_anne/js/underscore-min.map".' in /home4/colinfle/YiiRoot1.1.13/framework/web/CWebApplication.php:286
Stack trace:
#0 /home4/colinfle/YiiRoot1.1.13/framework/web/CWebApplication.php(141): CWebApplication->runController('themes/raggedy_...')
#1 /home4/colinfle/YiiRoot1.1.13/framework/base/CApplication.php(169): CWebApplication->processRequest()
#2 /home4/colinfle/public_html/ragsblinddraw.com/index.php(13): CApplication->run()
#3 {main}
REQUEST_URI=/themes/raggedy_anne/js/underscore-min.map
HTTP_REFERER=http://ragsblinddraw.com/director/tournament/players/id/2
---
2014/05/28 14:56:42 [error] [exception.CHttpException.404] exception 'CHttpException' with message 'Unable to resolve the request "themes/raggedy_anne/js/underscore-min.map".' in /home4/colinfle/YiiRoot1.1.13/framework/web/CWebApplication.php:286
Stack trace:
#0 /home4/colinfle/YiiRoot1.1.13/framework/web/CWebApplication.php(141): CWebApplication->runController('themes/raggedy_...')
#1 /home4/colinfle/YiiRoot1.1.13/framework/base/CApplication.php(169): CWebApplication->processRequest()
#2 /home4/colinfle/public_html/ragsblinddraw.com/index.php(13): CApplication->run()
#3 {main}
REQUEST_URI=/themes/raggedy_anne/js/underscore-min.map
HTTP_REFERER=http://ragsblinddraw.com/director/tournament/players/id/2
---
2014/05/28 14:57:18 [error] [exception.CHttpException.404] exception 'CHttpException' with message 'Unable to resolve the request "themes/raggedy_anne/js/underscore-min.map".' in /home4/colinfle/YiiRoot1.1.13/framework/web/CWebApplication.php:286
Stack trace:
#0 /home4/colinfle/YiiRoot1.1.13/framework/web/CWebApplication.php(141): CWebApplication->runController('themes/raggedy_...')
#1 /home4/colinfle/YiiRoot1.1.13/framework/base/CApplication.php(169): CWebApplication->processRequest()
#2 /home4/colinfle/public_html/ragsblinddraw.com/index.php(13): CApplication->run()
#3 {main}
REQUEST_URI=/themes/raggedy_anne/js/underscore-min.map
HTTP_REFERER=http://ragsblinddraw.com/director/tournament/players/id/2
---
2014/05/28 14:59:12 [error] [exception.CHttpException.404] exception 'CHttpException' with message 'Unable to resolve the request "themes/raggedy_anne/js/underscore-min.map".' in /home4/colinfle/YiiRoot1.1.13/framework/web/CWebApplication.php:286
Stack trace:
#0 /home4/colinfle/YiiRoot1.1.13/framework/web/CWebApplication.php(141): CWebApplication->runController('themes/raggedy_...')
#1 /home4/colinfle/YiiRoot1.1.13/framework/base/CApplication.php(169): CWebApplication->processRequest()
#2 /home4/colinfle/public_html/ragsblinddraw.com/index.php(13): CApplication->run()
#3 {main}
REQUEST_URI=/themes/raggedy_anne/js/underscore-min.map
HTTP_REFERER=http://ragsblinddraw.com/director/tournament/players/id/2
---
2014/05/28 15:00:34 [error] [exception.CHttpException.404] exception 'CHttpException' with message 'Unable to resolve the request "themes/raggedy_anne/js/underscore-min.map".' in /home4/colinfle/YiiRoot1.1.13/framework/web/CWebApplication.php:286
Stack trace:
#0 /home4/colinfle/YiiRoot1.1.13/framework/web/CWebApplication.php(141): CWebApplication->runController('themes/raggedy_...')
#1 /home4/colinfle/YiiRoot1.1.13/framework/base/CApplication.php(169): CWebApplication->processRequest()
#2 /home4/colinfle/public_html/ragsblinddraw.com/index.php(13): CApplication->run()
#3 {main}
REQUEST_URI=/themes/raggedy_anne/js/underscore-min.map
HTTP_REFERER=http://ragsblinddraw.com/director/tournament/index
---
2014/05/28 15:00:36 [error] [exception.CHttpException.404] exception 'CHttpException' with message 'Unable to resolve the request "themes/raggedy_anne/js/underscore-min.map".' in /home4/colinfle/YiiRoot1.1.13/framework/web/CWebApplication.php:286
Stack trace:
#0 /home4/colinfle/YiiRoot1.1.13/framework/web/CWebApplication.php(141): CWebApplication->runController('themes/raggedy_...')
#1 /home4/colinfle/YiiRoot1.1.13/framework/base/CApplication.php(169): CWebApplication->processRequest()
#2 /home4/colinfle/public_html/ragsblinddraw.com/index.php(13): CApplication->run()
#3 {main}
REQUEST_URI=/themes/raggedy_anne/js/underscore-min.map
HTTP_REFERER=http://ragsblinddraw.com/director/tournament/update/id/2
---
2014/05/28 15:00:39 [warning] [application] Failed to set unsafe attribute "hight_dart" of "Tournament".
in /home4/colinfle/public_html/ragsblinddraw.com/protected/modules/director/controllers/TournamentController.php (93)
in /home4/colinfle/public_html/ragsblinddraw.com/index.php (13)
2014/05/28 15:00:39 [warning] [application] Failed to set unsafe attribute "hight_out" of "Tournament".
in /home4/colinfle/public_html/ragsblinddraw.com/protected/modules/director/controllers/TournamentController.php (93)
in /home4/colinfle/public_html/ragsblinddraw.com/index.php (13)
2014/05/28 15:01:50 [warning] [application] Failed to set unsafe attribute "hight_dart" of "Tournament".
in /home4/colinfle/public_html/ragsblinddraw.com/protected/modules/director/controllers/TournamentController.php (93)
in /home4/colinfle/public_html/ragsblinddraw.com/index.php (13)
2014/05/28 15:01:50 [warning] [application] Failed to set unsafe attribute "hight_out" of "Tournament".
in /home4/colinfle/public_html/ragsblinddraw.com/protected/modules/director/controllers/TournamentController.php (93)
in /home4/colinfle/public_html/ragsblinddraw.com/index.php (13)
2014/05/28 15:05:01 [warning] [application] Failed to set unsafe attribute "hight_dart" of "Tournament".
in /home4/colinfle/public_html/ragsblinddraw.com/protected/modules/director/controllers/TournamentController.php (93)
in /home4/colinfle/public_html/ragsblinddraw.com/index.php (13)
2014/05/28 15:05:01 [warning] [application] Failed to set unsafe attribute "hight_out" of "Tournament".
in /home4/colinfle/public_html/ragsblinddraw.com/protected/modules/director/controllers/TournamentController.php (93)
in /home4/colinfle/public_html/ragsblinddraw.com/index.php (13)
2014/05/28 15:05:02 [error] [exception.CException] exception 'CException' with message 'TournamentController cannot find the requested view "view".' in /home4/colinfle/YiiRoot1.1.13/framework/web/CController.php:878
Stack trace:
#0 /home4/colinfle/YiiRoot1.1.13/framework/web/CController.php(782): CController->renderPartial('view', Array, true)
#1 /home4/colinfle/public_html/ragsblinddraw.com/protected/modules/director/controllers/TournamentController.php(49): CController->render('view', Array)
#2 [internal function]: TournamentController->actionView('2')
#3 /home4/colinfle/YiiRoot1.1.13/framework/web/actions/CAction.php(108): ReflectionMethod->invokeArgs(Object(TournamentController), Array)
#4 /home4/colinfle/YiiRoot1.1.13/framework/web/actions/CInlineAction.php(47): CAction->runWithParamsInternal(Object(TournamentController), Object(ReflectionMethod), Array)
#5 /home4/colinfle/YiiRoot1.1.13/framework/web/CController.php(308): CInlineAction->runWithParams(Array)
#6 /home4/colinfle/YiiRoot1.1.13/framework/web/filters/CFilterChain.php(133): CController->runAction(Object(CInlineAction))
#7 /home4/colinfle/YiiRoot1.1.13/framework/web/filters/CFilter.php(40): CFilterChain->run()
#8 /home4/colinfle/YiiRoot1.1.13/framework/web/CController.php(1145): CFilter->filter(Object(CFilterChain))
#9 /home4/colinfle/YiiRoot1.1.13/framework/web/filters/CInlineFilter.php(58): CController->filterAccessControl(Object(CFilterChain))
#10 /home4/colinfle/YiiRoot1.1.13/framework/web/filters/CFilterChain.php(130): CInlineFilter->filter(Object(CFilterChain))
#11 /home4/colinfle/YiiRoot1.1.13/framework/web/CController.php(291): CFilterChain->run()
#12 /home4/colinfle/YiiRoot1.1.13/framework/web/CController.php(265): CController->runActionWithFilters(Object(CInlineAction), Array)
#13 /home4/colinfle/YiiRoot1.1.13/framework/web/CWebApplication.php(282): CController->run('view')
#14 /home4/colinfle/YiiRoot1.1.13/framework/web/CWebApplication.php(141): CWebApplication->runController('director/tourna...')
#15 /home4/colinfle/YiiRoot1.1.13/framework/base/CApplication.php(169): CWebApplication->processRequest()
#16 /home4/colinfle/public_html/ragsblinddraw.com/index.php(13): CApplication->run()
#17 {main}
REQUEST_URI=/director/tournament/view/id/2
HTTP_REFERER=http://ragsblinddraw.com/director/tournament/update/id/2
---
2014/05/28 15:05:22 [error] [exception.CHttpException.404] exception 'CHttpException' with message 'Unable to resolve the request "themes/raggedy_anne/js/underscore-min.map".' in /home4/colinfle/YiiRoot1.1.13/framework/web/CWebApplication.php:286
Stack trace:
#0 /home4/colinfle/YiiRoot1.1.13/framework/web/CWebApplication.php(141): CWebApplication->runController('themes/raggedy_...')
#1 /home4/colinfle/YiiRoot1.1.13/framework/base/CApplication.php(169): CWebApplication->processRequest()
#2 /home4/colinfle/public_html/ragsblinddraw.com/index.php(13): CApplication->run()
#3 {main}
REQUEST_URI=/themes/raggedy_anne/js/underscore-min.map
HTTP_REFERER=http://ragsblinddraw.com/director/tournament/update/id/2
---
2014/05/28 15:05:24 [warning] [application] Failed to set unsafe attribute "hight_dart" of "Tournament".
in /home4/colinfle/public_html/ragsblinddraw.com/protected/modules/director/controllers/TournamentController.php (93)
in /home4/colinfle/public_html/ragsblinddraw.com/index.php (13)
2014/05/28 15:05:24 [warning] [application] Failed to set unsafe attribute "hight_out" of "Tournament".
in /home4/colinfle/public_html/ragsblinddraw.com/protected/modules/director/controllers/TournamentController.php (93)
in /home4/colinfle/public_html/ragsblinddraw.com/index.php (13)
2014/05/28 15:05:25 [error] [exception.CHttpException.404] exception 'CHttpException' with message 'Unable to resolve the request "themes/raggedy_anne/js/underscore-min.map".' in /home4/colinfle/YiiRoot1.1.13/framework/web/CWebApplication.php:286
Stack trace:
#0 /home4/colinfle/YiiRoot1.1.13/framework/web/CWebApplication.php(141): CWebApplication->runController('themes/raggedy_...')
#1 /home4/colinfle/YiiRoot1.1.13/framework/base/CApplication.php(169): CWebApplication->processRequest()
#2 /home4/colinfle/public_html/ragsblinddraw.com/index.php(13): CApplication->run()
#3 {main}
REQUEST_URI=/themes/raggedy_anne/js/underscore-min.map
HTTP_REFERER=http://ragsblinddraw.com/director/tournament/players/id/2
---
2014/05/28 15:06:06 [error] [exception.CHttpException.404] exception 'CHttpException' with message 'Unable to resolve the request "themes/raggedy_anne/js/underscore-min.map".' in /home4/colinfle/YiiRoot1.1.13/framework/web/CWebApplication.php:286
Stack trace:
#0 /home4/colinfle/YiiRoot1.1.13/framework/web/CWebApplication.php(141): CWebApplication->runController('themes/raggedy_...')
#1 /home4/colinfle/YiiRoot1.1.13/framework/base/CApplication.php(169): CWebApplication->processRequest()
#2 /home4/colinfle/public_html/ragsblinddraw.com/index.php(13): CApplication->run()
#3 {main}
REQUEST_URI=/themes/raggedy_anne/js/underscore-min.map
HTTP_REFERER=http://ragsblinddraw.com/director/tournament/index
---
2014/05/28 15:06:08 [error] [exception.CHttpException.404] exception 'CHttpException' with message 'Unable to resolve the request "themes/raggedy_anne/js/underscore-min.map".' in /home4/colinfle/YiiRoot1.1.13/framework/web/CWebApplication.php:286
Stack trace:
#0 /home4/colinfle/YiiRoot1.1.13/framework/web/CWebApplication.php(141): CWebApplication->runController('themes/raggedy_...')
#1 /home4/colinfle/YiiRoot1.1.13/framework/base/CApplication.php(169): CWebApplication->processRequest()
#2 /home4/colinfle/public_html/ragsblinddraw.com/index.php(13): CApplication->run()
#3 {main}
REQUEST_URI=/themes/raggedy_anne/js/underscore-min.map
HTTP_REFERER=http://ragsblinddraw.com/director/tournament/update/id/2
---
2014/05/28 15:06:10 [warning] [application] Failed to set unsafe attribute "hight_dart" of "Tournament".
in /home4/colinfle/public_html/ragsblinddraw.com/protected/modules/director/controllers/TournamentController.php (93)
in /home4/colinfle/public_html/ragsblinddraw.com/index.php (13)
2014/05/28 15:06:10 [warning] [application] Failed to set unsafe attribute "hight_out" of "Tournament".
in /home4/colinfle/public_html/ragsblinddraw.com/protected/modules/director/controllers/TournamentController.php (93)
in /home4/colinfle/public_html/ragsblinddraw.com/index.php (13)
2014/05/28 15:06:11 [error] [exception.CHttpException.404] exception 'CHttpException' with message 'Unable to resolve the request "themes/raggedy_anne/js/underscore-min.map".' in /home4/colinfle/YiiRoot1.1.13/framework/web/CWebApplication.php:286
Stack trace:
#0 /home4/colinfle/YiiRoot1.1.13/framework/web/CWebApplication.php(141): CWebApplication->runController('themes/raggedy_...')
#1 /home4/colinfle/YiiRoot1.1.13/framework/base/CApplication.php(169): CWebApplication->processRequest()
#2 /home4/colinfle/public_html/ragsblinddraw.com/index.php(13): CApplication->run()
#3 {main}
REQUEST_URI=/themes/raggedy_anne/js/underscore-min.map
HTTP_REFERER=http://ragsblinddraw.com/director/tournament/players/id/2
---
2014/05/28 15:06:53 [error] [exception.CHttpException.404] exception 'CHttpException' with message 'Unable to resolve the request "themes/raggedy_anne/js/underscore-min.map".' in /home4/colinfle/YiiRoot1.1.13/framework/web/CWebApplication.php:286
Stack trace:
#0 /home4/colinfle/YiiRoot1.1.13/framework/web/CWebApplication.php(141): CWebApplication->runController('themes/raggedy_...')
#1 /home4/colinfle/YiiRoot1.1.13/framework/base/CApplication.php(169): CWebApplication->processRequest()
#2 /home4/colinfle/public_html/ragsblinddraw.com/index.php(13): CApplication->run()
#3 {main}
REQUEST_URI=/themes/raggedy_anne/js/underscore-min.map
HTTP_REFERER=http://ragsblinddraw.com/director/tournament/index
---
2014/05/28 15:06:55 [error] [exception.CHttpException.404] exception 'CHttpException' with message 'Unable to resolve the request "themes/raggedy_anne/js/underscore-min.map".' in /home4/colinfle/YiiRoot1.1.13/framework/web/CWebApplication.php:286
Stack trace:
#0 /home4/colinfle/YiiRoot1.1.13/framework/web/CWebApplication.php(141): CWebApplication->runController('themes/raggedy_...')
#1 /home4/colinfle/YiiRoot1.1.13/framework/base/CApplication.php(169): CWebApplication->processRequest()
#2 /home4/colinfle/public_html/ragsblinddraw.com/index.php(13): CApplication->run()
#3 {main}
REQUEST_URI=/themes/raggedy_anne/js/underscore-min.map
HTTP_REFERER=http://ragsblinddraw.com/director/tournament/update/id/2
---
2014/05/28 15:09:06 [error] [exception.CHttpException.404] exception 'CHttpException' with message 'Unable to resolve the request "themes/raggedy_anne/js/underscore-min.map".' in /home4/colinfle/YiiRoot1.1.13/framework/web/CWebApplication.php:286
Stack trace:
#0 /home4/colinfle/YiiRoot1.1.13/framework/web/CWebApplication.php(141): CWebApplication->runController('themes/raggedy_...')
#1 /home4/colinfle/YiiRoot1.1.13/framework/base/CApplication.php(169): CWebApplication->processRequest()
#2 /home4/colinfle/public_html/ragsblinddraw.com/index.php(13): CApplication->run()
#3 {main}
REQUEST_URI=/themes/raggedy_anne/js/underscore-min.map
HTTP_REFERER=http://ragsblinddraw.com/director/tournament/update/id/2
---
2014/05/28 15:09:51 [error] [exception.CHttpException.404] exception 'CHttpException' with message 'Unable to resolve the request "themes/raggedy_anne/js/underscore-min.map".' in /home4/colinfle/YiiRoot1.1.13/framework/web/CWebApplication.php:286
Stack trace:
#0 /home4/colinfle/YiiRoot1.1.13/framework/web/CWebApplication.php(141): CWebApplication->runController('themes/raggedy_...')
#1 /home4/colinfle/YiiRoot1.1.13/framework/base/CApplication.php(169): CWebApplication->processRequest()
#2 /home4/colinfle/public_html/ragsblinddraw.com/index.php(13): CApplication->run()
#3 {main}
REQUEST_URI=/themes/raggedy_anne/js/underscore-min.map
HTTP_REFERER=http://ragsblinddraw.com/director/tournament/update/id/2
---
2014/05/28 15:10:30 [error] [exception.CException] exception 'CException' with message 'TbActiveForm and its behaviors do not have a method or closure named "checkboxdRow".' in /home4/colinfle/YiiRoot1.1.13/framework/base/CComponent.php:265
Stack trace:
#0 /home4/colinfle/public_html/ragsblinddraw.com/protected/modules/director/views/tournament/_form.php(18): CComponent->__call('checkboxdRow', Array)
#1 /home4/colinfle/public_html/ragsblinddraw.com/protected/modules/director/views/tournament/_form.php(18): TbActiveForm->checkboxdRow(Object(Tournament), 'honey_pot', Array)
#2 /home4/colinfle/YiiRoot1.1.13/framework/web/CBaseController.php(126): require('/home4/colinfle...')
#3 /home4/colinfle/YiiRoot1.1.13/framework/web/CBaseController.php(95): CBaseController->renderInternal('/home4/colinfle...', Array, true)
#4 /home4/colinfle/YiiRoot1.1.13/framework/web/CController.php(869): CBaseController->renderFile('/home4/colinfle...', Array, true)
#5 /home4/colinfle/public_html/ragsblinddraw.com/protected/modules/director/views/tournament/update.php(18): CController->renderPartial('_form', Array)
#6 /home4/colinfle/YiiRoot1.1.13/framework/web/CBaseController.php(126): require('/home4/colinfle...')
#7 /home4/colinfle/YiiRoot1.1.13/framework/web/CBaseController.php(95): CBaseController->renderInternal('/home4/colinfle...', Array, true)
#8 /home4/colinfle/YiiRoot1.1.13/framework/web/CController.php(869): CBaseController->renderFile('/home4/colinfle...', Array, true)
#9 /home4/colinfle/YiiRoot1.1.13/framework/web/CController.php(782): CController->renderPartial('update', Array, true)
#10 /home4/colinfle/public_html/ragsblinddraw.com/protected/modules/director/controllers/TournamentController.php(104): CController->render('update', Array)
#11 [internal function]: TournamentController->actionUpdate('2')
#12 /home4/colinfle/YiiRoot1.1.13/framework/web/actions/CAction.php(108): ReflectionMethod->invokeArgs(Object(TournamentController), Array)
#13 /home4/colinfle/YiiRoot1.1.13/framework/web/actions/CInlineAction.php(47): CAction->runWithParamsInternal(Object(TournamentController), Object(ReflectionMethod), Array)
#14 /home4/colinfle/YiiRoot1.1.13/framework/web/CController.php(308): CInlineAction->runWithParams(Array)
#15 /home4/colinfle/YiiRoot1.1.13/framework/web/filters/CFilterChain.php(133): CController->runAction(Object(CInlineAction))
#16 /home4/colinfle/YiiRoot1.1.13/framework/web/filters/CFilter.php(40): CFilterChain->run()
#17 /home4/colinfle/YiiRoot1.1.13/framework/web/CController.php(1145): CFilter->filter(Object(CFilterChain))
#18 /home4/colinfle/YiiRoot1.1.13/framework/web/filters/CInlineFilter.php(58): CController->filterAccessControl(Object(CFilterChain))
#19 /home4/colinfle/YiiRoot1.1.13/framework/web/filters/CFilterChain.php(130): CInlineFilter->filter(Object(CFilterChain))
#20 /home4/colinfle/YiiRoot1.1.13/framework/web/CController.php(291): CFilterChain->run()
#21 /home4/colinfle/YiiRoot1.1.13/framework/web/CController.php(265): CController->runActionWithFilters(Object(CInlineAction), Array)
#22 /home4/colinfle/YiiRoot1.1.13/framework/web/CWebApplication.php(282): CController->run('update')
#23 /home4/colinfle/YiiRoot1.1.13/framework/web/CWebApplication.php(141): CWebApplication->runController('director/tourna...')
#24 /home4/colinfle/YiiRoot1.1.13/framework/base/CApplication.php(169): CWebApplication->processRequest()
#25 /home4/colinfle/public_html/ragsblinddraw.com/index.php(13): CApplication->run()
#26 {main}
REQUEST_URI=/director/tournament/update/id/2
HTTP_REFERER=http://ragsblinddraw.com/director/tournament/index
---
2014/05/28 15:10:42 [error] [exception.CHttpException.404] exception 'CHttpException' with message 'Unable to resolve the request "themes/raggedy_anne/js/underscore-min.map".' in /home4/colinfle/YiiRoot1.1.13/framework/web/CWebApplication.php:286
Stack trace:
#0 /home4/colinfle/YiiRoot1.1.13/framework/web/CWebApplication.php(141): CWebApplication->runController('themes/raggedy_...')
#1 /home4/colinfle/YiiRoot1.1.13/framework/base/CApplication.php(169): CWebApplication->processRequest()
#2 /home4/colinfle/public_html/ragsblinddraw.com/index.php(13): CApplication->run()
#3 {main}
REQUEST_URI=/themes/raggedy_anne/js/underscore-min.map
HTTP_REFERER=http://ragsblinddraw.com/director/tournament/update/id/2
---
2014/05/28 15:11:15 [error] [exception.CHttpException.404] exception 'CHttpException' with message 'Unable to resolve the request "themes/raggedy_anne/js/underscore-min.map".' in /home4/colinfle/YiiRoot1.1.13/framework/web/CWebApplication.php:286
Stack trace:
#0 /home4/colinfle/YiiRoot1.1.13/framework/web/CWebApplication.php(141): CWebApplication->runController('themes/raggedy_...')
#1 /home4/colinfle/YiiRoot1.1.13/framework/base/CApplication.php(169): CWebApplication->processRequest()
#2 /home4/colinfle/public_html/ragsblinddraw.com/index.php(13): CApplication->run()
#3 {main}
REQUEST_URI=/themes/raggedy_anne/js/underscore-min.map
HTTP_REFERER=http://ragsblinddraw.com/director/tournament/update/id/2
---
2014/05/28 15:12:40 [error] [exception.CHttpException.404] exception 'CHttpException' with message 'Unable to resolve the request "themes/raggedy_anne/js/underscore-min.map".' in /home4/colinfle/YiiRoot1.1.13/framework/web/CWebApplication.php:286
Stack trace:
#0 /home4/colinfle/YiiRoot1.1.13/framework/web/CWebApplication.php(141): CWebApplication->runController('themes/raggedy_...')
#1 /home4/colinfle/YiiRoot1.1.13/framework/base/CApplication.php(169): CWebApplication->processRequest()
#2 /home4/colinfle/public_html/ragsblinddraw.com/index.php(13): CApplication->run()
#3 {main}
REQUEST_URI=/themes/raggedy_anne/js/underscore-min.map
HTTP_REFERER=http://ragsblinddraw.com/director/tournament/update/id/2
---
2014/05/28 15:12:48 [error] [exception.CHttpException.404] exception 'CHttpException' with message 'Unable to resolve the request "themes/raggedy_anne/js/underscore-min.map".' in /home4/colinfle/YiiRoot1.1.13/framework/web/CWebApplication.php:286
Stack trace:
#0 /home4/colinfle/YiiRoot1.1.13/framework/web/CWebApplication.php(141): CWebApplication->runController('themes/raggedy_...')
#1 /home4/colinfle/YiiRoot1.1.13/framework/base/CApplication.php(169): CWebApplication->processRequest()
#2 /home4/colinfle/public_html/ragsblinddraw.com/index.php(13): CApplication->run()
#3 {main}
REQUEST_URI=/themes/raggedy_anne/js/underscore-min.map
HTTP_REFERER=http://ragsblinddraw.com/director/tournament/update/id/2
---
2014/05/28 15:13:01 [error] [exception.CHttpException.404] exception 'CHttpException' with message 'Unable to resolve the request "themes/raggedy_anne/js/underscore-min.map".' in /home4/colinfle/YiiRoot1.1.13/framework/web/CWebApplication.php:286
Stack trace:
#0 /home4/colinfle/YiiRoot1.1.13/framework/web/CWebApplication.php(141): CWebApplication->runController('themes/raggedy_...')
#1 /home4/colinfle/YiiRoot1.1.13/framework/base/CApplication.php(169): CWebApplication->processRequest()
#2 /home4/colinfle/public_html/ragsblinddraw.com/index.php(13): CApplication->run()
#3 {main}
REQUEST_URI=/themes/raggedy_anne/js/underscore-min.map
HTTP_REFERER=http://ragsblinddraw.com/director/tournament/players/id/2
---
2014/05/28 15:19:06 [error] [exception.CHttpException.404] exception 'CHttpException' with message 'The system is unable to find the requested action "blah".' in /home4/colinfle/YiiRoot1.1.13/framework/web/CController.php:483
Stack trace:
#0 /home4/colinfle/YiiRoot1.1.13/framework/web/CController.php(270): CController->missingAction('blah')
#1 /home4/colinfle/YiiRoot1.1.13/framework/web/CWebApplication.php(282): CController->run('blah')
#2 /home4/colinfle/YiiRoot1.1.13/framework/web/CWebApplication.php(141): CWebApplication->runController('site/blah')
#3 /home4/colinfle/YiiRoot1.1.13/framework/base/CApplication.php(169): CWebApplication->processRequest()
#4 /home4/colinfle/public_html/ragsblinddraw.com/index.php(13): CApplication->run()
#5 {main}
REQUEST_URI=/site/blah
---
2014/05/28 16:02:34 [error] [exception.CHttpException.404] exception 'CHttpException' with message 'Unable to resolve the request "themes/raggedy_anne/js/underscore-min.map".' in /home4/colinfle/YiiRoot1.1.13/framework/web/CWebApplication.php:286
Stack trace:
#0 /home4/colinfle/YiiRoot1.1.13/framework/web/CWebApplication.php(141): CWebApplication->runController('themes/raggedy_...')
#1 /home4/colinfle/YiiRoot1.1.13/framework/base/CApplication.php(169): CWebApplication->processRequest()
#2 /home4/colinfle/public_html/ragsblinddraw.com/index.php(13): CApplication->run()
#3 {main}
REQUEST_URI=/themes/raggedy_anne/js/underscore-min.map
HTTP_REFERER=http://ragsblinddraw.com/director/tournament/players/id/2
---
2014/05/28 16:03:29 [error] [exception.CHttpException.404] exception 'CHttpException' with message 'Unable to resolve the request "themes/raggedy_anne/js/underscore-min.map".' in /home4/colinfle/YiiRoot1.1.13/framework/web/CWebApplication.php:286
Stack trace:
#0 /home4/colinfle/YiiRoot1.1.13/framework/web/CWebApplication.php(141): CWebApplication->runController('themes/raggedy_...')
#1 /home4/colinfle/YiiRoot1.1.13/framework/base/CApplication.php(169): CWebApplication->processRequest()
#2 /home4/colinfle/public_html/ragsblinddraw.com/index.php(13): CApplication->run()
#3 {main}
REQUEST_URI=/themes/raggedy_anne/js/underscore-min.map
HTTP_REFERER=http://ragsblinddraw.com/director/tournament/index
---
2014/05/28 16:03:31 [error] [exception.CHttpException.404] exception 'CHttpException' with message 'Unable to resolve the request "themes/raggedy_anne/js/underscore-min.map".' in /home4/colinfle/YiiRoot1.1.13/framework/web/CWebApplication.php:286
Stack trace:
#0 /home4/colinfle/YiiRoot1.1.13/framework/web/CWebApplication.php(141): CWebApplication->runController('themes/raggedy_...')
#1 /home4/colinfle/YiiRoot1.1.13/framework/base/CApplication.php(169): CWebApplication->processRequest()
#2 /home4/colinfle/public_html/ragsblinddraw.com/index.php(13): CApplication->run()
#3 {main}
REQUEST_URI=/themes/raggedy_anne/js/underscore-min.map
HTTP_REFERER=http://ragsblinddraw.com/director/tournament/update/id/2
---
2014/05/28 16:03:33 [error] [exception.CHttpException.404] exception 'CHttpException' with message 'Unable to resolve the request "themes/raggedy_anne/js/underscore-min.map".' in /home4/colinfle/YiiRoot1.1.13/framework/web/CWebApplication.php:286
Stack trace:
#0 /home4/colinfle/YiiRoot1.1.13/framework/web/CWebApplication.php(141): CWebApplication->runController('themes/raggedy_...')
#1 /home4/colinfle/YiiRoot1.1.13/framework/base/CApplication.php(169): CWebApplication->processRequest()
#2 /home4/colinfle/public_html/ragsblinddraw.com/index.php(13): CApplication->run()
#3 {main}
REQUEST_URI=/themes/raggedy_anne/js/underscore-min.map
HTTP_REFERER=http://ragsblinddraw.com/director/tournament/players/id/2
---
2014/05/28 21:10:51 [error] [php] require() [<a href='function.require'>function.require</a>]: Filename cannot be empty (/home4/colinfle/YiiRoot1.1.13/framework/web/CBaseController.php:130)
Stack trace:
#0 /home4/colinfle/YiiRoot1.1.13/framework/zii/widgets/CListView.php(281): PlayerController->renderFile()
#1 /home4/colinfle/YiiRoot1.1.13/framework/zii/widgets/CBaseListView.php(160): TbListView->renderItems()
#2 unknown(0): TbListView->renderSection()
#3 /home4/colinfle/YiiRoot1.1.13/framework/zii/widgets/CBaseListView.php(143): preg_replace_callback()
#4 /home4/colinfle/YiiRoot1.1.13/framework/zii/widgets/CBaseListView.php(128): TbListView->renderContent()
#5 /home4/colinfle/YiiRoot1.1.13/framework/web/CBaseController.php(173): TbListView->run()
#6 /home4/colinfle/public_html/ragsblinddraw.com/protected/modules/director/views/player/index.php(17): PlayerController->widget()
#7 /home4/colinfle/YiiRoot1.1.13/framework/web/CBaseController.php(126): require()
#8 /home4/colinfle/YiiRoot1.1.13/framework/web/CBaseController.php(95): PlayerController->renderInternal()
#9 /home4/colinfle/YiiRoot1.1.13/framework/web/CController.php(869): PlayerController->renderFile()
#10 /home4/colinfle/YiiRoot1.1.13/framework/web/CController.php(782): PlayerController->renderPartial()
#11 /home4/colinfle/public_html/ragsblinddraw.com/protected/modules/director/controllers/PlayerController.php(133): PlayerController->render()
#12 /home4/colinfle/YiiRoot1.1.13/framework/web/actions/CInlineAction.php(49): PlayerController->actionIndex()
#13 /home4/colinfle/YiiRoot1.1.13/framework/web/CController.php(308): CInlineAction->runWithParams()
#14 /home4/colinfle/YiiRoot1.1.13/framework/web/filters/CFilterChain.php(133): PlayerController->runAction()
#15 /home4/colinfle/YiiRoot1.1.13/framework/web/filters/CFilter.php(40): CFilterChain->run()
#16 /home4/colinfle/YiiRoot1.1.13/framework/web/CController.php(1145): CAccessControlFilter->filter()
#17 /home4/colinfle/YiiRoot1.1.13/framework/web/filters/CInlineFilter.php(58): PlayerController->filterAccessControl()
#18 /home4/colinfle/YiiRoot1.1.13/framework/web/filters/CFilterChain.php(130): CInlineFilter->filter()
#19 /home4/colinfle/YiiRoot1.1.13/framework/web/CController.php(291): CFilterChain->run()
#20 /home4/colinfle/YiiRoot1.1.13/framework/web/CController.php(265): PlayerController->runActionWithFilters()
#21 /home4/colinfle/YiiRoot1.1.13/framework/web/CWebApplication.php(282): PlayerController->run()
#22 /home4/colinfle/YiiRoot1.1.13/framework/web/CWebApplication.php(141): CWebApplication->runController()
#23 /home4/colinfle/YiiRoot1.1.13/framework/base/CApplication.php(169): CWebApplication->processRequest()
#24 /home4/colinfle/public_html/ragsblinddraw.com/index.php(13): CWebApplication->run()
REQUEST_URI=/director/player
in /home4/colinfle/public_html/ragsblinddraw.com/protected/modules/director/views/player/index.php (17)
in /home4/colinfle/public_html/ragsblinddraw.com/protected/modules/director/controllers/PlayerController.php (133)
in /home4/colinfle/public_html/ragsblinddraw.com/index.php (13)
2014/05/28 21:11:51 [error] [exception.CException] exception 'CException' with message 'Property "Player.date" is not defined.' in /home4/colinfle/YiiRoot1.1.13/framework/base/CComponent.php:130
Stack trace:
#0 /home4/colinfle/YiiRoot1.1.13/framework/db/ar/CActiveRecord.php(143): CComponent->__get('date')
#1 /home4/colinfle/YiiRoot1.1.13/framework/base/CComponent.php(606) : eval()'d code(1): CActiveRecord->__get('date')
#2 /home4/colinfle/YiiRoot1.1.13/framework/base/CComponent.php(606): eval()
#3 /home4/colinfle/YiiRoot1.1.13/framework/zii/widgets/grid/CDataColumn.php(131): CComponent->evaluateExpression('Yii::app()->dat...', Array)
#4 /home4/colinfle/YiiRoot1.1.13/framework/zii/widgets/grid/CGridColumn.php(144): CDataColumn->renderDataCellContent(0, Object(Player))
#5 /home4/colinfle/YiiRoot1.1.13/framework/zii/widgets/grid/CGridView.php(589): CGridColumn->renderDataCell(0)
#6 /home4/colinfle/YiiRoot1.1.13/framework/zii/widgets/grid/CGridView.php(545): CGridView->renderTableRow(0)
#7 /home4/colinfle/YiiRoot1.1.13/framework/zii/widgets/grid/CGridView.php(455): CGridView->renderTableBody()
#8 /home4/colinfle/YiiRoot1.1.13/framework/zii/widgets/CBaseListView.php(160): CGridView->renderItems()
#9 /home4/colinfle/YiiRoot1.1.13/framework/zii/widgets/CBaseListView.php(143): CBaseListView->renderSection(Array)
#10 /home4/colinfle/YiiRoot1.1.13/framework/zii/widgets/CBaseListView.php(128): CBaseListView->renderContent('/{(\w+)}/', Array, '{items} {pager}')
#11 /home4/colinfle/YiiRoot1.1.13/framework/web/CBaseController.php(173): CBaseListView->run()
#12 /home4/colinfle/public_html/ragsblinddraw.com/protected/modules/director/views/player/index.php(44): CBaseController->widget()
#13 /home4/colinfle/YiiRoot1.1.13/framework/web/CBaseController.php(126): require('/home4/colinfle...')
#14 /home4/colinfle/YiiRoot1.1.13/framework/web/CBaseController.php(95): CBaseController->renderInternal('bootstrap.widge...', Array)
#15 /home4/colinfle/YiiRoot1.1.13/framework/web/CController.php(869): CBaseController->renderFile('/home4/colinfle...', Array, true)
#16 /home4/colinfle/YiiRoot1.1.13/framework/web/CController.php(782): CController->renderPartial('/home4/colinfle...', Array, true)
#17 /home4/colinfle/public_html/ragsblinddraw.com/protected/modules/director/controllers/PlayerController.php(133): CController->render('index', Array, true)
#18 /home4/colinfle/YiiRoot1.1.13/framework/web/actions/CInlineAction.php(49): PlayerController->actionIndex('index', Array)
#19 /home4/colinfle/YiiRoot1.1.13/framework/web/CController.php(308): CInlineAction->runWithParams()
#20 /home4/colinfle/YiiRoot1.1.13/framework/web/filters/CFilterChain.php(133): CController->runAction(Array)
#21 /home4/colinfle/YiiRoot1.1.13/framework/web/filters/CFilter.php(40): CFilterChain->run(Object(CInlineAction))
#22 /home4/colinfle/YiiRoot1.1.13/framework/web/CController.php(1145): CFilter->filter()
#23 /home4/colinfle/YiiRoot1.1.13/framework/web/filters/CInlineFilter.php(58): CController->filterAccessControl(Object(CFilterChain))
#24 /home4/colinfle/YiiRoot1.1.13/framework/web/filters/CFilterChain.php(130): CInlineFilter->filter(Object(CFilterChain))
#25 /home4/colinfle/YiiRoot1.1.13/framework/web/CController.php(291): CFilterChain->run(Object(CFilterChain))
#26 /home4/colinfle/YiiRoot1.1.13/framework/web/CController.php(265): CController->runActionWithFilters()
#27 /home4/colinfle/YiiRoot1.1.13/framework/web/CWebApplication.php(282): CController->run(Object(CInlineAction), Array)
#28 /home4/colinfle/YiiRoot1.1.13/framework/web/CWebApplication.php(141): CWebApplication->runController('')
#29 /home4/colinfle/YiiRoot1.1.13/framework/base/CApplication.php(169): CWebApplication->processRequest('director/player')
#30 /home4/colinfle/public_html/ragsblinddraw.com/index.php(13): CApplication->run()
#31 {main}
REQUEST_URI=/director/player
HTTP_REFERER=http://ragsblinddraw.com/director
---
2014/05/28 21:12:26 [error] [exception.CException] exception 'CException' with message 'Property "PlayerController._layout" is not defined.' in /home4/colinfle/YiiRoot1.1.13/framework/base/CComponent.php:130
Stack trace:
#0 /home4/colinfle/public_html/ragsblinddraw.com/themes/raggedy_anne/views/layouts/main.php(24): CComponent->__get('_layout')
#1 /home4/colinfle/YiiRoot1.1.13/framework/web/CBaseController.php(126): require('/home4/colinfle...')
#2 /home4/colinfle/YiiRoot1.1.13/framework/web/CBaseController.php(95): CBaseController->renderInternal('/home4/colinfle...', Array, true)
#3 /home4/colinfle/YiiRoot1.1.13/framework/web/widgets/CContentDecorator.php(76): CBaseController->renderFile('/home4/colinfle...', Array, true)
#4 /home4/colinfle/YiiRoot1.1.13/framework/web/widgets/CContentDecorator.php(54): CContentDecorator->decorate('<div class="spa...')
#5 /home4/colinfle/YiiRoot1.1.13/framework/web/widgets/COutputProcessor.php(44): CContentDecorator->processOutput('<div class="spa...')
#6 /home4/colinfle/YiiRoot1.1.13/framework/web/CBaseController.php(206): COutputProcessor->run()
#7 /home4/colinfle/YiiRoot1.1.13/framework/web/CBaseController.php(300): CBaseController->endWidget('CContentDecorat...')
#8 /home4/colinfle/public_html/ragsblinddraw.com/protected/views/layouts/column2.php(22): CBaseController->endContent()
#9 /home4/colinfle/YiiRoot1.1.13/framework/web/CBaseController.php(126): require('/home4/colinfle...')
#10 /home4/colinfle/YiiRoot1.1.13/framework/web/CBaseController.php(95): CBaseController->renderInternal('/home4/colinfle...', Array, true)
#11 /home4/colinfle/YiiRoot1.1.13/framework/web/CController.php(784): CBaseController->renderFile('/home4/colinfle...', Array, true)
#12 /home4/colinfle/public_html/ragsblinddraw.com/protected/modules/director/controllers/PlayerController.php(133): CController->render('index', Array)
#13 /home4/colinfle/YiiRoot1.1.13/framework/web/actions/CInlineAction.php(49): PlayerController->actionIndex()
#14 /home4/colinfle/YiiRoot1.1.13/framework/web/CController.php(308): CInlineAction->runWithParams(Array)
#15 /home4/colinfle/YiiRoot1.1.13/framework/web/filters/CFilterChain.php(133): CController->runAction(Object(CInlineAction))
#16 /home4/colinfle/YiiRoot1.1.13/framework/web/filters/CFilter.php(40): CFilterChain->run()
#17 /home4/colinfle/YiiRoot1.1.13/framework/web/CController.php(1145): CFilter->filter(Object(CFilterChain))
#18 /home4/colinfle/YiiRoot1.1.13/framework/web/filters/CInlineFilter.php(58): CController->filterAccessControl(Object(CFilterChain))
#19 /home4/colinfle/YiiRoot1.1.13/framework/web/filters/CFilterChain.php(130): CInlineFilter->filter(Object(CFilterChain))
#20 /home4/colinfle/YiiRoot1.1.13/framework/web/CController.php(291): CFilterChain->run()
#21 /home4/colinfle/YiiRoot1.1.13/framework/web/CController.php(265): CController->runActionWithFilters(Object(CInlineAction), Array)
#22 /home4/colinfle/YiiRoot1.1.13/framework/web/CWebApplication.php(282): CController->run('')
#23 /home4/colinfle/YiiRoot1.1.13/framework/web/CWebApplication.php(141): CWebApplication->runController('director/player')
#24 /home4/colinfle/YiiRoot1.1.13/framework/base/CApplication.php(169): CWebApplication->processRequest()
#25 /home4/colinfle/public_html/ragsblinddraw.com/index.php(13): CApplication->run()
#26 {main}
REQUEST_URI=/director/player
HTTP_REFERER=http://ragsblinddraw.com/director
---
