2014/11/03 01:27:10 [error] [exception.CHttpException.404] exception 'CHttpException' with message 'Unable to resolve the request "robots.txt".' in /home4/colinfle/YiiRoot1.1.13/framework/web/CWebApplication.php:286
Stack trace:
#0 /home4/colinfle/YiiRoot1.1.13/framework/web/CWebApplication.php(141): CWebApplication->runController('robots.txt')
#1 /home4/colinfle/YiiRoot1.1.13/framework/base/CApplication.php(169): CWebApplication->processRequest()
#2 /home4/colinfle/public_html/ragsblinddraw.com/index.php(13): CApplication->run()
#3 {main}
REQUEST_URI=/robots.txt
---
2014/11/03 06:59:36 [error] [exception.CHttpException.404] exception 'CHttpException' with message 'Unable to resolve the request "include/version.php".' in /home4/colinfle/YiiRoot1.1.13/framework/web/CWebApplication.php:286
Stack trace:
#0 /home4/colinfle/YiiRoot1.1.13/framework/web/CWebApplication.php(141): CWebApplication->runController('include/version...')
#1 /home4/colinfle/YiiRoot1.1.13/framework/base/CApplication.php(169): CWebApplication->processRequest()
#2 /home4/colinfle/public_html/ragsblinddraw.com/index.php(13): CApplication->run()
#3 {main}
REQUEST_URI=/include/version.php
---
2014/11/03 06:59:36 [error] [exception.CHttpException.404] exception 'CHttpException' with message 'Unable to resolve the request "cart/include/version.php".' in /home4/colinfle/YiiRoot1.1.13/framework/web/CWebApplication.php:286
Stack trace:
#0 /home4/colinfle/YiiRoot1.1.13/framework/web/CWebApplication.php(141): CWebApplication->runController('cart/include/ve...')
#1 /home4/colinfle/YiiRoot1.1.13/framework/base/CApplication.php(169): CWebApplication->processRequest()
#2 /home4/colinfle/public_html/ragsblinddraw.com/index.php(13): CApplication->run()
#3 {main}
REQUEST_URI=/cart/include/version.php
---
2014/11/03 06:59:37 [error] [exception.CHttpException.404] exception 'CHttpException' with message 'Unable to resolve the request "xcart/include/version.php".' in /home4/colinfle/YiiRoot1.1.13/framework/web/CWebApplication.php:286
Stack trace:
#0 /home4/colinfle/YiiRoot1.1.13/framework/web/CWebApplication.php(141): CWebApplication->runController('xcart/include/v...')
#1 /home4/colinfle/YiiRoot1.1.13/framework/base/CApplication.php(169): CWebApplication->processRequest()
#2 /home4/colinfle/public_html/ragsblinddraw.com/index.php(13): CApplication->run()
#3 {main}
REQUEST_URI=/xcart/include/version.php
---
2014/11/03 06:59:37 [error] [exception.CHttpException.404] exception 'CHttpException' with message 'Unable to resolve the request "store/include/version.php".' in /home4/colinfle/YiiRoot1.1.13/framework/web/CWebApplication.php:286
Stack trace:
#0 /home4/colinfle/YiiRoot1.1.13/framework/web/CWebApplication.php(141): CWebApplication->runController('store/include/v...')
#1 /home4/colinfle/YiiRoot1.1.13/framework/base/CApplication.php(169): CWebApplication->processRequest()
#2 /home4/colinfle/public_html/ragsblinddraw.com/index.php(13): CApplication->run()
#3 {main}
REQUEST_URI=/store/include/version.php
---
2014/11/03 06:59:38 [error] [exception.CHttpException.404] exception 'CHttpException' with message 'Unable to resolve the request "shop/include/version.php".' in /home4/colinfle/YiiRoot1.1.13/framework/web/CWebApplication.php:286
Stack trace:
#0 /home4/colinfle/YiiRoot1.1.13/framework/web/CWebApplication.php(141): CWebApplication->runController('shop/include/ve...')
#1 /home4/colinfle/YiiRoot1.1.13/framework/base/CApplication.php(169): CWebApplication->processRequest()
#2 /home4/colinfle/public_html/ragsblinddraw.com/index.php(13): CApplication->run()
#3 {main}
REQUEST_URI=/shop/include/version.php
---
2014/11/03 07:47:29 [error] [exception.CHttpException.404] exception 'CHttpException' with message 'Unable to resolve the request "robots.txt".' in /home4/colinfle/YiiRoot1.1.13/framework/web/CWebApplication.php:286
Stack trace:
#0 /home4/colinfle/YiiRoot1.1.13/framework/web/CWebApplication.php(141): CWebApplication->runController('robots.txt')
#1 /home4/colinfle/YiiRoot1.1.13/framework/base/CApplication.php(169): CWebApplication->processRequest()
#2 /home4/colinfle/public_html/ragsblinddraw.com/index.php(13): CApplication->run()
#3 {main}
REQUEST_URI=/robots.txt
---
2014/11/03 21:34:59 [error] [exception.CHttpException.404] exception 'CHttpException' with message 'Unable to resolve the request "robots.txt".' in /home4/colinfle/YiiRoot1.1.13/framework/web/CWebApplication.php:286
Stack trace:
#0 /home4/colinfle/YiiRoot1.1.13/framework/web/CWebApplication.php(141): CWebApplication->runController('robots.txt')
#1 /home4/colinfle/YiiRoot1.1.13/framework/base/CApplication.php(169): CWebApplication->processRequest()
#2 /home4/colinfle/public_html/ragsblinddraw.com/index.php(13): CApplication->run()
#3 {main}
REQUEST_URI=/robots.txt
---
