2014/06/30 07:46:05 [error] [exception.CHttpException.404] exception 'CHttpException' with message 'Unable to resolve the request "favicon.ico".' in /home4/colinfle/YiiRoot1.1.13/framework/web/CWebApplication.php:286
Stack trace:
#0 /home4/colinfle/YiiRoot1.1.13/framework/web/CWebApplication.php(141): CWebApplication->runController('favicon.ico')
#1 /home4/colinfle/YiiRoot1.1.13/framework/base/CApplication.php(169): CWebApplication->processRequest()
#2 /home4/colinfle/public_html/ragsblinddraw.com/index.php(13): CApplication->run()
#3 {main}
REQUEST_URI=/favicon.ico
---
2014/06/30 08:18:05 [error] [php] preg_match() [<a href='function.preg-match'>function.preg-match</a>]: No ending delimiter '^' found (/home4/colinfle/YiiRoot1.1.13/framework/validators/CRegularExpressionValidator.php:50)
Stack trace:
#0 /home4/colinfle/YiiRoot1.1.13/framework/base/CModel.php(159): CRegularExpressionValidator->validate()
#1 /home4/colinfle/public_html/ragsblinddraw.com/protected/modules/director/controllers/TournamentController.php(68): Tournament->validate()
#2 /home4/colinfle/YiiRoot1.1.13/framework/web/actions/CInlineAction.php(49): TournamentController->actionCreate()
#3 /home4/colinfle/YiiRoot1.1.13/framework/web/CController.php(308): CInlineAction->runWithParams()
#4 /home4/colinfle/YiiRoot1.1.13/framework/web/filters/CFilterChain.php(133): TournamentController->runAction()
#5 /home4/colinfle/YiiRoot1.1.13/framework/web/filters/CFilter.php(40): CFilterChain->run()
#6 /home4/colinfle/YiiRoot1.1.13/framework/web/CController.php(1145): CAccessControlFilter->filter()
#7 /home4/colinfle/YiiRoot1.1.13/framework/web/filters/CInlineFilter.php(58): TournamentController->filterAccessControl()
#8 /home4/colinfle/YiiRoot1.1.13/framework/web/filters/CFilterChain.php(130): CInlineFilter->filter()
#9 /home4/colinfle/YiiRoot1.1.13/framework/web/CController.php(291): CFilterChain->run()
#10 /home4/colinfle/YiiRoot1.1.13/framework/web/CController.php(265): TournamentController->runActionWithFilters()
#11 /home4/colinfle/YiiRoot1.1.13/framework/web/CWebApplication.php(282): TournamentController->run()
#12 /home4/colinfle/YiiRoot1.1.13/framework/web/CWebApplication.php(141): CWebApplication->runController()
#13 /home4/colinfle/YiiRoot1.1.13/framework/base/CApplication.php(169): CWebApplication->processRequest()
#14 /home4/colinfle/public_html/ragsblinddraw.com/index.php(13): CWebApplication->run()
REQUEST_URI=/director/tournament/create
in /home4/colinfle/public_html/ragsblinddraw.com/protected/modules/director/controllers/TournamentController.php (68)
in /home4/colinfle/public_html/ragsblinddraw.com/index.php (13)
2014/06/30 09:05:29 [error] [exception.CHttpException.403] exception 'CHttpException' with message 'You are not authorized to perform this action.' in /home4/colinfle/YiiRoot1.1.13/framework/web/auth/CAccessControlFilter.php:179
Stack trace:
#0 /home4/colinfle/YiiRoot1.1.13/framework/web/auth/CAccessControlFilter.php(142): CAccessControlFilter->accessDenied(Object(EWebUser), 'You are not aut...')
#1 /home4/colinfle/YiiRoot1.1.13/framework/web/filters/CFilter.php(38): CAccessControlFilter->preFilter(Object(CFilterChain))
#2 /home4/colinfle/YiiRoot1.1.13/framework/web/CController.php(1145): CFilter->filter(Object(CFilterChain))
#3 /home4/colinfle/YiiRoot1.1.13/framework/web/filters/CInlineFilter.php(58): CController->filterAccessControl(Object(CFilterChain))
#4 /home4/colinfle/YiiRoot1.1.13/framework/web/filters/CFilterChain.php(130): CInlineFilter->filter(Object(CFilterChain))
#5 /home4/colinfle/YiiRoot1.1.13/framework/web/CController.php(291): CFilterChain->run()
#6 /home4/colinfle/YiiRoot1.1.13/framework/web/CController.php(265): CController->runActionWithFilters(Object(CInlineAction), Array)
#7 /home4/colinfle/YiiRoot1.1.13/framework/web/CWebApplication.php(282): CController->run('starttournament')
#8 /home4/colinfle/YiiRoot1.1.13/framework/web/CWebApplication.php(141): CWebApplication->runController('director/tourna...')
#9 /home4/colinfle/YiiRoot1.1.13/framework/base/CApplication.php(169): CWebApplication->processRequest()
#10 /home4/colinfle/public_html/ragsblinddraw.com/index.php(13): CApplication->run()
#11 {main}
REQUEST_URI=/director/tournament/starttournament/id/1
HTTP_REFERER=http://ragsblinddraw.com/director/tournament/teams/id/1
---
2014/06/30 09:10:01 [error] [php] Object of class DateTime could not be converted to string (/home4/colinfle/public_html/ragsblinddraw.com/protected/modules/director/models/Tournament.php:278)
Stack trace:
#0 /home4/colinfle/YiiRoot1.1.13/framework/db/ar/CActiveRecord.php(795): Tournament->update()
#1 /home4/colinfle/public_html/ragsblinddraw.com/protected/modules/director/controllers/TournamentController.php(277): Tournament->save()
#2 unknown(0): TournamentController->actionStartTournament()
#3 /home4/colinfle/YiiRoot1.1.13/framework/web/actions/CAction.php(108): ReflectionMethod->invokeArgs()
#4 /home4/colinfle/YiiRoot1.1.13/framework/web/actions/CInlineAction.php(47): CInlineAction->runWithParamsInternal()
#5 /home4/colinfle/YiiRoot1.1.13/framework/web/CController.php(308): CInlineAction->runWithParams()
#6 /home4/colinfle/YiiRoot1.1.13/framework/web/filters/CFilterChain.php(133): TournamentController->runAction()
#7 /home4/colinfle/YiiRoot1.1.13/framework/web/filters/CFilter.php(40): CFilterChain->run()
#8 /home4/colinfle/YiiRoot1.1.13/framework/web/CController.php(1145): CAccessControlFilter->filter()
#9 /home4/colinfle/YiiRoot1.1.13/framework/web/filters/CInlineFilter.php(58): TournamentController->filterAccessControl()
#10 /home4/colinfle/YiiRoot1.1.13/framework/web/filters/CFilterChain.php(130): CInlineFilter->filter()
#11 /home4/colinfle/YiiRoot1.1.13/framework/web/CController.php(291): CFilterChain->run()
#12 /home4/colinfle/YiiRoot1.1.13/framework/web/CController.php(265): TournamentController->runActionWithFilters()
#13 /home4/colinfle/YiiRoot1.1.13/framework/web/CWebApplication.php(282): TournamentController->run()
#14 /home4/colinfle/YiiRoot1.1.13/framework/web/CWebApplication.php(141): CWebApplication->runController()
#15 /home4/colinfle/YiiRoot1.1.13/framework/base/CApplication.php(169): CWebApplication->processRequest()
#16 /home4/colinfle/public_html/ragsblinddraw.com/index.php(13): CWebApplication->run()
REQUEST_URI=/director/tournament/starttournament/id/1
in /home4/colinfle/public_html/ragsblinddraw.com/protected/modules/director/models/Tournament.php (278)
in /home4/colinfle/public_html/ragsblinddraw.com/protected/modules/director/controllers/TournamentController.php (277)
in /home4/colinfle/public_html/ragsblinddraw.com/index.php (13)
2014/06/30 09:13:25 [error] [php] DateTime::__construct() [<a href='datetime.--construct'>datetime.--construct</a>]: Failed to parse time string (1404141205) at position 7 (2): Unexpected character (/home4/colinfle/public_html/ragsblinddraw.com/protected/modules/director/models/Tournament.php:335)
Stack trace:
#0 /home4/colinfle/YiiRoot1.1.13/framework/db/ar/CActiveRecord.php(795): Tournament->update()
#1 /home4/colinfle/public_html/ragsblinddraw.com/protected/modules/director/controllers/TournamentController.php(278): Tournament->save()
#2 unknown(0): TournamentController->actionStartTournament()
#3 /home4/colinfle/YiiRoot1.1.13/framework/web/actions/CAction.php(108): ReflectionMethod->invokeArgs()
#4 /home4/colinfle/YiiRoot1.1.13/framework/web/actions/CInlineAction.php(47): CInlineAction->runWithParamsInternal()
#5 /home4/colinfle/YiiRoot1.1.13/framework/web/CController.php(308): CInlineAction->runWithParams()
#6 /home4/colinfle/YiiRoot1.1.13/framework/web/filters/CFilterChain.php(133): TournamentController->runAction()
#7 /home4/colinfle/YiiRoot1.1.13/framework/web/filters/CFilter.php(40): CFilterChain->run()
#8 /home4/colinfle/YiiRoot1.1.13/framework/web/CController.php(1145): CAccessControlFilter->filter()
#9 /home4/colinfle/YiiRoot1.1.13/framework/web/filters/CInlineFilter.php(58): TournamentController->filterAccessControl()
#10 /home4/colinfle/YiiRoot1.1.13/framework/web/filters/CFilterChain.php(130): CInlineFilter->filter()
#11 /home4/colinfle/YiiRoot1.1.13/framework/web/CController.php(291): CFilterChain->run()
#12 /home4/colinfle/YiiRoot1.1.13/framework/web/CController.php(265): TournamentController->runActionWithFilters()
#13 /home4/colinfle/YiiRoot1.1.13/framework/web/CWebApplication.php(282): TournamentController->run()
#14 /home4/colinfle/YiiRoot1.1.13/framework/web/CWebApplication.php(141): CWebApplication->runController()
#15 /home4/colinfle/YiiRoot1.1.13/framework/base/CApplication.php(169): CWebApplication->processRequest()
#16 /home4/colinfle/public_html/ragsblinddraw.com/index.php(13): CWebApplication->run()
REQUEST_URI=/director/tournament/starttournament/id/1
in /home4/colinfle/public_html/ragsblinddraw.com/protected/modules/director/models/Tournament.php (335)
in /home4/colinfle/public_html/ragsblinddraw.com/protected/modules/director/controllers/TournamentController.php (278)
in /home4/colinfle/public_html/ragsblinddraw.com/index.php (13)
2014/06/30 09:19:06 [error] [php] DateTime::__construct() [<a href='datetime.--construct'>datetime.--construct</a>]: Failed to parse time string (1404141546) at position 7 (5): Unexpected character (/home4/colinfle/public_html/ragsblinddraw.com/protected/modules/director/models/Tournament.php:335)
Stack trace:
#0 /home4/colinfle/YiiRoot1.1.13/framework/db/ar/CActiveRecord.php(795): Tournament->update()
#1 /home4/colinfle/public_html/ragsblinddraw.com/protected/modules/director/controllers/TournamentController.php(278): Tournament->save()
#2 unknown(0): TournamentController->actionStartTournament()
#3 /home4/colinfle/YiiRoot1.1.13/framework/web/actions/CAction.php(108): ReflectionMethod->invokeArgs()
#4 /home4/colinfle/YiiRoot1.1.13/framework/web/actions/CInlineAction.php(47): CInlineAction->runWithParamsInternal()
#5 /home4/colinfle/YiiRoot1.1.13/framework/web/CController.php(308): CInlineAction->runWithParams()
#6 /home4/colinfle/YiiRoot1.1.13/framework/web/filters/CFilterChain.php(133): TournamentController->runAction()
#7 /home4/colinfle/YiiRoot1.1.13/framework/web/filters/CFilter.php(40): CFilterChain->run()
#8 /home4/colinfle/YiiRoot1.1.13/framework/web/CController.php(1145): CAccessControlFilter->filter()
#9 /home4/colinfle/YiiRoot1.1.13/framework/web/filters/CInlineFilter.php(58): TournamentController->filterAccessControl()
#10 /home4/colinfle/YiiRoot1.1.13/framework/web/filters/CFilterChain.php(130): CInlineFilter->filter()
#11 /home4/colinfle/YiiRoot1.1.13/framework/web/CController.php(291): CFilterChain->run()
#12 /home4/colinfle/YiiRoot1.1.13/framework/web/CController.php(265): TournamentController->runActionWithFilters()
#13 /home4/colinfle/YiiRoot1.1.13/framework/web/CWebApplication.php(282): TournamentController->run()
#14 /home4/colinfle/YiiRoot1.1.13/framework/web/CWebApplication.php(141): CWebApplication->runController()
#15 /home4/colinfle/YiiRoot1.1.13/framework/base/CApplication.php(169): CWebApplication->processRequest()
#16 /home4/colinfle/public_html/ragsblinddraw.com/index.php(13): CWebApplication->run()
REQUEST_URI=/director/tournament/starttournament/id/1
in /home4/colinfle/public_html/ragsblinddraw.com/protected/modules/director/models/Tournament.php (335)
in /home4/colinfle/public_html/ragsblinddraw.com/protected/modules/director/controllers/TournamentController.php (278)
in /home4/colinfle/public_html/ragsblinddraw.com/index.php (13)
2014/06/30 10:00:02 [error] [php] Invalid argument supplied for foreach() (/home4/colinfle/public_html/ragsblinddraw.com/protected/modules/director/controllers/TournamentController.php:284)
Stack trace:
#0 /home4/colinfle/YiiRoot1.1.13/framework/web/actions/CInlineAction.php(47): CInlineAction->runWithParamsInternal()
#1 /home4/colinfle/YiiRoot1.1.13/framework/web/CController.php(308): CInlineAction->runWithParams()
#2 /home4/colinfle/YiiRoot1.1.13/framework/web/filters/CFilterChain.php(133): TournamentController->runAction()
#3 /home4/colinfle/YiiRoot1.1.13/framework/web/filters/CFilter.php(40): CFilterChain->run()
#4 /home4/colinfle/YiiRoot1.1.13/framework/web/CController.php(1145): CAccessControlFilter->filter()
#5 /home4/colinfle/YiiRoot1.1.13/framework/web/filters/CInlineFilter.php(58): TournamentController->filterAccessControl()
#6 /home4/colinfle/YiiRoot1.1.13/framework/web/filters/CFilterChain.php(130): CInlineFilter->filter()
#7 /home4/colinfle/YiiRoot1.1.13/framework/web/CController.php(291): CFilterChain->run()
#8 /home4/colinfle/YiiRoot1.1.13/framework/web/CController.php(265): TournamentController->runActionWithFilters()
#9 /home4/colinfle/YiiRoot1.1.13/framework/web/CWebApplication.php(282): TournamentController->run()
#10 /home4/colinfle/YiiRoot1.1.13/framework/web/CWebApplication.php(141): CWebApplication->runController()
#11 /home4/colinfle/YiiRoot1.1.13/framework/base/CApplication.php(169): CWebApplication->processRequest()
#12 /home4/colinfle/public_html/ragsblinddraw.com/index.php(13): CWebApplication->run()
REQUEST_URI=/director/tournament/starttournament/id/1
in /home4/colinfle/public_html/ragsblinddraw.com/protected/modules/director/controllers/TournamentController.php (284)
in /home4/colinfle/public_html/ragsblinddraw.com/index.php (13)
2014/06/30 10:36:57 [error] [system.db.CDbCommand] CDbCommand::execute() failed: SQLSTATE[23000]: Integrity constraint violation: 1062 Duplicate entry '23074990' for key 'challonge_match_id'. The SQL statement executed was: INSERT INTO `match` (`tournament_id`, `challonge_tournament_id`, `challonge_match_id`, `identifier`, `round`, `player_1`, `player_2`) VALUES (:yp0, :yp1, :yp2, :yp3, :yp4, :yp5, :yp6). Bound with :yp0=1, :yp1=1064011, :yp2=23074990, :yp3='A', :yp4=1, :yp5=16197097, :yp6=16197098.
in /home4/colinfle/public_html/ragsblinddraw.com/protected/modules/director/controllers/TournamentController.php (293)
in /home4/colinfle/public_html/ragsblinddraw.com/index.php (13)
2014/06/30 10:36:57 [error] [exception.CDbException] exception 'CDbException' with message 'CDbCommand failed to execute the SQL statement: SQLSTATE[23000]: Integrity constraint violation: 1062 Duplicate entry '23074990' for key 'challonge_match_id'. The SQL statement executed was: INSERT INTO `match` (`tournament_id`, `challonge_tournament_id`, `challonge_match_id`, `identifier`, `round`, `player_1`, `player_2`) VALUES (:yp0, :yp1, :yp2, :yp3, :yp4, :yp5, :yp6). Bound with :yp0=1, :yp1=1064011, :yp2=23074990, :yp3='A', :yp4=1, :yp5=16197097, :yp6=16197098' in /home4/colinfle/YiiRoot1.1.13/framework/db/CDbCommand.php:357
Stack trace:
#0 /home4/colinfle/YiiRoot1.1.13/framework/db/ar/CActiveRecord.php(1023): CDbCommand->execute()
#1 /home4/colinfle/YiiRoot1.1.13/framework/db/ar/CActiveRecord.php(795): CActiveRecord->insert(NULL)
#2 /home4/colinfle/public_html/ragsblinddraw.com/protected/modules/director/controllers/TournamentController.php(293): CActiveRecord->save()
#3 [internal function]: TournamentController->actionStartTournament('1')
#4 /home4/colinfle/YiiRoot1.1.13/framework/web/actions/CAction.php(108): ReflectionMethod->invokeArgs(Object(TournamentController), Array)
#5 /home4/colinfle/YiiRoot1.1.13/framework/web/actions/CInlineAction.php(47): CAction->runWithParamsInternal(Object(TournamentController), Object(ReflectionMethod), Array)
#6 /home4/colinfle/YiiRoot1.1.13/framework/web/CController.php(308): CInlineAction->runWithParams(Array)
#7 /home4/colinfle/YiiRoot1.1.13/framework/web/filters/CFilterChain.php(133): CController->runAction(Object(CInlineAction))
#8 /home4/colinfle/YiiRoot1.1.13/framework/web/filters/CFilter.php(40): CFilterChain->run()
#9 /home4/colinfle/YiiRoot1.1.13/framework/web/CController.php(1145): CFilter->filter(Object(CFilterChain))
#10 /home4/colinfle/YiiRoot1.1.13/framework/web/filters/CInlineFilter.php(58): CController->filterAccessControl(Object(CFilterChain))
#11 /home4/colinfle/YiiRoot1.1.13/framework/web/filters/CFilterChain.php(130): CInlineFilter->filter(Object(CFilterChain))
#12 /home4/colinfle/YiiRoot1.1.13/framework/web/CController.php(291): CFilterChain->run()
#13 /home4/colinfle/YiiRoot1.1.13/framework/web/CController.php(265): CController->runActionWithFilters(Object(CInlineAction), Array)
#14 /home4/colinfle/YiiRoot1.1.13/framework/web/CWebApplication.php(282): CController->run('starttournament')
#15 /home4/colinfle/YiiRoot1.1.13/framework/web/CWebApplication.php(141): CWebApplication->runController('director/tourna...')
#16 /home4/colinfle/YiiRoot1.1.13/framework/base/CApplication.php(169): CWebApplication->processRequest()
#17 /home4/colinfle/public_html/ragsblinddraw.com/index.php(13): CApplication->run()
#18 {main}
REQUEST_URI=/director/tournament/starttournament/id/1
---
2014/06/30 10:37:54 [error] [system.db.CDbCommand] CDbCommand::execute() failed: SQLSTATE[23000]: Integrity constraint violation: 1062 Duplicate entry '23074990' for key 'challonge_match_id'. The SQL statement executed was: INSERT INTO `match` (`tournament_id`, `challonge_tournament_id`, `challonge_match_id`, `identifier`, `round`, `player_1`, `player_2`) VALUES (:yp0, :yp1, :yp2, :yp3, :yp4, :yp5, :yp6). Bound with :yp0=1, :yp1=1064011, :yp2=23074990, :yp3='A', :yp4=1, :yp5=16197097, :yp6=16197098.
in /home4/colinfle/public_html/ragsblinddraw.com/protected/modules/director/controllers/TournamentController.php (294)
in /home4/colinfle/public_html/ragsblinddraw.com/index.php (13)
2014/06/30 10:37:54 [error] [system.db.CDbCommand] CDbCommand::execute() failed: SQLSTATE[23000]: Integrity constraint violation: 1062 Duplicate entry '23074991' for key 'challonge_match_id'. The SQL statement executed was: INSERT INTO `match` (`tournament_id`, `challonge_tournament_id`, `challonge_match_id`, `identifier`, `round`, `player_1`, `player_2`) VALUES (:yp0, :yp1, :yp2, :yp3, :yp4, :yp5, :yp6). Bound with :yp0=1, :yp1=1064011, :yp2=23074991, :yp3='B', :yp4=2, :yp5=16197096, :yp6=NULL.
in /home4/colinfle/public_html/ragsblinddraw.com/protected/modules/director/controllers/TournamentController.php (294)
in /home4/colinfle/public_html/ragsblinddraw.com/index.php (13)
2014/06/30 10:37:54 [error] [system.db.CDbCommand] CDbCommand::execute() failed: SQLSTATE[23000]: Integrity constraint violation: 1062 Duplicate entry '23074992' for key 'challonge_match_id'. The SQL statement executed was: INSERT INTO `match` (`tournament_id`, `challonge_tournament_id`, `challonge_match_id`, `identifier`, `round`, `player_1`, `player_2`) VALUES (:yp0, :yp1, :yp2, :yp3, :yp4, :yp5, :yp6). Bound with :yp0=1, :yp1=1064011, :yp2=23074992, :yp3='E', :yp4=-1, :yp5=NULL, :yp6=NULL.
in /home4/colinfle/public_html/ragsblinddraw.com/protected/modules/director/controllers/TournamentController.php (294)
in /home4/colinfle/public_html/ragsblinddraw.com/index.php (13)
2014/06/30 10:37:54 [error] [system.db.CDbCommand] CDbCommand::execute() failed: SQLSTATE[23000]: Integrity constraint violation: 1062 Duplicate entry '23074993' for key 'challonge_match_id'. The SQL statement executed was: INSERT INTO `match` (`tournament_id`, `challonge_tournament_id`, `challonge_match_id`, `identifier`, `round`, `player_1`, `player_2`) VALUES (:yp0, :yp1, :yp2, :yp3, :yp4, :yp5, :yp6). Bound with :yp0=1, :yp1=1064011, :yp2=23074993, :yp3='C', :yp4=3, :yp5=NULL, :yp6=NULL.
in /home4/colinfle/public_html/ragsblinddraw.com/protected/modules/director/controllers/TournamentController.php (294)
in /home4/colinfle/public_html/ragsblinddraw.com/index.php (13)
2014/06/30 10:37:54 [error] [system.db.CDbCommand] CDbCommand::execute() failed: SQLSTATE[23000]: Integrity constraint violation: 1062 Duplicate entry '23074994' for key 'challonge_match_id'. The SQL statement executed was: INSERT INTO `match` (`tournament_id`, `challonge_tournament_id`, `challonge_match_id`, `identifier`, `round`, `player_1`, `player_2`) VALUES (:yp0, :yp1, :yp2, :yp3, :yp4, :yp5, :yp6). Bound with :yp0=1, :yp1=1064011, :yp2=23074994, :yp3='D', :yp4=3, :yp5=NULL, :yp6=NULL.
in /home4/colinfle/public_html/ragsblinddraw.com/protected/modules/director/controllers/TournamentController.php (294)
in /home4/colinfle/public_html/ragsblinddraw.com/index.php (13)
2014/06/30 10:38:09 [error] [system.db.CDbCommand] CDbCommand::execute() failed: SQLSTATE[23000]: Integrity constraint violation: 1062 Duplicate entry '23074990' for key 'challonge_match_id'. The SQL statement executed was: INSERT INTO `match` (`tournament_id`, `challonge_tournament_id`, `challonge_match_id`, `identifier`, `round`, `player_1`, `player_2`) VALUES (:yp0, :yp1, :yp2, :yp3, :yp4, :yp5, :yp6). Bound with :yp0=1, :yp1=1064011, :yp2=23074990, :yp3='A', :yp4=1, :yp5=16197097, :yp6=16197098.
in /home4/colinfle/public_html/ragsblinddraw.com/protected/modules/director/controllers/TournamentController.php (294)
in /home4/colinfle/public_html/ragsblinddraw.com/index.php (13)
2014/06/30 10:38:09 [error] [system.db.CDbCommand] CDbCommand::execute() failed: SQLSTATE[23000]: Integrity constraint violation: 1062 Duplicate entry '23074991' for key 'challonge_match_id'. The SQL statement executed was: INSERT INTO `match` (`tournament_id`, `challonge_tournament_id`, `challonge_match_id`, `identifier`, `round`, `player_1`, `player_2`) VALUES (:yp0, :yp1, :yp2, :yp3, :yp4, :yp5, :yp6). Bound with :yp0=1, :yp1=1064011, :yp2=23074991, :yp3='B', :yp4=2, :yp5=16197096, :yp6=NULL.
in /home4/colinfle/public_html/ragsblinddraw.com/protected/modules/director/controllers/TournamentController.php (294)
in /home4/colinfle/public_html/ragsblinddraw.com/index.php (13)
2014/06/30 10:38:09 [error] [system.db.CDbCommand] CDbCommand::execute() failed: SQLSTATE[23000]: Integrity constraint violation: 1062 Duplicate entry '23074992' for key 'challonge_match_id'. The SQL statement executed was: INSERT INTO `match` (`tournament_id`, `challonge_tournament_id`, `challonge_match_id`, `identifier`, `round`, `player_1`, `player_2`) VALUES (:yp0, :yp1, :yp2, :yp3, :yp4, :yp5, :yp6). Bound with :yp0=1, :yp1=1064011, :yp2=23074992, :yp3='E', :yp4=-1, :yp5=NULL, :yp6=NULL.
in /home4/colinfle/public_html/ragsblinddraw.com/protected/modules/director/controllers/TournamentController.php (294)
in /home4/colinfle/public_html/ragsblinddraw.com/index.php (13)
2014/06/30 10:38:09 [error] [system.db.CDbCommand] CDbCommand::execute() failed: SQLSTATE[23000]: Integrity constraint violation: 1062 Duplicate entry '23074993' for key 'challonge_match_id'. The SQL statement executed was: INSERT INTO `match` (`tournament_id`, `challonge_tournament_id`, `challonge_match_id`, `identifier`, `round`, `player_1`, `player_2`) VALUES (:yp0, :yp1, :yp2, :yp3, :yp4, :yp5, :yp6). Bound with :yp0=1, :yp1=1064011, :yp2=23074993, :yp3='C', :yp4=3, :yp5=NULL, :yp6=NULL.
in /home4/colinfle/public_html/ragsblinddraw.com/protected/modules/director/controllers/TournamentController.php (294)
in /home4/colinfle/public_html/ragsblinddraw.com/index.php (13)
2014/06/30 10:38:09 [error] [system.db.CDbCommand] CDbCommand::execute() failed: SQLSTATE[23000]: Integrity constraint violation: 1062 Duplicate entry '23074994' for key 'challonge_match_id'. The SQL statement executed was: INSERT INTO `match` (`tournament_id`, `challonge_tournament_id`, `challonge_match_id`, `identifier`, `round`, `player_1`, `player_2`) VALUES (:yp0, :yp1, :yp2, :yp3, :yp4, :yp5, :yp6). Bound with :yp0=1, :yp1=1064011, :yp2=23074994, :yp3='D', :yp4=3, :yp5=NULL, :yp6=NULL.
in /home4/colinfle/public_html/ragsblinddraw.com/protected/modules/director/controllers/TournamentController.php (294)
in /home4/colinfle/public_html/ragsblinddraw.com/index.php (13)
2014/06/30 11:22:40 [error] [system.db.CDbCommand] CDbCommand::execute() failed: SQLSTATE[23000]: Integrity constraint violation: 1062 Duplicate entry '23074990' for key 'challonge_match_id'. The SQL statement executed was: INSERT INTO `match` (`tournament_id`, `challonge_tournament_id`, `challonge_match_id`, `identifier`, `round`, `player_1`, `player_2`) VALUES (:yp0, :yp1, :yp2, :yp3, :yp4, :yp5, :yp6). Bound with :yp0=1, :yp1=1064011, :yp2=23074990, :yp3='A', :yp4=1, :yp5=16197097, :yp6=16197098.
in /home4/colinfle/public_html/ragsblinddraw.com/protected/modules/director/controllers/TournamentController.php (303)
in /home4/colinfle/public_html/ragsblinddraw.com/index.php (13)
2014/06/30 11:22:40 [error] [system.db.CDbCommand] CDbCommand::execute() failed: SQLSTATE[23000]: Integrity constraint violation: 1062 Duplicate entry '23074991' for key 'challonge_match_id'. The SQL statement executed was: INSERT INTO `match` (`tournament_id`, `challonge_tournament_id`, `challonge_match_id`, `identifier`, `round`, `player_1`, `player_2`) VALUES (:yp0, :yp1, :yp2, :yp3, :yp4, :yp5, :yp6). Bound with :yp0=1, :yp1=1064011, :yp2=23074991, :yp3='B', :yp4=2, :yp5=16197096, :yp6=NULL.
in /home4/colinfle/public_html/ragsblinddraw.com/protected/modules/director/controllers/TournamentController.php (303)
in /home4/colinfle/public_html/ragsblinddraw.com/index.php (13)
2014/06/30 11:22:40 [error] [system.db.CDbCommand] CDbCommand::execute() failed: SQLSTATE[23000]: Integrity constraint violation: 1062 Duplicate entry '23074992' for key 'challonge_match_id'. The SQL statement executed was: INSERT INTO `match` (`tournament_id`, `challonge_tournament_id`, `challonge_match_id`, `identifier`, `round`, `player_1`, `player_2`) VALUES (:yp0, :yp1, :yp2, :yp3, :yp4, :yp5, :yp6). Bound with :yp0=1, :yp1=1064011, :yp2=23074992, :yp3='E', :yp4=-1, :yp5=NULL, :yp6=NULL.
in /home4/colinfle/public_html/ragsblinddraw.com/protected/modules/director/controllers/TournamentController.php (303)
in /home4/colinfle/public_html/ragsblinddraw.com/index.php (13)
2014/06/30 11:22:40 [error] [system.db.CDbCommand] CDbCommand::execute() failed: SQLSTATE[23000]: Integrity constraint violation: 1062 Duplicate entry '23074993' for key 'challonge_match_id'. The SQL statement executed was: INSERT INTO `match` (`tournament_id`, `challonge_tournament_id`, `challonge_match_id`, `identifier`, `round`, `player_1`, `player_2`) VALUES (:yp0, :yp1, :yp2, :yp3, :yp4, :yp5, :yp6). Bound with :yp0=1, :yp1=1064011, :yp2=23074993, :yp3='C', :yp4=3, :yp5=NULL, :yp6=NULL.
in /home4/colinfle/public_html/ragsblinddraw.com/protected/modules/director/controllers/TournamentController.php (303)
in /home4/colinfle/public_html/ragsblinddraw.com/index.php (13)
2014/06/30 11:22:40 [error] [system.db.CDbCommand] CDbCommand::execute() failed: SQLSTATE[23000]: Integrity constraint violation: 1062 Duplicate entry '23074994' for key 'challonge_match_id'. The SQL statement executed was: INSERT INTO `match` (`tournament_id`, `challonge_tournament_id`, `challonge_match_id`, `identifier`, `round`, `player_1`, `player_2`) VALUES (:yp0, :yp1, :yp2, :yp3, :yp4, :yp5, :yp6). Bound with :yp0=1, :yp1=1064011, :yp2=23074994, :yp3='D', :yp4=3, :yp5=NULL, :yp6=NULL.
in /home4/colinfle/public_html/ragsblinddraw.com/protected/modules/director/controllers/TournamentController.php (303)
in /home4/colinfle/public_html/ragsblinddraw.com/index.php (13)
2014/06/30 11:22:40 [error] [exception.CHttpException.404] exception 'CHttpException' with message 'The requested page does not exist.' in /home4/colinfle/public_html/ragsblinddraw.com/protected/modules/director/controllers/TournamentController.php:564
Stack trace:
#0 /home4/colinfle/public_html/ragsblinddraw.com/protected/modules/director/controllers/TournamentController.php(283): TournamentController->loadModel('matches')
#1 [internal function]: TournamentController->actionStartTournament('matches')
#2 /home4/colinfle/YiiRoot1.1.13/framework/web/actions/CAction.php(108): ReflectionMethod->invokeArgs(Object(TournamentController), Array)
#3 /home4/colinfle/YiiRoot1.1.13/framework/web/actions/CInlineAction.php(47): CAction->runWithParamsInternal(Object(TournamentController), Object(ReflectionMethod), Array)
#4 /home4/colinfle/YiiRoot1.1.13/framework/web/CController.php(308): CInlineAction->runWithParams(Array)
#5 /home4/colinfle/YiiRoot1.1.13/framework/web/filters/CFilterChain.php(133): CController->runAction(Object(CInlineAction))
#6 /home4/colinfle/YiiRoot1.1.13/framework/web/filters/CFilter.php(40): CFilterChain->run()
#7 /home4/colinfle/YiiRoot1.1.13/framework/web/CController.php(1145): CFilter->filter(Object(CFilterChain))
#8 /home4/colinfle/YiiRoot1.1.13/framework/web/filters/CInlineFilter.php(58): CController->filterAccessControl(Object(CFilterChain))
#9 /home4/colinfle/YiiRoot1.1.13/framework/web/filters/CFilterChain.php(130): CInlineFilter->filter(Object(CFilterChain))
#10 /home4/colinfle/YiiRoot1.1.13/framework/web/CController.php(291): CFilterChain->run()
#11 /home4/colinfle/YiiRoot1.1.13/framework/web/CController.php(265): CController->runActionWithFilters(Object(CInlineAction), Array)
#12 /home4/colinfle/YiiRoot1.1.13/framework/web/CWebApplication.php(282): CController->run('starttournament')
#13 /home4/colinfle/YiiRoot1.1.13/framework/web/CWebApplication.php(141): CWebApplication->runController('director/tourna...')
#14 /home4/colinfle/YiiRoot1.1.13/framework/base/CApplication.php(169): CWebApplication->processRequest()
#15 /home4/colinfle/public_html/ragsblinddraw.com/index.php(13): CApplication->run()
#16 {main}
REQUEST_URI=/director/tournament/starttournament/id/matches
---
2014/06/30 11:56:25 [error] [exception.CHttpException.404] exception 'CHttpException' with message 'Unable to resolve the request "robots.txt".' in /home4/colinfle/YiiRoot1.1.13/framework/web/CWebApplication.php:286
Stack trace:
#0 /home4/colinfle/YiiRoot1.1.13/framework/web/CWebApplication.php(141): CWebApplication->runController('robots.txt')
#1 /home4/colinfle/YiiRoot1.1.13/framework/base/CApplication.php(169): CWebApplication->processRequest()
#2 /home4/colinfle/public_html/ragsblinddraw.com/index.php(13): CApplication->run()
#3 {main}
REQUEST_URI=/robots.txt
---
2014/06/30 12:54:50 [error] [exception.CHttpException.404] exception 'CHttpException' with message 'The requested page does not exist.' in /home4/colinfle/public_html/ragsblinddraw.com/protected/modules/director/controllers/TournamentController.php:564
Stack trace:
#0 /home4/colinfle/public_html/ragsblinddraw.com/protected/modules/director/controllers/TournamentController.php(283): TournamentController->loadModel('matches')
#1 [internal function]: TournamentController->actionStartTournament('matches')
#2 /home4/colinfle/YiiRoot1.1.13/framework/web/actions/CAction.php(108): ReflectionMethod->invokeArgs(Object(TournamentController), Array)
#3 /home4/colinfle/YiiRoot1.1.13/framework/web/actions/CInlineAction.php(47): CAction->runWithParamsInternal(Object(TournamentController), Object(ReflectionMethod), Array)
#4 /home4/colinfle/YiiRoot1.1.13/framework/web/CController.php(308): CInlineAction->runWithParams(Array)
#5 /home4/colinfle/YiiRoot1.1.13/framework/web/filters/CFilterChain.php(133): CController->runAction(Object(CInlineAction))
#6 /home4/colinfle/YiiRoot1.1.13/framework/web/filters/CFilter.php(40): CFilterChain->run()
#7 /home4/colinfle/YiiRoot1.1.13/framework/web/CController.php(1145): CFilter->filter(Object(CFilterChain))
#8 /home4/colinfle/YiiRoot1.1.13/framework/web/filters/CInlineFilter.php(58): CController->filterAccessControl(Object(CFilterChain))
#9 /home4/colinfle/YiiRoot1.1.13/framework/web/filters/CFilterChain.php(130): CInlineFilter->filter(Object(CFilterChain))
#10 /home4/colinfle/YiiRoot1.1.13/framework/web/CController.php(291): CFilterChain->run()
#11 /home4/colinfle/YiiRoot1.1.13/framework/web/CController.php(265): CController->runActionWithFilters(Object(CInlineAction), Array)
#12 /home4/colinfle/YiiRoot1.1.13/framework/web/CWebApplication.php(282): CController->run('starttournament')
#13 /home4/colinfle/YiiRoot1.1.13/framework/web/CWebApplication.php(141): CWebApplication->runController('director/tourna...')
#14 /home4/colinfle/YiiRoot1.1.13/framework/base/CApplication.php(169): CWebApplication->processRequest()
#15 /home4/colinfle/public_html/ragsblinddraw.com/index.php(13): CApplication->run()
#16 {main}
REQUEST_URI=/director/tournament/starttournament/id/matches
---
2014/06/30 12:54:53 [error] [exception.CHttpException.404] exception 'CHttpException' with message 'The requested page does not exist.' in /home4/colinfle/public_html/ragsblinddraw.com/protected/modules/director/controllers/TournamentController.php:564
Stack trace:
#0 /home4/colinfle/public_html/ragsblinddraw.com/protected/modules/director/controllers/TournamentController.php(283): TournamentController->loadModel('matches')
#1 [internal function]: TournamentController->actionStartTournament('matches')
#2 /home4/colinfle/YiiRoot1.1.13/framework/web/actions/CAction.php(108): ReflectionMethod->invokeArgs(Object(TournamentController), Array)
#3 /home4/colinfle/YiiRoot1.1.13/framework/web/actions/CInlineAction.php(47): CAction->runWithParamsInternal(Object(TournamentController), Object(ReflectionMethod), Array)
#4 /home4/colinfle/YiiRoot1.1.13/framework/web/CController.php(308): CInlineAction->runWithParams(Array)
#5 /home4/colinfle/YiiRoot1.1.13/framework/web/filters/CFilterChain.php(133): CController->runAction(Object(CInlineAction))
#6 /home4/colinfle/YiiRoot1.1.13/framework/web/filters/CFilter.php(40): CFilterChain->run()
#7 /home4/colinfle/YiiRoot1.1.13/framework/web/CController.php(1145): CFilter->filter(Object(CFilterChain))
#8 /home4/colinfle/YiiRoot1.1.13/framework/web/filters/CInlineFilter.php(58): CController->filterAccessControl(Object(CFilterChain))
#9 /home4/colinfle/YiiRoot1.1.13/framework/web/filters/CFilterChain.php(130): CInlineFilter->filter(Object(CFilterChain))
#10 /home4/colinfle/YiiRoot1.1.13/framework/web/CController.php(291): CFilterChain->run()
#11 /home4/colinfle/YiiRoot1.1.13/framework/web/CController.php(265): CController->runActionWithFilters(Object(CInlineAction), Array)
#12 /home4/colinfle/YiiRoot1.1.13/framework/web/CWebApplication.php(282): CController->run('starttournament')
#13 /home4/colinfle/YiiRoot1.1.13/framework/web/CWebApplication.php(141): CWebApplication->runController('director/tourna...')
#14 /home4/colinfle/YiiRoot1.1.13/framework/base/CApplication.php(169): CWebApplication->processRequest()
#15 /home4/colinfle/public_html/ragsblinddraw.com/index.php(13): CApplication->run()
#16 {main}
REQUEST_URI=/director/tournament/starttournament/id/matches
---
2014/06/30 12:57:00 [error] [system.db.CDbCommand] CDbCommand::execute() failed: SQLSTATE[23000]: Integrity constraint violation: 1062 Duplicate entry '23074990' for key 'challonge_match_id'. The SQL statement executed was: INSERT INTO `match` (`tournament_id`, `challonge_tournament_id`, `challonge_match_id`, `identifier`, `round`, `player_1`, `player_2`) VALUES (:yp0, :yp1, :yp2, :yp3, :yp4, :yp5, :yp6). Bound with :yp0=1, :yp1=1064011, :yp2=23074990, :yp3='A', :yp4=1, :yp5=16197097, :yp6=16197098.
in /home4/colinfle/public_html/ragsblinddraw.com/protected/modules/director/controllers/TournamentController.php (303)
in /home4/colinfle/public_html/ragsblinddraw.com/index.php (13)
2014/06/30 12:57:00 [error] [system.db.CDbCommand] CDbCommand::execute() failed: SQLSTATE[23000]: Integrity constraint violation: 1062 Duplicate entry '23074991' for key 'challonge_match_id'. The SQL statement executed was: INSERT INTO `match` (`tournament_id`, `challonge_tournament_id`, `challonge_match_id`, `identifier`, `round`, `player_1`, `player_2`) VALUES (:yp0, :yp1, :yp2, :yp3, :yp4, :yp5, :yp6). Bound with :yp0=1, :yp1=1064011, :yp2=23074991, :yp3='B', :yp4=2, :yp5=16197096, :yp6=NULL.
in /home4/colinfle/public_html/ragsblinddraw.com/protected/modules/director/controllers/TournamentController.php (303)
in /home4/colinfle/public_html/ragsblinddraw.com/index.php (13)
2014/06/30 12:57:00 [error] [system.db.CDbCommand] CDbCommand::execute() failed: SQLSTATE[23000]: Integrity constraint violation: 1062 Duplicate entry '23074992' for key 'challonge_match_id'. The SQL statement executed was: INSERT INTO `match` (`tournament_id`, `challonge_tournament_id`, `challonge_match_id`, `identifier`, `round`, `player_1`, `player_2`) VALUES (:yp0, :yp1, :yp2, :yp3, :yp4, :yp5, :yp6). Bound with :yp0=1, :yp1=1064011, :yp2=23074992, :yp3='E', :yp4=-1, :yp5=NULL, :yp6=NULL.
in /home4/colinfle/public_html/ragsblinddraw.com/protected/modules/director/controllers/TournamentController.php (303)
in /home4/colinfle/public_html/ragsblinddraw.com/index.php (13)
2014/06/30 12:57:00 [error] [system.db.CDbCommand] CDbCommand::execute() failed: SQLSTATE[23000]: Integrity constraint violation: 1062 Duplicate entry '23074993' for key 'challonge_match_id'. The SQL statement executed was: INSERT INTO `match` (`tournament_id`, `challonge_tournament_id`, `challonge_match_id`, `identifier`, `round`, `player_1`, `player_2`) VALUES (:yp0, :yp1, :yp2, :yp3, :yp4, :yp5, :yp6). Bound with :yp0=1, :yp1=1064011, :yp2=23074993, :yp3='C', :yp4=3, :yp5=NULL, :yp6=NULL.
in /home4/colinfle/public_html/ragsblinddraw.com/protected/modules/director/controllers/TournamentController.php (303)
in /home4/colinfle/public_html/ragsblinddraw.com/index.php (13)
2014/06/30 12:57:00 [error] [system.db.CDbCommand] CDbCommand::execute() failed: SQLSTATE[23000]: Integrity constraint violation: 1062 Duplicate entry '23074994' for key 'challonge_match_id'. The SQL statement executed was: INSERT INTO `match` (`tournament_id`, `challonge_tournament_id`, `challonge_match_id`, `identifier`, `round`, `player_1`, `player_2`) VALUES (:yp0, :yp1, :yp2, :yp3, :yp4, :yp5, :yp6). Bound with :yp0=1, :yp1=1064011, :yp2=23074994, :yp3='D', :yp4=3, :yp5=NULL, :yp6=NULL.
in /home4/colinfle/public_html/ragsblinddraw.com/protected/modules/director/controllers/TournamentController.php (303)
in /home4/colinfle/public_html/ragsblinddraw.com/index.php (13)
2014/06/30 12:57:00 [error] [exception.CHttpException.404] exception 'CHttpException' with message 'Unable to resolve the request "matches".' in /home4/colinfle/YiiRoot1.1.13/framework/web/CWebApplication.php:286
Stack trace:
#0 /home4/colinfle/YiiRoot1.1.13/framework/web/CWebApplication.php(141): CWebApplication->runController('matches')
#1 /home4/colinfle/YiiRoot1.1.13/framework/base/CApplication.php(169): CWebApplication->processRequest()
#2 /home4/colinfle/public_html/ragsblinddraw.com/index.php(13): CApplication->run()
#3 {main}
REQUEST_URI=/matches
---
2014/06/30 12:57:05 [error] [exception.CHttpException.404] exception 'CHttpException' with message 'The requested page does not exist.' in /home4/colinfle/public_html/ragsblinddraw.com/protected/modules/director/controllers/TournamentController.php:564
Stack trace:
#0 /home4/colinfle/public_html/ragsblinddraw.com/protected/modules/director/controllers/TournamentController.php(283): TournamentController->loadModel('matches')
#1 [internal function]: TournamentController->actionStartTournament('matches')
#2 /home4/colinfle/YiiRoot1.1.13/framework/web/actions/CAction.php(108): ReflectionMethod->invokeArgs(Object(TournamentController), Array)
#3 /home4/colinfle/YiiRoot1.1.13/framework/web/actions/CInlineAction.php(47): CAction->runWithParamsInternal(Object(TournamentController), Object(ReflectionMethod), Array)
#4 /home4/colinfle/YiiRoot1.1.13/framework/web/CController.php(308): CInlineAction->runWithParams(Array)
#5 /home4/colinfle/YiiRoot1.1.13/framework/web/filters/CFilterChain.php(133): CController->runAction(Object(CInlineAction))
#6 /home4/colinfle/YiiRoot1.1.13/framework/web/filters/CFilter.php(40): CFilterChain->run()
#7 /home4/colinfle/YiiRoot1.1.13/framework/web/CController.php(1145): CFilter->filter(Object(CFilterChain))
#8 /home4/colinfle/YiiRoot1.1.13/framework/web/filters/CInlineFilter.php(58): CController->filterAccessControl(Object(CFilterChain))
#9 /home4/colinfle/YiiRoot1.1.13/framework/web/filters/CFilterChain.php(130): CInlineFilter->filter(Object(CFilterChain))
#10 /home4/colinfle/YiiRoot1.1.13/framework/web/CController.php(291): CFilterChain->run()
#11 /home4/colinfle/YiiRoot1.1.13/framework/web/CController.php(265): CController->runActionWithFilters(Object(CInlineAction), Array)
#12 /home4/colinfle/YiiRoot1.1.13/framework/web/CWebApplication.php(282): CController->run('starttournament')
#13 /home4/colinfle/YiiRoot1.1.13/framework/web/CWebApplication.php(141): CWebApplication->runController('director/tourna...')
#14 /home4/colinfle/YiiRoot1.1.13/framework/base/CApplication.php(169): CWebApplication->processRequest()
#15 /home4/colinfle/public_html/ragsblinddraw.com/index.php(13): CApplication->run()
#16 {main}
REQUEST_URI=/director/tournament/starttournament/id/matches
---
2014/06/30 12:57:31 [error] [system.db.CDbCommand] CDbCommand::execute() failed: SQLSTATE[23000]: Integrity constraint violation: 1062 Duplicate entry '23074990' for key 'challonge_match_id'. The SQL statement executed was: INSERT INTO `match` (`tournament_id`, `challonge_tournament_id`, `challonge_match_id`, `identifier`, `round`, `player_1`, `player_2`) VALUES (:yp0, :yp1, :yp2, :yp3, :yp4, :yp5, :yp6). Bound with :yp0=1, :yp1=1064011, :yp2=23074990, :yp3='A', :yp4=1, :yp5=16197097, :yp6=16197098.
in /home4/colinfle/public_html/ragsblinddraw.com/protected/modules/director/controllers/TournamentController.php (303)
in /home4/colinfle/public_html/ragsblinddraw.com/index.php (13)
2014/06/30 12:57:31 [error] [system.db.CDbCommand] CDbCommand::execute() failed: SQLSTATE[23000]: Integrity constraint violation: 1062 Duplicate entry '23074991' for key 'challonge_match_id'. The SQL statement executed was: INSERT INTO `match` (`tournament_id`, `challonge_tournament_id`, `challonge_match_id`, `identifier`, `round`, `player_1`, `player_2`) VALUES (:yp0, :yp1, :yp2, :yp3, :yp4, :yp5, :yp6). Bound with :yp0=1, :yp1=1064011, :yp2=23074991, :yp3='B', :yp4=2, :yp5=16197096, :yp6=NULL.
in /home4/colinfle/public_html/ragsblinddraw.com/protected/modules/director/controllers/TournamentController.php (303)
in /home4/colinfle/public_html/ragsblinddraw.com/index.php (13)
2014/06/30 12:57:31 [error] [system.db.CDbCommand] CDbCommand::execute() failed: SQLSTATE[23000]: Integrity constraint violation: 1062 Duplicate entry '23074992' for key 'challonge_match_id'. The SQL statement executed was: INSERT INTO `match` (`tournament_id`, `challonge_tournament_id`, `challonge_match_id`, `identifier`, `round`, `player_1`, `player_2`) VALUES (:yp0, :yp1, :yp2, :yp3, :yp4, :yp5, :yp6). Bound with :yp0=1, :yp1=1064011, :yp2=23074992, :yp3='E', :yp4=-1, :yp5=NULL, :yp6=NULL.
in /home4/colinfle/public_html/ragsblinddraw.com/protected/modules/director/controllers/TournamentController.php (303)
in /home4/colinfle/public_html/ragsblinddraw.com/index.php (13)
2014/06/30 12:57:31 [error] [system.db.CDbCommand] CDbCommand::execute() failed: SQLSTATE[23000]: Integrity constraint violation: 1062 Duplicate entry '23074993' for key 'challonge_match_id'. The SQL statement executed was: INSERT INTO `match` (`tournament_id`, `challonge_tournament_id`, `challonge_match_id`, `identifier`, `round`, `player_1`, `player_2`) VALUES (:yp0, :yp1, :yp2, :yp3, :yp4, :yp5, :yp6). Bound with :yp0=1, :yp1=1064011, :yp2=23074993, :yp3='C', :yp4=3, :yp5=NULL, :yp6=NULL.
in /home4/colinfle/public_html/ragsblinddraw.com/protected/modules/director/controllers/TournamentController.php (303)
in /home4/colinfle/public_html/ragsblinddraw.com/index.php (13)
2014/06/30 12:57:31 [error] [system.db.CDbCommand] CDbCommand::execute() failed: SQLSTATE[23000]: Integrity constraint violation: 1062 Duplicate entry '23074994' for key 'challonge_match_id'. The SQL statement executed was: INSERT INTO `match` (`tournament_id`, `challonge_tournament_id`, `challonge_match_id`, `identifier`, `round`, `player_1`, `player_2`) VALUES (:yp0, :yp1, :yp2, :yp3, :yp4, :yp5, :yp6). Bound with :yp0=1, :yp1=1064011, :yp2=23074994, :yp3='D', :yp4=3, :yp5=NULL, :yp6=NULL.
in /home4/colinfle/public_html/ragsblinddraw.com/protected/modules/director/controllers/TournamentController.php (303)
in /home4/colinfle/public_html/ragsblinddraw.com/index.php (13)
2014/06/30 12:57:44 [error] [system.db.CDbCommand] CDbCommand::execute() failed: SQLSTATE[23000]: Integrity constraint violation: 1062 Duplicate entry '23074990' for key 'challonge_match_id'. The SQL statement executed was: INSERT INTO `match` (`tournament_id`, `challonge_tournament_id`, `challonge_match_id`, `identifier`, `round`, `player_1`, `player_2`) VALUES (:yp0, :yp1, :yp2, :yp3, :yp4, :yp5, :yp6). Bound with :yp0=1, :yp1=1064011, :yp2=23074990, :yp3='A', :yp4=1, :yp5=16197097, :yp6=16197098.
in /home4/colinfle/public_html/ragsblinddraw.com/protected/modules/director/controllers/TournamentController.php (303)
in /home4/colinfle/public_html/ragsblinddraw.com/index.php (13)
2014/06/30 12:57:44 [error] [system.db.CDbCommand] CDbCommand::execute() failed: SQLSTATE[23000]: Integrity constraint violation: 1062 Duplicate entry '23074991' for key 'challonge_match_id'. The SQL statement executed was: INSERT INTO `match` (`tournament_id`, `challonge_tournament_id`, `challonge_match_id`, `identifier`, `round`, `player_1`, `player_2`) VALUES (:yp0, :yp1, :yp2, :yp3, :yp4, :yp5, :yp6). Bound with :yp0=1, :yp1=1064011, :yp2=23074991, :yp3='B', :yp4=2, :yp5=16197096, :yp6=NULL.
in /home4/colinfle/public_html/ragsblinddraw.com/protected/modules/director/controllers/TournamentController.php (303)
in /home4/colinfle/public_html/ragsblinddraw.com/index.php (13)
2014/06/30 12:57:44 [error] [system.db.CDbCommand] CDbCommand::execute() failed: SQLSTATE[23000]: Integrity constraint violation: 1062 Duplicate entry '23074992' for key 'challonge_match_id'. The SQL statement executed was: INSERT INTO `match` (`tournament_id`, `challonge_tournament_id`, `challonge_match_id`, `identifier`, `round`, `player_1`, `player_2`) VALUES (:yp0, :yp1, :yp2, :yp3, :yp4, :yp5, :yp6). Bound with :yp0=1, :yp1=1064011, :yp2=23074992, :yp3='E', :yp4=-1, :yp5=NULL, :yp6=NULL.
in /home4/colinfle/public_html/ragsblinddraw.com/protected/modules/director/controllers/TournamentController.php (303)
in /home4/colinfle/public_html/ragsblinddraw.com/index.php (13)
2014/06/30 12:57:44 [error] [system.db.CDbCommand] CDbCommand::execute() failed: SQLSTATE[23000]: Integrity constraint violation: 1062 Duplicate entry '23074993' for key 'challonge_match_id'. The SQL statement executed was: INSERT INTO `match` (`tournament_id`, `challonge_tournament_id`, `challonge_match_id`, `identifier`, `round`, `player_1`, `player_2`) VALUES (:yp0, :yp1, :yp2, :yp3, :yp4, :yp5, :yp6). Bound with :yp0=1, :yp1=1064011, :yp2=23074993, :yp3='C', :yp4=3, :yp5=NULL, :yp6=NULL.
in /home4/colinfle/public_html/ragsblinddraw.com/protected/modules/director/controllers/TournamentController.php (303)
in /home4/colinfle/public_html/ragsblinddraw.com/index.php (13)
2014/06/30 12:57:44 [error] [system.db.CDbCommand] CDbCommand::execute() failed: SQLSTATE[23000]: Integrity constraint violation: 1062 Duplicate entry '23074994' for key 'challonge_match_id'. The SQL statement executed was: INSERT INTO `match` (`tournament_id`, `challonge_tournament_id`, `challonge_match_id`, `identifier`, `round`, `player_1`, `player_2`) VALUES (:yp0, :yp1, :yp2, :yp3, :yp4, :yp5, :yp6). Bound with :yp0=1, :yp1=1064011, :yp2=23074994, :yp3='D', :yp4=3, :yp5=NULL, :yp6=NULL.
in /home4/colinfle/public_html/ragsblinddraw.com/protected/modules/director/controllers/TournamentController.php (303)
in /home4/colinfle/public_html/ragsblinddraw.com/index.php (13)
2014/06/30 12:57:45 [error] [exception.CHttpException.400] exception 'CHttpException' with message 'Your request is invalid.' in /home4/colinfle/YiiRoot1.1.13/framework/web/CController.php:336
Stack trace:
#0 /home4/colinfle/YiiRoot1.1.13/framework/web/CController.php(309): CController->invalidActionParams(Object(CInlineAction))
#1 /home4/colinfle/YiiRoot1.1.13/framework/web/filters/CFilterChain.php(133): CController->runAction(Object(CInlineAction))
#2 /home4/colinfle/YiiRoot1.1.13/framework/web/filters/CFilter.php(40): CFilterChain->run()
#3 /home4/colinfle/YiiRoot1.1.13/framework/web/CController.php(1145): CFilter->filter(Object(CFilterChain))
#4 /home4/colinfle/YiiRoot1.1.13/framework/web/filters/CInlineFilter.php(58): CController->filterAccessControl(Object(CFilterChain))
#5 /home4/colinfle/YiiRoot1.1.13/framework/web/filters/CFilterChain.php(130): CInlineFilter->filter(Object(CFilterChain))
#6 /home4/colinfle/YiiRoot1.1.13/framework/web/CController.php(291): CFilterChain->run()
#7 /home4/colinfle/YiiRoot1.1.13/framework/web/CController.php(265): CController->runActionWithFilters(Object(CInlineAction), Array)
#8 /home4/colinfle/YiiRoot1.1.13/framework/web/CWebApplication.php(282): CController->run('matches')
#9 /home4/colinfle/YiiRoot1.1.13/framework/web/CWebApplication.php(141): CWebApplication->runController('director/tourna...')
#10 /home4/colinfle/YiiRoot1.1.13/framework/base/CApplication.php(169): CWebApplication->processRequest()
#11 /home4/colinfle/public_html/ragsblinddraw.com/index.php(13): CApplication->run()
#12 {main}
REQUEST_URI=/director/tournament/matches
---
2014/06/30 12:58:34 [error] [system.db.CDbCommand] CDbCommand::execute() failed: SQLSTATE[23000]: Integrity constraint violation: 1062 Duplicate entry '23074990' for key 'challonge_match_id'. The SQL statement executed was: INSERT INTO `match` (`tournament_id`, `challonge_tournament_id`, `challonge_match_id`, `identifier`, `round`, `player_1`, `player_2`) VALUES (:yp0, :yp1, :yp2, :yp3, :yp4, :yp5, :yp6). Bound with :yp0=1, :yp1=1064011, :yp2=23074990, :yp3='A', :yp4=1, :yp5=16197097, :yp6=16197098.
in /home4/colinfle/public_html/ragsblinddraw.com/protected/modules/director/controllers/TournamentController.php (303)
in /home4/colinfle/public_html/ragsblinddraw.com/index.php (13)
2014/06/30 12:58:34 [error] [system.db.CDbCommand] CDbCommand::execute() failed: SQLSTATE[23000]: Integrity constraint violation: 1062 Duplicate entry '23074991' for key 'challonge_match_id'. The SQL statement executed was: INSERT INTO `match` (`tournament_id`, `challonge_tournament_id`, `challonge_match_id`, `identifier`, `round`, `player_1`, `player_2`) VALUES (:yp0, :yp1, :yp2, :yp3, :yp4, :yp5, :yp6). Bound with :yp0=1, :yp1=1064011, :yp2=23074991, :yp3='B', :yp4=2, :yp5=16197096, :yp6=NULL.
in /home4/colinfle/public_html/ragsblinddraw.com/protected/modules/director/controllers/TournamentController.php (303)
in /home4/colinfle/public_html/ragsblinddraw.com/index.php (13)
2014/06/30 12:58:34 [error] [system.db.CDbCommand] CDbCommand::execute() failed: SQLSTATE[23000]: Integrity constraint violation: 1062 Duplicate entry '23074992' for key 'challonge_match_id'. The SQL statement executed was: INSERT INTO `match` (`tournament_id`, `challonge_tournament_id`, `challonge_match_id`, `identifier`, `round`, `player_1`, `player_2`) VALUES (:yp0, :yp1, :yp2, :yp3, :yp4, :yp5, :yp6). Bound with :yp0=1, :yp1=1064011, :yp2=23074992, :yp3='E', :yp4=-1, :yp5=NULL, :yp6=NULL.
in /home4/colinfle/public_html/ragsblinddraw.com/protected/modules/director/controllers/TournamentController.php (303)
in /home4/colinfle/public_html/ragsblinddraw.com/index.php (13)
2014/06/30 12:58:34 [error] [system.db.CDbCommand] CDbCommand::execute() failed: SQLSTATE[23000]: Integrity constraint violation: 1062 Duplicate entry '23074993' for key 'challonge_match_id'. The SQL statement executed was: INSERT INTO `match` (`tournament_id`, `challonge_tournament_id`, `challonge_match_id`, `identifier`, `round`, `player_1`, `player_2`) VALUES (:yp0, :yp1, :yp2, :yp3, :yp4, :yp5, :yp6). Bound with :yp0=1, :yp1=1064011, :yp2=23074993, :yp3='C', :yp4=3, :yp5=NULL, :yp6=NULL.
in /home4/colinfle/public_html/ragsblinddraw.com/protected/modules/director/controllers/TournamentController.php (303)
in /home4/colinfle/public_html/ragsblinddraw.com/index.php (13)
2014/06/30 12:58:34 [error] [system.db.CDbCommand] CDbCommand::execute() failed: SQLSTATE[23000]: Integrity constraint violation: 1062 Duplicate entry '23074994' for key 'challonge_match_id'. The SQL statement executed was: INSERT INTO `match` (`tournament_id`, `challonge_tournament_id`, `challonge_match_id`, `identifier`, `round`, `player_1`, `player_2`) VALUES (:yp0, :yp1, :yp2, :yp3, :yp4, :yp5, :yp6). Bound with :yp0=1, :yp1=1064011, :yp2=23074994, :yp3='D', :yp4=3, :yp5=NULL, :yp6=NULL.
in /home4/colinfle/public_html/ragsblinddraw.com/protected/modules/director/controllers/TournamentController.php (303)
in /home4/colinfle/public_html/ragsblinddraw.com/index.php (13)
2014/06/30 12:58:34 [error] [exception.CHttpException.400] exception 'CHttpException' with message 'Your request is invalid.' in /home4/colinfle/YiiRoot1.1.13/framework/web/CController.php:336
Stack trace:
#0 /home4/colinfle/YiiRoot1.1.13/framework/web/CController.php(309): CController->invalidActionParams(Object(CInlineAction))
#1 /home4/colinfle/YiiRoot1.1.13/framework/web/filters/CFilterChain.php(133): CController->runAction(Object(CInlineAction))
#2 /home4/colinfle/YiiRoot1.1.13/framework/web/filters/CFilter.php(40): CFilterChain->run()
#3 /home4/colinfle/YiiRoot1.1.13/framework/web/CController.php(1145): CFilter->filter(Object(CFilterChain))
#4 /home4/colinfle/YiiRoot1.1.13/framework/web/filters/CInlineFilter.php(58): CController->filterAccessControl(Object(CFilterChain))
#5 /home4/colinfle/YiiRoot1.1.13/framework/web/filters/CFilterChain.php(130): CInlineFilter->filter(Object(CFilterChain))
#6 /home4/colinfle/YiiRoot1.1.13/framework/web/CController.php(291): CFilterChain->run()
#7 /home4/colinfle/YiiRoot1.1.13/framework/web/CController.php(265): CController->runActionWithFilters(Object(CInlineAction), Array)
#8 /home4/colinfle/YiiRoot1.1.13/framework/web/CWebApplication.php(282): CController->run('matches')
#9 /home4/colinfle/YiiRoot1.1.13/framework/web/CWebApplication.php(141): CWebApplication->runController('director/tourna...')
#10 /home4/colinfle/YiiRoot1.1.13/framework/base/CApplication.php(169): CWebApplication->processRequest()
#11 /home4/colinfle/public_html/ragsblinddraw.com/index.php(13): CApplication->run()
#12 {main}
REQUEST_URI=/director/tournament/matches/0%5Bid%5D/1
---
2014/06/30 12:58:52 [error] [system.db.CDbCommand] CDbCommand::execute() failed: SQLSTATE[23000]: Integrity constraint violation: 1062 Duplicate entry '23074990' for key 'challonge_match_id'. The SQL statement executed was: INSERT INTO `match` (`tournament_id`, `challonge_tournament_id`, `challonge_match_id`, `identifier`, `round`, `player_1`, `player_2`) VALUES (:yp0, :yp1, :yp2, :yp3, :yp4, :yp5, :yp6). Bound with :yp0=1, :yp1=1064011, :yp2=23074990, :yp3='A', :yp4=1, :yp5=16197097, :yp6=16197098.
in /home4/colinfle/public_html/ragsblinddraw.com/protected/modules/director/controllers/TournamentController.php (303)
in /home4/colinfle/public_html/ragsblinddraw.com/index.php (13)
2014/06/30 12:58:52 [error] [system.db.CDbCommand] CDbCommand::execute() failed: SQLSTATE[23000]: Integrity constraint violation: 1062 Duplicate entry '23074991' for key 'challonge_match_id'. The SQL statement executed was: INSERT INTO `match` (`tournament_id`, `challonge_tournament_id`, `challonge_match_id`, `identifier`, `round`, `player_1`, `player_2`) VALUES (:yp0, :yp1, :yp2, :yp3, :yp4, :yp5, :yp6). Bound with :yp0=1, :yp1=1064011, :yp2=23074991, :yp3='B', :yp4=2, :yp5=16197096, :yp6=NULL.
in /home4/colinfle/public_html/ragsblinddraw.com/protected/modules/director/controllers/TournamentController.php (303)
in /home4/colinfle/public_html/ragsblinddraw.com/index.php (13)
2014/06/30 12:58:52 [error] [system.db.CDbCommand] CDbCommand::execute() failed: SQLSTATE[23000]: Integrity constraint violation: 1062 Duplicate entry '23074992' for key 'challonge_match_id'. The SQL statement executed was: INSERT INTO `match` (`tournament_id`, `challonge_tournament_id`, `challonge_match_id`, `identifier`, `round`, `player_1`, `player_2`) VALUES (:yp0, :yp1, :yp2, :yp3, :yp4, :yp5, :yp6). Bound with :yp0=1, :yp1=1064011, :yp2=23074992, :yp3='E', :yp4=-1, :yp5=NULL, :yp6=NULL.
in /home4/colinfle/public_html/ragsblinddraw.com/protected/modules/director/controllers/TournamentController.php (303)
in /home4/colinfle/public_html/ragsblinddraw.com/index.php (13)
2014/06/30 12:58:52 [error] [system.db.CDbCommand] CDbCommand::execute() failed: SQLSTATE[23000]: Integrity constraint violation: 1062 Duplicate entry '23074993' for key 'challonge_match_id'. The SQL statement executed was: INSERT INTO `match` (`tournament_id`, `challonge_tournament_id`, `challonge_match_id`, `identifier`, `round`, `player_1`, `player_2`) VALUES (:yp0, :yp1, :yp2, :yp3, :yp4, :yp5, :yp6). Bound with :yp0=1, :yp1=1064011, :yp2=23074993, :yp3='C', :yp4=3, :yp5=NULL, :yp6=NULL.
in /home4/colinfle/public_html/ragsblinddraw.com/protected/modules/director/controllers/TournamentController.php (303)
in /home4/colinfle/public_html/ragsblinddraw.com/index.php (13)
2014/06/30 12:58:52 [error] [system.db.CDbCommand] CDbCommand::execute() failed: SQLSTATE[23000]: Integrity constraint violation: 1062 Duplicate entry '23074994' for key 'challonge_match_id'. The SQL statement executed was: INSERT INTO `match` (`tournament_id`, `challonge_tournament_id`, `challonge_match_id`, `identifier`, `round`, `player_1`, `player_2`) VALUES (:yp0, :yp1, :yp2, :yp3, :yp4, :yp5, :yp6). Bound with :yp0=1, :yp1=1064011, :yp2=23074994, :yp3='D', :yp4=3, :yp5=NULL, :yp6=NULL.
in /home4/colinfle/public_html/ragsblinddraw.com/protected/modules/director/controllers/TournamentController.php (303)
in /home4/colinfle/public_html/ragsblinddraw.com/index.php (13)
2014/06/30 12:58:53 [error] [exception.CHttpException.400] exception 'CHttpException' with message 'Your request is invalid.' in /home4/colinfle/YiiRoot1.1.13/framework/web/CController.php:336
Stack trace:
#0 /home4/colinfle/YiiRoot1.1.13/framework/web/CController.php(309): CController->invalidActionParams(Object(CInlineAction))
#1 /home4/colinfle/YiiRoot1.1.13/framework/web/filters/CFilterChain.php(133): CController->runAction(Object(CInlineAction))
#2 /home4/colinfle/YiiRoot1.1.13/framework/web/filters/CFilter.php(40): CFilterChain->run()
#3 /home4/colinfle/YiiRoot1.1.13/framework/web/CController.php(1145): CFilter->filter(Object(CFilterChain))
#4 /home4/colinfle/YiiRoot1.1.13/framework/web/filters/CInlineFilter.php(58): CController->filterAccessControl(Object(CFilterChain))
#5 /home4/colinfle/YiiRoot1.1.13/framework/web/filters/CFilterChain.php(130): CInlineFilter->filter(Object(CFilterChain))
#6 /home4/colinfle/YiiRoot1.1.13/framework/web/CController.php(291): CFilterChain->run()
#7 /home4/colinfle/YiiRoot1.1.13/framework/web/CController.php(265): CController->runActionWithFilters(Object(CInlineAction), Array)
#8 /home4/colinfle/YiiRoot1.1.13/framework/web/CWebApplication.php(282): CController->run('matches')
#9 /home4/colinfle/YiiRoot1.1.13/framework/web/CWebApplication.php(141): CWebApplication->runController('director/tourna...')
#10 /home4/colinfle/YiiRoot1.1.13/framework/base/CApplication.php(169): CWebApplication->processRequest()
#11 /home4/colinfle/public_html/ragsblinddraw.com/index.php(13): CApplication->run()
#12 {main}
REQUEST_URI=/director/tournament/matches/0%5Bid%5D/1
---
2014/06/30 12:58:53 [error] [exception.CHttpException.400] exception 'CHttpException' with message 'Your request is invalid.' in /home4/colinfle/YiiRoot1.1.13/framework/web/CController.php:336
Stack trace:
#0 /home4/colinfle/YiiRoot1.1.13/framework/web/CController.php(309): CController->invalidActionParams(Object(CInlineAction))
#1 /home4/colinfle/YiiRoot1.1.13/framework/web/filters/CFilterChain.php(133): CController->runAction(Object(CInlineAction))
#2 /home4/colinfle/YiiRoot1.1.13/framework/web/filters/CFilter.php(40): CFilterChain->run()
#3 /home4/colinfle/YiiRoot1.1.13/framework/web/CController.php(1145): CFilter->filter(Object(CFilterChain))
#4 /home4/colinfle/YiiRoot1.1.13/framework/web/filters/CInlineFilter.php(58): CController->filterAccessControl(Object(CFilterChain))
#5 /home4/colinfle/YiiRoot1.1.13/framework/web/filters/CFilterChain.php(130): CInlineFilter->filter(Object(CFilterChain))
#6 /home4/colinfle/YiiRoot1.1.13/framework/web/CController.php(291): CFilterChain->run()
#7 /home4/colinfle/YiiRoot1.1.13/framework/web/CController.php(265): CController->runActionWithFilters(Object(CInlineAction), Array)
#8 /home4/colinfle/YiiRoot1.1.13/framework/web/CWebApplication.php(282): CController->run('matches')
#9 /home4/colinfle/YiiRoot1.1.13/framework/web/CWebApplication.php(141): CWebApplication->runController('director/tourna...')
#10 /home4/colinfle/YiiRoot1.1.13/framework/base/CApplication.php(169): CWebApplication->processRequest()
#11 /home4/colinfle/public_html/ragsblinddraw.com/index.php(13): CApplication->run()
#12 {main}
REQUEST_URI=/director/tournament/matches/0%5Bid%5D/1%60
---
2014/06/30 12:58:54 [error] [exception.CHttpException.400] exception 'CHttpException' with message 'Your request is invalid.' in /home4/colinfle/YiiRoot1.1.13/framework/web/CController.php:336
Stack trace:
#0 /home4/colinfle/YiiRoot1.1.13/framework/web/CController.php(309): CController->invalidActionParams(Object(CInlineAction))
#1 /home4/colinfle/YiiRoot1.1.13/framework/web/filters/CFilterChain.php(133): CController->runAction(Object(CInlineAction))
#2 /home4/colinfle/YiiRoot1.1.13/framework/web/filters/CFilter.php(40): CFilterChain->run()
#3 /home4/colinfle/YiiRoot1.1.13/framework/web/CController.php(1145): CFilter->filter(Object(CFilterChain))
#4 /home4/colinfle/YiiRoot1.1.13/framework/web/filters/CInlineFilter.php(58): CController->filterAccessControl(Object(CFilterChain))
#5 /home4/colinfle/YiiRoot1.1.13/framework/web/filters/CFilterChain.php(130): CInlineFilter->filter(Object(CFilterChain))
#6 /home4/colinfle/YiiRoot1.1.13/framework/web/CController.php(291): CFilterChain->run()
#7 /home4/colinfle/YiiRoot1.1.13/framework/web/CController.php(265): CController->runActionWithFilters(Object(CInlineAction), Array)
#8 /home4/colinfle/YiiRoot1.1.13/framework/web/CWebApplication.php(282): CController->run('matches')
#9 /home4/colinfle/YiiRoot1.1.13/framework/web/CWebApplication.php(141): CWebApplication->runController('director/tourna...')
#10 /home4/colinfle/YiiRoot1.1.13/framework/base/CApplication.php(169): CWebApplication->processRequest()
#11 /home4/colinfle/public_html/ragsblinddraw.com/index.php(13): CApplication->run()
#12 {main}
REQUEST_URI=/director/tournament/matches/0%5Bid%5D/1%6
---
2014/06/30 12:58:55 [error] [exception.CHttpException.400] exception 'CHttpException' with message 'Your request is invalid.' in /home4/colinfle/YiiRoot1.1.13/framework/web/CController.php:336
Stack trace:
#0 /home4/colinfle/YiiRoot1.1.13/framework/web/CController.php(309): CController->invalidActionParams(Object(CInlineAction))
#1 /home4/colinfle/YiiRoot1.1.13/framework/web/filters/CFilterChain.php(133): CController->runAction(Object(CInlineAction))
#2 /home4/colinfle/YiiRoot1.1.13/framework/web/filters/CFilter.php(40): CFilterChain->run()
#3 /home4/colinfle/YiiRoot1.1.13/framework/web/CController.php(1145): CFilter->filter(Object(CFilterChain))
#4 /home4/colinfle/YiiRoot1.1.13/framework/web/filters/CInlineFilter.php(58): CController->filterAccessControl(Object(CFilterChain))
#5 /home4/colinfle/YiiRoot1.1.13/framework/web/filters/CFilterChain.php(130): CInlineFilter->filter(Object(CFilterChain))
#6 /home4/colinfle/YiiRoot1.1.13/framework/web/CController.php(291): CFilterChain->run()
#7 /home4/colinfle/YiiRoot1.1.13/framework/web/CController.php(265): CController->runActionWithFilters(Object(CInlineAction), Array)
#8 /home4/colinfle/YiiRoot1.1.13/framework/web/CWebApplication.php(282): CController->run('matches')
#9 /home4/colinfle/YiiRoot1.1.13/framework/web/CWebApplication.php(141): CWebApplication->runController('director/tourna...')
#10 /home4/colinfle/YiiRoot1.1.13/framework/base/CApplication.php(169): CWebApplication->processRequest()
#11 /home4/colinfle/public_html/ragsblinddraw.com/index.php(13): CApplication->run()
#12 {main}
REQUEST_URI=/director/tournament/matches/0%5Bid%5D/1%60
---
2014/06/30 12:59:36 [error] [system.db.CDbCommand] CDbCommand::execute() failed: SQLSTATE[23000]: Integrity constraint violation: 1062 Duplicate entry '23074990' for key 'challonge_match_id'. The SQL statement executed was: INSERT INTO `match` (`tournament_id`, `challonge_tournament_id`, `challonge_match_id`, `identifier`, `round`, `player_1`, `player_2`) VALUES (:yp0, :yp1, :yp2, :yp3, :yp4, :yp5, :yp6). Bound with :yp0=1, :yp1=1064011, :yp2=23074990, :yp3='A', :yp4=1, :yp5=16197097, :yp6=16197098.
in /home4/colinfle/public_html/ragsblinddraw.com/protected/modules/director/controllers/TournamentController.php (303)
in /home4/colinfle/public_html/ragsblinddraw.com/index.php (13)
2014/06/30 12:59:36 [error] [system.db.CDbCommand] CDbCommand::execute() failed: SQLSTATE[23000]: Integrity constraint violation: 1062 Duplicate entry '23074991' for key 'challonge_match_id'. The SQL statement executed was: INSERT INTO `match` (`tournament_id`, `challonge_tournament_id`, `challonge_match_id`, `identifier`, `round`, `player_1`, `player_2`) VALUES (:yp0, :yp1, :yp2, :yp3, :yp4, :yp5, :yp6). Bound with :yp0=1, :yp1=1064011, :yp2=23074991, :yp3='B', :yp4=2, :yp5=16197096, :yp6=NULL.
in /home4/colinfle/public_html/ragsblinddraw.com/protected/modules/director/controllers/TournamentController.php (303)
in /home4/colinfle/public_html/ragsblinddraw.com/index.php (13)
2014/06/30 12:59:36 [error] [system.db.CDbCommand] CDbCommand::execute() failed: SQLSTATE[23000]: Integrity constraint violation: 1062 Duplicate entry '23074992' for key 'challonge_match_id'. The SQL statement executed was: INSERT INTO `match` (`tournament_id`, `challonge_tournament_id`, `challonge_match_id`, `identifier`, `round`, `player_1`, `player_2`) VALUES (:yp0, :yp1, :yp2, :yp3, :yp4, :yp5, :yp6). Bound with :yp0=1, :yp1=1064011, :yp2=23074992, :yp3='E', :yp4=-1, :yp5=NULL, :yp6=NULL.
in /home4/colinfle/public_html/ragsblinddraw.com/protected/modules/director/controllers/TournamentController.php (303)
in /home4/colinfle/public_html/ragsblinddraw.com/index.php (13)
2014/06/30 12:59:36 [error] [system.db.CDbCommand] CDbCommand::execute() failed: SQLSTATE[23000]: Integrity constraint violation: 1062 Duplicate entry '23074993' for key 'challonge_match_id'. The SQL statement executed was: INSERT INTO `match` (`tournament_id`, `challonge_tournament_id`, `challonge_match_id`, `identifier`, `round`, `player_1`, `player_2`) VALUES (:yp0, :yp1, :yp2, :yp3, :yp4, :yp5, :yp6). Bound with :yp0=1, :yp1=1064011, :yp2=23074993, :yp3='C', :yp4=3, :yp5=NULL, :yp6=NULL.
in /home4/colinfle/public_html/ragsblinddraw.com/protected/modules/director/controllers/TournamentController.php (303)
in /home4/colinfle/public_html/ragsblinddraw.com/index.php (13)
2014/06/30 12:59:36 [error] [system.db.CDbCommand] CDbCommand::execute() failed: SQLSTATE[23000]: Integrity constraint violation: 1062 Duplicate entry '23074994' for key 'challonge_match_id'. The SQL statement executed was: INSERT INTO `match` (`tournament_id`, `challonge_tournament_id`, `challonge_match_id`, `identifier`, `round`, `player_1`, `player_2`) VALUES (:yp0, :yp1, :yp2, :yp3, :yp4, :yp5, :yp6). Bound with :yp0=1, :yp1=1064011, :yp2=23074994, :yp3='D', :yp4=3, :yp5=NULL, :yp6=NULL.
in /home4/colinfle/public_html/ragsblinddraw.com/protected/modules/director/controllers/TournamentController.php (303)
in /home4/colinfle/public_html/ragsblinddraw.com/index.php (13)
2014/06/30 12:59:37 [error] [system.db.CDbCommand] CDbCommand::execute() failed: SQLSTATE[23000]: Integrity constraint violation: 1062 Duplicate entry '23074990' for key 'challonge_match_id'. The SQL statement executed was: INSERT INTO `match` (`tournament_id`, `challonge_tournament_id`, `challonge_match_id`, `identifier`, `round`, `player_1`, `player_2`) VALUES (:yp0, :yp1, :yp2, :yp3, :yp4, :yp5, :yp6). Bound with :yp0=1, :yp1=1064011, :yp2=23074990, :yp3='A', :yp4=1, :yp5=16197097, :yp6=16197098.
in /home4/colinfle/public_html/ragsblinddraw.com/protected/modules/director/controllers/TournamentController.php (303)
in /home4/colinfle/public_html/ragsblinddraw.com/index.php (13)
2014/06/30 12:59:37 [error] [system.db.CDbCommand] CDbCommand::execute() failed: SQLSTATE[23000]: Integrity constraint violation: 1062 Duplicate entry '23074991' for key 'challonge_match_id'. The SQL statement executed was: INSERT INTO `match` (`tournament_id`, `challonge_tournament_id`, `challonge_match_id`, `identifier`, `round`, `player_1`, `player_2`) VALUES (:yp0, :yp1, :yp2, :yp3, :yp4, :yp5, :yp6). Bound with :yp0=1, :yp1=1064011, :yp2=23074991, :yp3='B', :yp4=2, :yp5=16197096, :yp6=NULL.
in /home4/colinfle/public_html/ragsblinddraw.com/protected/modules/director/controllers/TournamentController.php (303)
in /home4/colinfle/public_html/ragsblinddraw.com/index.php (13)
2014/06/30 12:59:37 [error] [system.db.CDbCommand] CDbCommand::execute() failed: SQLSTATE[23000]: Integrity constraint violation: 1062 Duplicate entry '23074992' for key 'challonge_match_id'. The SQL statement executed was: INSERT INTO `match` (`tournament_id`, `challonge_tournament_id`, `challonge_match_id`, `identifier`, `round`, `player_1`, `player_2`) VALUES (:yp0, :yp1, :yp2, :yp3, :yp4, :yp5, :yp6). Bound with :yp0=1, :yp1=1064011, :yp2=23074992, :yp3='E', :yp4=-1, :yp5=NULL, :yp6=NULL.
in /home4/colinfle/public_html/ragsblinddraw.com/protected/modules/director/controllers/TournamentController.php (303)
in /home4/colinfle/public_html/ragsblinddraw.com/index.php (13)
2014/06/30 12:59:37 [error] [system.db.CDbCommand] CDbCommand::execute() failed: SQLSTATE[23000]: Integrity constraint violation: 1062 Duplicate entry '23074993' for key 'challonge_match_id'. The SQL statement executed was: INSERT INTO `match` (`tournament_id`, `challonge_tournament_id`, `challonge_match_id`, `identifier`, `round`, `player_1`, `player_2`) VALUES (:yp0, :yp1, :yp2, :yp3, :yp4, :yp5, :yp6). Bound with :yp0=1, :yp1=1064011, :yp2=23074993, :yp3='C', :yp4=3, :yp5=NULL, :yp6=NULL.
in /home4/colinfle/public_html/ragsblinddraw.com/protected/modules/director/controllers/TournamentController.php (303)
in /home4/colinfle/public_html/ragsblinddraw.com/index.php (13)
2014/06/30 12:59:37 [error] [system.db.CDbCommand] CDbCommand::execute() failed: SQLSTATE[23000]: Integrity constraint violation: 1062 Duplicate entry '23074994' for key 'challonge_match_id'. The SQL statement executed was: INSERT INTO `match` (`tournament_id`, `challonge_tournament_id`, `challonge_match_id`, `identifier`, `round`, `player_1`, `player_2`) VALUES (:yp0, :yp1, :yp2, :yp3, :yp4, :yp5, :yp6). Bound with :yp0=1, :yp1=1064011, :yp2=23074994, :yp3='D', :yp4=3, :yp5=NULL, :yp6=NULL.
in /home4/colinfle/public_html/ragsblinddraw.com/protected/modules/director/controllers/TournamentController.php (303)
in /home4/colinfle/public_html/ragsblinddraw.com/index.php (13)
2014/06/30 14:34:33 [error] [exception.CHttpException.404] exception 'CHttpException' with message 'Unable to resolve the request "admin/tournament/index".' in /home4/colinfle/YiiRoot1.1.13/framework/web/CWebApplication.php:286
Stack trace:
#0 /home4/colinfle/YiiRoot1.1.13/framework/web/CWebApplication.php(141): CWebApplication->runController('admin/tournamen...')
#1 /home4/colinfle/YiiRoot1.1.13/framework/base/CApplication.php(169): CWebApplication->processRequest()
#2 /home4/colinfle/public_html/ragsblinddraw.com/index.php(13): CApplication->run()
#3 {main}
REQUEST_URI=/admin/tournament/index
HTTP_REFERER=http://ragsblinddraw.com/admin
---
2014/06/30 14:39:10 [error] [exception.CException] exception 'CException' with message 'Property "Match.player_1" is not defined.' in /home4/colinfle/YiiRoot1.1.13/framework/base/CComponent.php:173
Stack trace:
#0 /home4/colinfle/YiiRoot1.1.13/framework/db/ar/CActiveRecord.php(159): CComponent->__set('player_1', Object(SimpleXMLElement))
#1 /home4/colinfle/public_html/ragsblinddraw.com/protected/modules/director/controllers/TournamentController.php(299): CActiveRecord->__set('player_1', Object(SimpleXMLElement))
#2 [internal function]: TournamentController->actionStartTournament('2')
#3 /home4/colinfle/YiiRoot1.1.13/framework/web/actions/CAction.php(108): ReflectionMethod->invokeArgs(Object(TournamentController), Array)
#4 /home4/colinfle/YiiRoot1.1.13/framework/web/actions/CInlineAction.php(47): CAction->runWithParamsInternal(Object(TournamentController), Object(ReflectionMethod), Array)
#5 /home4/colinfle/YiiRoot1.1.13/framework/web/CController.php(308): CInlineAction->runWithParams(Array)
#6 /home4/colinfle/YiiRoot1.1.13/framework/web/filters/CFilterChain.php(133): CController->runAction(Object(CInlineAction))
#7 /home4/colinfle/YiiRoot1.1.13/framework/web/filters/CFilter.php(40): CFilterChain->run()
#8 /home4/colinfle/YiiRoot1.1.13/framework/web/CController.php(1145): CFilter->filter(Object(CFilterChain))
#9 /home4/colinfle/YiiRoot1.1.13/framework/web/filters/CInlineFilter.php(58): CController->filterAccessControl(Object(CFilterChain))
#10 /home4/colinfle/YiiRoot1.1.13/framework/web/filters/CFilterChain.php(130): CInlineFilter->filter(Object(CFilterChain))
#11 /home4/colinfle/YiiRoot1.1.13/framework/web/CController.php(291): CFilterChain->run()
#12 /home4/colinfle/YiiRoot1.1.13/framework/web/CController.php(265): CController->runActionWithFilters(Object(CInlineAction), Array)
#13 /home4/colinfle/YiiRoot1.1.13/framework/web/CWebApplication.php(282): CController->run('starttournament')
#14 /home4/colinfle/YiiRoot1.1.13/framework/web/CWebApplication.php(141): CWebApplication->runController('director/tourna...')
#15 /home4/colinfle/YiiRoot1.1.13/framework/base/CApplication.php(169): CWebApplication->processRequest()
#16 /home4/colinfle/public_html/ragsblinddraw.com/index.php(13): CApplication->run()
#17 {main}
REQUEST_URI=/director/tournament/starttournament/id/2
HTTP_REFERER=http://ragsblinddraw.com/director/tournament/teams/id/2
---
2014/06/30 15:37:26 [error] [php] SimpleXMLElement::__construct() [<a href='simplexmlelement.--construct'>simplexmlelement.--construct</a>]: Entity: line 1: parser error : Start tag expected, '&lt;' not found (/home4/colinfle/public_html/ragsblinddraw.com/protected/extensions/ChallongeAPI.php:103)
Stack trace:
#0 /home4/colinfle/public_html/ragsblinddraw.com/protected/modules/director/controllers/TournamentController.php(83): ChallongeAPI->createTournament()
#1 /home4/colinfle/YiiRoot1.1.13/framework/web/actions/CInlineAction.php(49): TournamentController->actionCreate()
#2 /home4/colinfle/YiiRoot1.1.13/framework/web/CController.php(308): CInlineAction->runWithParams()
#3 /home4/colinfle/YiiRoot1.1.13/framework/web/filters/CFilterChain.php(133): TournamentController->runAction()
#4 /home4/colinfle/YiiRoot1.1.13/framework/web/filters/CFilter.php(40): CFilterChain->run()
#5 /home4/colinfle/YiiRoot1.1.13/framework/web/CController.php(1145): CAccessControlFilter->filter()
#6 /home4/colinfle/YiiRoot1.1.13/framework/web/filters/CInlineFilter.php(58): TournamentController->filterAccessControl()
#7 /home4/colinfle/YiiRoot1.1.13/framework/web/filters/CFilterChain.php(130): CInlineFilter->filter()
#8 /home4/colinfle/YiiRoot1.1.13/framework/web/CController.php(291): CFilterChain->run()
#9 /home4/colinfle/YiiRoot1.1.13/framework/web/CController.php(265): TournamentController->runActionWithFilters()
#10 /home4/colinfle/YiiRoot1.1.13/framework/web/CWebApplication.php(282): TournamentController->run()
#11 /home4/colinfle/YiiRoot1.1.13/framework/web/CWebApplication.php(141): CWebApplication->runController()
#12 /home4/colinfle/YiiRoot1.1.13/framework/base/CApplication.php(169): CWebApplication->processRequest()
#13 /home4/colinfle/public_html/ragsblinddraw.com/index.php(13): CWebApplication->run()
REQUEST_URI=/director/tournament/create
in /home4/colinfle/public_html/ragsblinddraw.com/protected/extensions/ChallongeAPI.php (103)
in /home4/colinfle/public_html/ragsblinddraw.com/protected/extensions/ChallongeAPI.php (147)
in /home4/colinfle/public_html/ragsblinddraw.com/protected/modules/director/controllers/TournamentController.php (83)
2014/06/30 15:40:31 [error] [php] Invalid argument supplied for foreach() (/home4/colinfle/public_html/ragsblinddraw.com/protected/extensions/ChallongeAPI.php:108)
Stack trace:
#0 /home4/colinfle/YiiRoot1.1.13/framework/web/actions/CInlineAction.php(49): TournamentController->actionCreate()
#1 /home4/colinfle/YiiRoot1.1.13/framework/web/CController.php(308): CInlineAction->runWithParams()
#2 /home4/colinfle/YiiRoot1.1.13/framework/web/filters/CFilterChain.php(133): TournamentController->runAction()
#3 /home4/colinfle/YiiRoot1.1.13/framework/web/filters/CFilter.php(40): CFilterChain->run()
#4 /home4/colinfle/YiiRoot1.1.13/framework/web/CController.php(1145): CAccessControlFilter->filter()
#5 /home4/colinfle/YiiRoot1.1.13/framework/web/filters/CInlineFilter.php(58): TournamentController->filterAccessControl()
#6 /home4/colinfle/YiiRoot1.1.13/framework/web/filters/CFilterChain.php(130): CInlineFilter->filter()
#7 /home4/colinfle/YiiRoot1.1.13/framework/web/CController.php(291): CFilterChain->run()
#8 /home4/colinfle/YiiRoot1.1.13/framework/web/CController.php(265): TournamentController->runActionWithFilters()
#9 /home4/colinfle/YiiRoot1.1.13/framework/web/CWebApplication.php(282): TournamentController->run()
#10 /home4/colinfle/YiiRoot1.1.13/framework/web/CWebApplication.php(141): CWebApplication->runController()
#11 /home4/colinfle/YiiRoot1.1.13/framework/base/CApplication.php(169): CWebApplication->processRequest()
#12 /home4/colinfle/public_html/ragsblinddraw.com/index.php(13): CWebApplication->run()
REQUEST_URI=/director/tournament/create
in /home4/colinfle/public_html/ragsblinddraw.com/protected/extensions/ChallongeAPI.php (108)
in /home4/colinfle/public_html/ragsblinddraw.com/protected/extensions/ChallongeAPI.php (151)
in /home4/colinfle/public_html/ragsblinddraw.com/protected/modules/director/controllers/TournamentController.php (83)
2014/06/30 15:40:51 [error] [php] Invalid argument supplied for foreach() (/home4/colinfle/public_html/ragsblinddraw.com/protected/extensions/ChallongeAPI.php:109)
Stack trace:
#0 /home4/colinfle/YiiRoot1.1.13/framework/web/actions/CInlineAction.php(49): TournamentController->actionCreate()
#1 /home4/colinfle/YiiRoot1.1.13/framework/web/CController.php(308): CInlineAction->runWithParams()
#2 /home4/colinfle/YiiRoot1.1.13/framework/web/filters/CFilterChain.php(133): TournamentController->runAction()
#3 /home4/colinfle/YiiRoot1.1.13/framework/web/filters/CFilter.php(40): CFilterChain->run()
#4 /home4/colinfle/YiiRoot1.1.13/framework/web/CController.php(1145): CAccessControlFilter->filter()
#5 /home4/colinfle/YiiRoot1.1.13/framework/web/filters/CInlineFilter.php(58): TournamentController->filterAccessControl()
#6 /home4/colinfle/YiiRoot1.1.13/framework/web/filters/CFilterChain.php(130): CInlineFilter->filter()
#7 /home4/colinfle/YiiRoot1.1.13/framework/web/CController.php(291): CFilterChain->run()
#8 /home4/colinfle/YiiRoot1.1.13/framework/web/CController.php(265): TournamentController->runActionWithFilters()
#9 /home4/colinfle/YiiRoot1.1.13/framework/web/CWebApplication.php(282): TournamentController->run()
#10 /home4/colinfle/YiiRoot1.1.13/framework/web/CWebApplication.php(141): CWebApplication->runController()
#11 /home4/colinfle/YiiRoot1.1.13/framework/base/CApplication.php(169): CWebApplication->processRequest()
#12 /home4/colinfle/public_html/ragsblinddraw.com/index.php(13): CWebApplication->run()
REQUEST_URI=/director/tournament/create
in /home4/colinfle/public_html/ragsblinddraw.com/protected/extensions/ChallongeAPI.php (109)
in /home4/colinfle/public_html/ragsblinddraw.com/protected/extensions/ChallongeAPI.php (152)
in /home4/colinfle/public_html/ragsblinddraw.com/protected/modules/director/controllers/TournamentController.php (83)
2014/06/30 15:41:11 [error] [php] Invalid argument supplied for foreach() (/home4/colinfle/public_html/ragsblinddraw.com/protected/extensions/ChallongeAPI.php:109)
Stack trace:
#0 /home4/colinfle/YiiRoot1.1.13/framework/web/actions/CInlineAction.php(49): TournamentController->actionCreate()
#1 /home4/colinfle/YiiRoot1.1.13/framework/web/CController.php(308): CInlineAction->runWithParams()
#2 /home4/colinfle/YiiRoot1.1.13/framework/web/filters/CFilterChain.php(133): TournamentController->runAction()
#3 /home4/colinfle/YiiRoot1.1.13/framework/web/filters/CFilter.php(40): CFilterChain->run()
#4 /home4/colinfle/YiiRoot1.1.13/framework/web/CController.php(1145): CAccessControlFilter->filter()
#5 /home4/colinfle/YiiRoot1.1.13/framework/web/filters/CInlineFilter.php(58): TournamentController->filterAccessControl()
#6 /home4/colinfle/YiiRoot1.1.13/framework/web/filters/CFilterChain.php(130): CInlineFilter->filter()
#7 /home4/colinfle/YiiRoot1.1.13/framework/web/CController.php(291): CFilterChain->run()
#8 /home4/colinfle/YiiRoot1.1.13/framework/web/CController.php(265): TournamentController->runActionWithFilters()
#9 /home4/colinfle/YiiRoot1.1.13/framework/web/CWebApplication.php(282): TournamentController->run()
#10 /home4/colinfle/YiiRoot1.1.13/framework/web/CWebApplication.php(141): CWebApplication->runController()
#11 /home4/colinfle/YiiRoot1.1.13/framework/base/CApplication.php(169): CWebApplication->processRequest()
#12 /home4/colinfle/public_html/ragsblinddraw.com/index.php(13): CWebApplication->run()
REQUEST_URI=/director/tournament/create
in /home4/colinfle/public_html/ragsblinddraw.com/protected/extensions/ChallongeAPI.php (109)
in /home4/colinfle/public_html/ragsblinddraw.com/protected/extensions/ChallongeAPI.php (152)
in /home4/colinfle/public_html/ragsblinddraw.com/protected/modules/director/controllers/TournamentController.php (83)
2014/06/30 15:41:30 [error] [php] Object of class stdClass could not be converted to string (/home4/colinfle/public_html/ragsblinddraw.com/protected/extensions/ChallongeAPI.php:107)
Stack trace:
#0 /home4/colinfle/YiiRoot1.1.13/framework/web/actions/CInlineAction.php(49): TournamentController->actionCreate()
#1 /home4/colinfle/YiiRoot1.1.13/framework/web/CController.php(308): CInlineAction->runWithParams()
#2 /home4/colinfle/YiiRoot1.1.13/framework/web/filters/CFilterChain.php(133): TournamentController->runAction()
#3 /home4/colinfle/YiiRoot1.1.13/framework/web/filters/CFilter.php(40): CFilterChain->run()
#4 /home4/colinfle/YiiRoot1.1.13/framework/web/CController.php(1145): CAccessControlFilter->filter()
#5 /home4/colinfle/YiiRoot1.1.13/framework/web/filters/CInlineFilter.php(58): TournamentController->filterAccessControl()
#6 /home4/colinfle/YiiRoot1.1.13/framework/web/filters/CFilterChain.php(130): CInlineFilter->filter()
#7 /home4/colinfle/YiiRoot1.1.13/framework/web/CController.php(291): CFilterChain->run()
#8 /home4/colinfle/YiiRoot1.1.13/framework/web/CController.php(265): TournamentController->runActionWithFilters()
#9 /home4/colinfle/YiiRoot1.1.13/framework/web/CWebApplication.php(282): TournamentController->run()
#10 /home4/colinfle/YiiRoot1.1.13/framework/web/CWebApplication.php(141): CWebApplication->runController()
#11 /home4/colinfle/YiiRoot1.1.13/framework/base/CApplication.php(169): CWebApplication->processRequest()
#12 /home4/colinfle/public_html/ragsblinddraw.com/index.php(13): CWebApplication->run()
REQUEST_URI=/director/tournament/create
in /home4/colinfle/public_html/ragsblinddraw.com/protected/extensions/ChallongeAPI.php (107)
in /home4/colinfle/public_html/ragsblinddraw.com/protected/extensions/ChallongeAPI.php (152)
in /home4/colinfle/public_html/ragsblinddraw.com/protected/modules/director/controllers/TournamentController.php (83)
2014/06/30 15:41:57 [error] [php] Invalid argument supplied for foreach() (/home4/colinfle/public_html/ragsblinddraw.com/protected/extensions/ChallongeAPI.php:109)
Stack trace:
#0 /home4/colinfle/YiiRoot1.1.13/framework/web/actions/CInlineAction.php(49): TournamentController->actionCreate()
#1 /home4/colinfle/YiiRoot1.1.13/framework/web/CController.php(308): CInlineAction->runWithParams()
#2 /home4/colinfle/YiiRoot1.1.13/framework/web/filters/CFilterChain.php(133): TournamentController->runAction()
#3 /home4/colinfle/YiiRoot1.1.13/framework/web/filters/CFilter.php(40): CFilterChain->run()
#4 /home4/colinfle/YiiRoot1.1.13/framework/web/CController.php(1145): CAccessControlFilter->filter()
#5 /home4/colinfle/YiiRoot1.1.13/framework/web/filters/CInlineFilter.php(58): TournamentController->filterAccessControl()
#6 /home4/colinfle/YiiRoot1.1.13/framework/web/filters/CFilterChain.php(130): CInlineFilter->filter()
#7 /home4/colinfle/YiiRoot1.1.13/framework/web/CController.php(291): CFilterChain->run()
#8 /home4/colinfle/YiiRoot1.1.13/framework/web/CController.php(265): TournamentController->runActionWithFilters()
#9 /home4/colinfle/YiiRoot1.1.13/framework/web/CWebApplication.php(282): TournamentController->run()
#10 /home4/colinfle/YiiRoot1.1.13/framework/web/CWebApplication.php(141): CWebApplication->runController()
#11 /home4/colinfle/YiiRoot1.1.13/framework/base/CApplication.php(169): CWebApplication->processRequest()
#12 /home4/colinfle/public_html/ragsblinddraw.com/index.php(13): CWebApplication->run()
REQUEST_URI=/director/tournament/create
in /home4/colinfle/public_html/ragsblinddraw.com/protected/extensions/ChallongeAPI.php (109)
in /home4/colinfle/public_html/ragsblinddraw.com/protected/extensions/ChallongeAPI.php (152)
in /home4/colinfle/public_html/ragsblinddraw.com/protected/modules/director/controllers/TournamentController.php (83)
2014/06/30 15:42:46 [error] [php] Invalid argument supplied for foreach() (/home4/colinfle/public_html/ragsblinddraw.com/protected/extensions/ChallongeAPI.php:108)
Stack trace:
#0 /home4/colinfle/YiiRoot1.1.13/framework/web/actions/CInlineAction.php(49): TournamentController->actionCreate()
#1 /home4/colinfle/YiiRoot1.1.13/framework/web/CController.php(308): CInlineAction->runWithParams()
#2 /home4/colinfle/YiiRoot1.1.13/framework/web/filters/CFilterChain.php(133): TournamentController->runAction()
#3 /home4/colinfle/YiiRoot1.1.13/framework/web/filters/CFilter.php(40): CFilterChain->run()
#4 /home4/colinfle/YiiRoot1.1.13/framework/web/CController.php(1145): CAccessControlFilter->filter()
#5 /home4/colinfle/YiiRoot1.1.13/framework/web/filters/CInlineFilter.php(58): TournamentController->filterAccessControl()
#6 /home4/colinfle/YiiRoot1.1.13/framework/web/filters/CFilterChain.php(130): CInlineFilter->filter()
#7 /home4/colinfle/YiiRoot1.1.13/framework/web/CController.php(291): CFilterChain->run()
#8 /home4/colinfle/YiiRoot1.1.13/framework/web/CController.php(265): TournamentController->runActionWithFilters()
#9 /home4/colinfle/YiiRoot1.1.13/framework/web/CWebApplication.php(282): TournamentController->run()
#10 /home4/colinfle/YiiRoot1.1.13/framework/web/CWebApplication.php(141): CWebApplication->runController()
#11 /home4/colinfle/YiiRoot1.1.13/framework/base/CApplication.php(169): CWebApplication->processRequest()
#12 /home4/colinfle/public_html/ragsblinddraw.com/index.php(13): CWebApplication->run()
REQUEST_URI=/director/tournament/create
in /home4/colinfle/public_html/ragsblinddraw.com/protected/extensions/ChallongeAPI.php (108)
in /home4/colinfle/public_html/ragsblinddraw.com/protected/extensions/ChallongeAPI.php (151)
in /home4/colinfle/public_html/ragsblinddraw.com/protected/modules/director/controllers/TournamentController.php (83)
2014/06/30 15:43:12 [error] [php] Invalid argument supplied for foreach() (/home4/colinfle/public_html/ragsblinddraw.com/protected/extensions/ChallongeAPI.php:110)
Stack trace:
#0 /home4/colinfle/YiiRoot1.1.13/framework/web/actions/CInlineAction.php(49): TournamentController->actionCreate()
#1 /home4/colinfle/YiiRoot1.1.13/framework/web/CController.php(308): CInlineAction->runWithParams()
#2 /home4/colinfle/YiiRoot1.1.13/framework/web/filters/CFilterChain.php(133): TournamentController->runAction()
#3 /home4/colinfle/YiiRoot1.1.13/framework/web/filters/CFilter.php(40): CFilterChain->run()
#4 /home4/colinfle/YiiRoot1.1.13/framework/web/CController.php(1145): CAccessControlFilter->filter()
#5 /home4/colinfle/YiiRoot1.1.13/framework/web/filters/CInlineFilter.php(58): TournamentController->filterAccessControl()
#6 /home4/colinfle/YiiRoot1.1.13/framework/web/filters/CFilterChain.php(130): CInlineFilter->filter()
#7 /home4/colinfle/YiiRoot1.1.13/framework/web/CController.php(291): CFilterChain->run()
#8 /home4/colinfle/YiiRoot1.1.13/framework/web/CController.php(265): TournamentController->runActionWithFilters()
#9 /home4/colinfle/YiiRoot1.1.13/framework/web/CWebApplication.php(282): TournamentController->run()
#10 /home4/colinfle/YiiRoot1.1.13/framework/web/CWebApplication.php(141): CWebApplication->runController()
#11 /home4/colinfle/YiiRoot1.1.13/framework/base/CApplication.php(169): CWebApplication->processRequest()
#12 /home4/colinfle/public_html/ragsblinddraw.com/index.php(13): CWebApplication->run()
REQUEST_URI=/director/tournament/create
in /home4/colinfle/public_html/ragsblinddraw.com/protected/extensions/ChallongeAPI.php (110)
in /home4/colinfle/public_html/ragsblinddraw.com/protected/extensions/ChallongeAPI.php (153)
in /home4/colinfle/public_html/ragsblinddraw.com/protected/modules/director/controllers/TournamentController.php (83)
