2014/06/23 07:46:01 [error] [exception.CHttpException.404] exception 'CHttpException' with message 'Unable to resolve the request "favicon.ico".' in /home4/colinfle/YiiRoot1.1.13/framework/web/CWebApplication.php:286
Stack trace:
#0 /home4/colinfle/YiiRoot1.1.13/framework/web/CWebApplication.php(141): CWebApplication->runController('favicon.ico')
#1 /home4/colinfle/YiiRoot1.1.13/framework/base/CApplication.php(169): CWebApplication->processRequest()
#2 /home4/colinfle/public_html/ragsblinddraw.com/index.php(13): CApplication->run()
#3 {main}
REQUEST_URI=/favicon.ico
---
2014/06/23 09:33:08 [error] [exception.CException] exception 'CException' with message 'Property "CHasManyRelation.0" is not defined.' in /home4/colinfle/YiiRoot1.1.13/framework/base/CComponent.php:173
Stack trace:
#0 /home4/colinfle/YiiRoot1.1.13/framework/db/ar/CActiveRecord.php(1941): CComponent->__set('0', 'position ASC')
#1 /home4/colinfle/YiiRoot1.1.13/framework/db/ar/CActiveRecord.php(2356): CBaseActiveRelation->__construct('teams', 'Team', 'tournament_id', Array)
#2 /home4/colinfle/YiiRoot1.1.13/framework/db/ar/CActiveRecord.php(2337): CActiveRecordMetaData->addRelation('teams', Array)
#3 /home4/colinfle/YiiRoot1.1.13/framework/db/ar/CActiveRecord.php(387): CActiveRecordMetaData->__construct(Object(Tournament))
#4 /home4/colinfle/public_html/ragsblinddraw.com/protected/modules/director/models/Tournament.php(44): CActiveRecord::model('Tournament')
#5 /home4/colinfle/public_html/ragsblinddraw.com/protected/modules/director/controllers/TournamentController.php(434): Tournament::model()
#6 /home4/colinfle/public_html/ragsblinddraw.com/protected/modules/director/controllers/TournamentController.php(229): TournamentController->loadModel('5')
#7 [internal function]: TournamentController->actionTeams('5')
#8 /home4/colinfle/YiiRoot1.1.13/framework/web/actions/CAction.php(108): ReflectionMethod->invokeArgs(Object(TournamentController), Array)
#9 /home4/colinfle/YiiRoot1.1.13/framework/web/actions/CInlineAction.php(47): CAction->runWithParamsInternal(Object(TournamentController), Object(ReflectionMethod), Array)
#10 /home4/colinfle/YiiRoot1.1.13/framework/web/CController.php(308): CInlineAction->runWithParams(Array)
#11 /home4/colinfle/YiiRoot1.1.13/framework/web/filters/CFilterChain.php(133): CController->runAction(Object(CInlineAction))
#12 /home4/colinfle/YiiRoot1.1.13/framework/web/filters/CFilter.php(40): CFilterChain->run()
#13 /home4/colinfle/YiiRoot1.1.13/framework/web/CController.php(1145): CFilter->filter(Object(CFilterChain))
#14 /home4/colinfle/YiiRoot1.1.13/framework/web/filters/CInlineFilter.php(58): CController->filterAccessControl(Object(CFilterChain))
#15 /home4/colinfle/YiiRoot1.1.13/framework/web/filters/CFilterChain.php(130): CInlineFilter->filter(Object(CFilterChain))
#16 /home4/colinfle/YiiRoot1.1.13/framework/web/CController.php(291): CFilterChain->run()
#17 /home4/colinfle/YiiRoot1.1.13/framework/web/CController.php(265): CController->runActionWithFilters(Object(CInlineAction), Array)
#18 /home4/colinfle/YiiRoot1.1.13/framework/web/CWebApplication.php(282): CController->run('teams')
#19 /home4/colinfle/YiiRoot1.1.13/framework/web/CWebApplication.php(141): CWebApplication->runController('director/tourna...')
#20 /home4/colinfle/YiiRoot1.1.13/framework/base/CApplication.php(169): CWebApplication->processRequest()
#21 /home4/colinfle/public_html/ragsblinddraw.com/index.php(13): CApplication->run()
#22 {main}
REQUEST_URI=/director/tournament/teams/id/5
HTTP_REFERER=http://ragsblinddraw.com/director/tournament/teams/id/5
---
2014/06/23 10:17:23 [error] [exception.CException] exception 'CException' with message 'TbActiveForm and its behaviors do not have a method or closure named "dropDownRow".' in /home4/colinfle/YiiRoot1.1.13/framework/base/CComponent.php:265
Stack trace:
#0 /home4/colinfle/public_html/ragsblinddraw.com/protected/modules/director/views/tournament/_form.php(20): CComponent->__call('dropDownRow', Array)
#1 /home4/colinfle/public_html/ragsblinddraw.com/protected/modules/director/views/tournament/_form.php(20): TbActiveForm->dropDownRow(Object(Tournament), 'tournament_type', Array)
#2 /home4/colinfle/YiiRoot1.1.13/framework/web/CBaseController.php(126): require('/home4/colinfle...')
#3 /home4/colinfle/YiiRoot1.1.13/framework/web/CBaseController.php(95): CBaseController->renderInternal('/home4/colinfle...', Array, true)
#4 /home4/colinfle/YiiRoot1.1.13/framework/web/CController.php(869): CBaseController->renderFile('/home4/colinfle...', Array, true)
#5 /home4/colinfle/public_html/ragsblinddraw.com/protected/modules/director/views/tournament/update.php(18): CController->renderPartial('_form', Array)
#6 /home4/colinfle/YiiRoot1.1.13/framework/web/CBaseController.php(126): require('/home4/colinfle...')
#7 /home4/colinfle/YiiRoot1.1.13/framework/web/CBaseController.php(95): CBaseController->renderInternal('/home4/colinfle...', Array, true)
#8 /home4/colinfle/YiiRoot1.1.13/framework/web/CController.php(869): CBaseController->renderFile('/home4/colinfle...', Array, true)
#9 /home4/colinfle/YiiRoot1.1.13/framework/web/CController.php(782): CController->renderPartial('update', Array, true)
#10 /home4/colinfle/public_html/ragsblinddraw.com/protected/modules/director/controllers/TournamentController.php(108): CController->render('update', Array)
#11 [internal function]: TournamentController->actionUpdate('5')
#12 /home4/colinfle/YiiRoot1.1.13/framework/web/actions/CAction.php(108): ReflectionMethod->invokeArgs(Object(TournamentController), Array)
#13 /home4/colinfle/YiiRoot1.1.13/framework/web/actions/CInlineAction.php(47): CAction->runWithParamsInternal(Object(TournamentController), Object(ReflectionMethod), Array)
#14 /home4/colinfle/YiiRoot1.1.13/framework/web/CController.php(308): CInlineAction->runWithParams(Array)
#15 /home4/colinfle/YiiRoot1.1.13/framework/web/filters/CFilterChain.php(133): CController->runAction(Object(CInlineAction))
#16 /home4/colinfle/YiiRoot1.1.13/framework/web/filters/CFilter.php(40): CFilterChain->run()
#17 /home4/colinfle/YiiRoot1.1.13/framework/web/CController.php(1145): CFilter->filter(Object(CFilterChain))
#18 /home4/colinfle/YiiRoot1.1.13/framework/web/filters/CInlineFilter.php(58): CController->filterAccessControl(Object(CFilterChain))
#19 /home4/colinfle/YiiRoot1.1.13/framework/web/filters/CFilterChain.php(130): CInlineFilter->filter(Object(CFilterChain))
#20 /home4/colinfle/YiiRoot1.1.13/framework/web/CController.php(291): CFilterChain->run()
#21 /home4/colinfle/YiiRoot1.1.13/framework/web/CController.php(265): CController->runActionWithFilters(Object(CInlineAction), Array)
#22 /home4/colinfle/YiiRoot1.1.13/framework/web/CWebApplication.php(282): CController->run('update')
#23 /home4/colinfle/YiiRoot1.1.13/framework/web/CWebApplication.php(141): CWebApplication->runController('director/tourna...')
#24 /home4/colinfle/YiiRoot1.1.13/framework/base/CApplication.php(169): CWebApplication->processRequest()
#25 /home4/colinfle/public_html/ragsblinddraw.com/index.php(13): CApplication->run()
#26 {main}
REQUEST_URI=/director/tournament/update/id/5
HTTP_REFERER=http://ragsblinddraw.com/director/tournament/teams/id/5
---
2014/06/23 11:26:16 [error] [php] include(/home4/colinfle/public_html/ragsblinddraw.com/protected/extensions/ChallongeAPI.php) [<a href='function.include'>function.include</a>]: failed to open stream: No such file or directory (/home4/colinfle/YiiRoot1.1.13/framework/YiiBase.php:395)
Stack trace:
#0 /home4/colinfle/public_html/ragsblinddraw.com/protected/modules/director/controllers/TournamentController.php(72): spl_autoload_call()
#1 /home4/colinfle/YiiRoot1.1.13/framework/web/actions/CInlineAction.php(49): TournamentController->actionCreate()
#2 /home4/colinfle/YiiRoot1.1.13/framework/web/CController.php(308): CInlineAction->runWithParams()
#3 /home4/colinfle/YiiRoot1.1.13/framework/web/filters/CFilterChain.php(133): TournamentController->runAction()
#4 /home4/colinfle/YiiRoot1.1.13/framework/web/filters/CFilter.php(40): CFilterChain->run()
#5 /home4/colinfle/YiiRoot1.1.13/framework/web/CController.php(1145): CAccessControlFilter->filter()
#6 /home4/colinfle/YiiRoot1.1.13/framework/web/filters/CInlineFilter.php(58): TournamentController->filterAccessControl()
#7 /home4/colinfle/YiiRoot1.1.13/framework/web/filters/CFilterChain.php(130): CInlineFilter->filter()
#8 /home4/colinfle/YiiRoot1.1.13/framework/web/CController.php(291): CFilterChain->run()
#9 /home4/colinfle/YiiRoot1.1.13/framework/web/CController.php(265): TournamentController->runActionWithFilters()
#10 /home4/colinfle/YiiRoot1.1.13/framework/web/CWebApplication.php(282): TournamentController->run()
#11 /home4/colinfle/YiiRoot1.1.13/framework/web/CWebApplication.php(141): CWebApplication->runController()
#12 /home4/colinfle/YiiRoot1.1.13/framework/base/CApplication.php(169): CWebApplication->processRequest()
#13 /home4/colinfle/public_html/ragsblinddraw.com/index.php(13): CWebApplication->run()
REQUEST_URI=/director/tournament/create
in /home4/colinfle/public_html/ragsblinddraw.com/protected/modules/director/controllers/TournamentController.php (72)
in /home4/colinfle/public_html/ragsblinddraw.com/index.php (13)
2014/06/23 11:29:39 [error] [php] Object of class ChallongeAPI could not be converted to string (/home4/colinfle/public_html/ragsblinddraw.com/protected/modules/director/controllers/TournamentController.php:73)
Stack trace:
#0 /home4/colinfle/YiiRoot1.1.13/framework/web/filters/CFilterChain.php(133): TournamentController->runAction()
#1 /home4/colinfle/YiiRoot1.1.13/framework/web/filters/CFilter.php(40): CFilterChain->run()
#2 /home4/colinfle/YiiRoot1.1.13/framework/web/CController.php(1145): CAccessControlFilter->filter()
#3 /home4/colinfle/YiiRoot1.1.13/framework/web/filters/CInlineFilter.php(58): TournamentController->filterAccessControl()
#4 /home4/colinfle/YiiRoot1.1.13/framework/web/filters/CFilterChain.php(130): CInlineFilter->filter()
#5 /home4/colinfle/YiiRoot1.1.13/framework/web/CController.php(291): CFilterChain->run()
#6 /home4/colinfle/YiiRoot1.1.13/framework/web/CController.php(265): TournamentController->runActionWithFilters()
#7 /home4/colinfle/YiiRoot1.1.13/framework/web/CWebApplication.php(282): TournamentController->run()
#8 /home4/colinfle/YiiRoot1.1.13/framework/web/CWebApplication.php(141): CWebApplication->runController()
#9 /home4/colinfle/YiiRoot1.1.13/framework/base/CApplication.php(169): CWebApplication->processRequest()
#10 /home4/colinfle/public_html/ragsblinddraw.com/index.php(13): CWebApplication->run()
REQUEST_URI=/director/tournament/create
in /home4/colinfle/public_html/ragsblinddraw.com/protected/modules/director/controllers/TournamentController.php (73)
in /home4/colinfle/public_html/ragsblinddraw.com/index.php (13)
2014/06/23 14:02:01 [error] [exception.CException] exception 'CException' with message 'TournamentController and its behaviors do not have a method or closure named "get_teams".' in /home4/colinfle/YiiRoot1.1.13/framework/base/CComponent.php:265
Stack trace:
#0 /home4/colinfle/public_html/ragsblinddraw.com/protected/modules/director/controllers/TournamentController.php(297): CComponent->__call('get_teams', Array)
#1 /home4/colinfle/public_html/ragsblinddraw.com/protected/modules/director/controllers/TournamentController.php(297): TournamentController->get_teams()
#2 [internal function]: TournamentController->actionTeams('7')
#3 /home4/colinfle/YiiRoot1.1.13/framework/web/actions/CAction.php(108): ReflectionMethod->invokeArgs(Object(TournamentController), Array)
#4 /home4/colinfle/YiiRoot1.1.13/framework/web/actions/CInlineAction.php(47): CAction->runWithParamsInternal(Object(TournamentController), Object(ReflectionMethod), Array)
#5 /home4/colinfle/YiiRoot1.1.13/framework/web/CController.php(308): CInlineAction->runWithParams(Array)
#6 /home4/colinfle/YiiRoot1.1.13/framework/web/filters/CFilterChain.php(133): CController->runAction(Object(CInlineAction))
#7 /home4/colinfle/YiiRoot1.1.13/framework/web/filters/CFilter.php(40): CFilterChain->run()
#8 /home4/colinfle/YiiRoot1.1.13/framework/web/CController.php(1145): CFilter->filter(Object(CFilterChain))
#9 /home4/colinfle/YiiRoot1.1.13/framework/web/filters/CInlineFilter.php(58): CController->filterAccessControl(Object(CFilterChain))
#10 /home4/colinfle/YiiRoot1.1.13/framework/web/filters/CFilterChain.php(130): CInlineFilter->filter(Object(CFilterChain))
#11 /home4/colinfle/YiiRoot1.1.13/framework/web/CController.php(291): CFilterChain->run()
#12 /home4/colinfle/YiiRoot1.1.13/framework/web/CController.php(265): CController->runActionWithFilters(Object(CInlineAction), Array)
#13 /home4/colinfle/YiiRoot1.1.13/framework/web/CWebApplication.php(282): CController->run('teams')
#14 /home4/colinfle/YiiRoot1.1.13/framework/web/CWebApplication.php(141): CWebApplication->runController('director/tourna...')
#15 /home4/colinfle/YiiRoot1.1.13/framework/base/CApplication.php(169): CWebApplication->processRequest()
#16 /home4/colinfle/public_html/ragsblinddraw.com/index.php(13): CApplication->run()
#17 {main}
REQUEST_URI=/director/tournament/teams/id/7
HTTP_REFERER=http://ragsblinddraw.com/director/tournament/teams/id/7
---
2014/06/23 14:54:53 [error] [system.db.CDbCommand] CDbCommand::fetch() failed: SQLSTATE[42S22]: Column not found: 1054 Unknown column 'position' in 'field list'. The SQL statement executed was: SELECT max(position) as teams FROM `tournament` `t` WHERE tournament_id = :tournament_id LIMIT 1. Bound with :tournament_id='7'.
in /home4/colinfle/public_html/ragsblinddraw.com/protected/modules/director/controllers/TournamentController.php (304)
in /home4/colinfle/public_html/ragsblinddraw.com/index.php (13)
2014/06/23 14:54:53 [error] [exception.CDbException] exception 'CDbException' with message 'CDbCommand failed to execute the SQL statement: SQLSTATE[42S22]: Column not found: 1054 Unknown column 'position' in 'field list'. The SQL statement executed was: SELECT max(position) as teams FROM `tournament` `t` WHERE tournament_id = :tournament_id LIMIT 1. Bound with :tournament_id='7'' in /home4/colinfle/YiiRoot1.1.13/framework/db/CDbCommand.php:541
Stack trace:
#0 /home4/colinfle/YiiRoot1.1.13/framework/db/CDbCommand.php(414): CDbCommand->queryInternal('fetch', Array, Array)
#1 /home4/colinfle/YiiRoot1.1.13/framework/db/ar/CActiveRecord.php(1297): CDbCommand->queryRow()
#2 /home4/colinfle/YiiRoot1.1.13/framework/db/ar/CActiveRecord.php(1402): CActiveRecord->query(Object(CDbCriteria))
#3 /home4/colinfle/public_html/ragsblinddraw.com/protected/modules/director/controllers/TournamentController.php(304): CActiveRecord->find(Object(CDbCriteria))
#4 [internal function]: TournamentController->actionTeams('7')
#5 /home4/colinfle/YiiRoot1.1.13/framework/web/actions/CAction.php(108): ReflectionMethod->invokeArgs(Object(TournamentController), Array)
#6 /home4/colinfle/YiiRoot1.1.13/framework/web/actions/CInlineAction.php(47): CAction->runWithParamsInternal(Object(TournamentController), Object(ReflectionMethod), Array)
#7 /home4/colinfle/YiiRoot1.1.13/framework/web/CController.php(308): CInlineAction->runWithParams(Array)
#8 /home4/colinfle/YiiRoot1.1.13/framework/web/filters/CFilterChain.php(133): CController->runAction(Object(CInlineAction))
#9 /home4/colinfle/YiiRoot1.1.13/framework/web/filters/CFilter.php(40): CFilterChain->run()
#10 /home4/colinfle/YiiRoot1.1.13/framework/web/CController.php(1145): CFilter->filter(Object(CFilterChain))
#11 /home4/colinfle/YiiRoot1.1.13/framework/web/filters/CInlineFilter.php(58): CController->filterAccessControl(Object(CFilterChain))
#12 /home4/colinfle/YiiRoot1.1.13/framework/web/filters/CFilterChain.php(130): CInlineFilter->filter(Object(CFilterChain))
#13 /home4/colinfle/YiiRoot1.1.13/framework/web/CController.php(291): CFilterChain->run()
#14 /home4/colinfle/YiiRoot1.1.13/framework/web/CController.php(265): CController->runActionWithFilters(Object(CInlineAction), Array)
#15 /home4/colinfle/YiiRoot1.1.13/framework/web/CWebApplication.php(282): CController->run('teams')
#16 /home4/colinfle/YiiRoot1.1.13/framework/web/CWebApplication.php(141): CWebApplication->runController('director/tourna...')
#17 /home4/colinfle/YiiRoot1.1.13/framework/base/CApplication.php(169): CWebApplication->processRequest()
#18 /home4/colinfle/public_html/ragsblinddraw.com/index.php(13): CApplication->run()
#19 {main}
REQUEST_URI=/director/tournament/teams/id/7
HTTP_REFERER=http://ragsblinddraw.com/director/tournament/teams/id/7
---
2014/06/23 14:55:34 [error] [exception.CException] exception 'CException' with message 'Property "Team.teams" is not defined.' in /home4/colinfle/YiiRoot1.1.13/framework/base/CComponent.php:130
Stack trace:
#0 /home4/colinfle/YiiRoot1.1.13/framework/db/ar/CActiveRecord.php(143): CComponent->__get('teams')
#1 /home4/colinfle/YiiRoot1.1.13/framework/base/CModel.php(595): CActiveRecord->__get('teams')
#2 /home4/colinfle/public_html/ragsblinddraw.com/protected/modules/director/controllers/TournamentController.php(307): CModel->offsetGet('teams')
#3 [internal function]: TournamentController->actionTeams('7')
#4 /home4/colinfle/YiiRoot1.1.13/framework/web/actions/CAction.php(108): ReflectionMethod->invokeArgs(Object(TournamentController), Array)
#5 /home4/colinfle/YiiRoot1.1.13/framework/web/actions/CInlineAction.php(47): CAction->runWithParamsInternal(Object(TournamentController), Object(ReflectionMethod), Array)
#6 /home4/colinfle/YiiRoot1.1.13/framework/web/CController.php(308): CInlineAction->runWithParams(Array)
#7 /home4/colinfle/YiiRoot1.1.13/framework/web/filters/CFilterChain.php(133): CController->runAction(Object(CInlineAction))
#8 /home4/colinfle/YiiRoot1.1.13/framework/web/filters/CFilter.php(40): CFilterChain->run()
#9 /home4/colinfle/YiiRoot1.1.13/framework/web/CController.php(1145): CFilter->filter(Object(CFilterChain))
#10 /home4/colinfle/YiiRoot1.1.13/framework/web/filters/CInlineFilter.php(58): CController->filterAccessControl(Object(CFilterChain))
#11 /home4/colinfle/YiiRoot1.1.13/framework/web/filters/CFilterChain.php(130): CInlineFilter->filter(Object(CFilterChain))
#12 /home4/colinfle/YiiRoot1.1.13/framework/web/CController.php(291): CFilterChain->run()
#13 /home4/colinfle/YiiRoot1.1.13/framework/web/CController.php(265): CController->runActionWithFilters(Object(CInlineAction), Array)
#14 /home4/colinfle/YiiRoot1.1.13/framework/web/CWebApplication.php(282): CController->run('teams')
#15 /home4/colinfle/YiiRoot1.1.13/framework/web/CWebApplication.php(141): CWebApplication->runController('director/tourna...')
#16 /home4/colinfle/YiiRoot1.1.13/framework/base/CApplication.php(169): CWebApplication->processRequest()
#17 /home4/colinfle/public_html/ragsblinddraw.com/index.php(13): CApplication->run()
#18 {main}
REQUEST_URI=/director/tournament/teams/id/7
HTTP_REFERER=http://ragsblinddraw.com/director/tournament/teams/id/7
---
2014/06/23 14:56:23 [error] [exception.CException] exception 'CException' with message 'Property "Team.num_of_teams" is not defined.' in /home4/colinfle/YiiRoot1.1.13/framework/base/CComponent.php:130
Stack trace:
#0 /home4/colinfle/YiiRoot1.1.13/framework/db/ar/CActiveRecord.php(143): CComponent->__get('num_of_teams')
#1 /home4/colinfle/YiiRoot1.1.13/framework/base/CModel.php(595): CActiveRecord->__get('num_of_teams')
#2 /home4/colinfle/public_html/ragsblinddraw.com/protected/modules/director/controllers/TournamentController.php(307): CModel->offsetGet('num_of_teams')
#3 [internal function]: TournamentController->actionTeams('7')
#4 /home4/colinfle/YiiRoot1.1.13/framework/web/actions/CAction.php(108): ReflectionMethod->invokeArgs(Object(TournamentController), Array)
#5 /home4/colinfle/YiiRoot1.1.13/framework/web/actions/CInlineAction.php(47): CAction->runWithParamsInternal(Object(TournamentController), Object(ReflectionMethod), Array)
#6 /home4/colinfle/YiiRoot1.1.13/framework/web/CController.php(308): CInlineAction->runWithParams(Array)
#7 /home4/colinfle/YiiRoot1.1.13/framework/web/filters/CFilterChain.php(133): CController->runAction(Object(CInlineAction))
#8 /home4/colinfle/YiiRoot1.1.13/framework/web/filters/CFilter.php(40): CFilterChain->run()
#9 /home4/colinfle/YiiRoot1.1.13/framework/web/CController.php(1145): CFilter->filter(Object(CFilterChain))
#10 /home4/colinfle/YiiRoot1.1.13/framework/web/filters/CInlineFilter.php(58): CController->filterAccessControl(Object(CFilterChain))
#11 /home4/colinfle/YiiRoot1.1.13/framework/web/filters/CFilterChain.php(130): CInlineFilter->filter(Object(CFilterChain))
#12 /home4/colinfle/YiiRoot1.1.13/framework/web/CController.php(291): CFilterChain->run()
#13 /home4/colinfle/YiiRoot1.1.13/framework/web/CController.php(265): CController->runActionWithFilters(Object(CInlineAction), Array)
#14 /home4/colinfle/YiiRoot1.1.13/framework/web/CWebApplication.php(282): CController->run('teams')
#15 /home4/colinfle/YiiRoot1.1.13/framework/web/CWebApplication.php(141): CWebApplication->runController('director/tourna...')
#16 /home4/colinfle/YiiRoot1.1.13/framework/base/CApplication.php(169): CWebApplication->processRequest()
#17 /home4/colinfle/public_html/ragsblinddraw.com/index.php(13): CApplication->run()
#18 {main}
REQUEST_URI=/director/tournament/teams/id/7
HTTP_REFERER=http://ragsblinddraw.com/director/tournament/teams/id/7
---
2014/06/23 15:07:11 [error] [system.db.CDbCommand] CDbCommand::execute() failed: SQLSTATE[42S22]: Column not found: 1054 Unknown column 'tournament' in 'where clause'. The SQL statement executed was: UPDATE `team` SET `challonge_participant_id`=:yp0 WHERE tournament_id = tournament and position = 1. Bound with :yp0=15986861.
in /home4/colinfle/public_html/ragsblinddraw.com/protected/modules/director/controllers/TournamentController.php (315)
in /home4/colinfle/public_html/ragsblinddraw.com/index.php (13)
2014/06/23 15:07:11 [error] [exception.CDbException] exception 'CDbException' with message 'CDbCommand failed to execute the SQL statement: SQLSTATE[42S22]: Column not found: 1054 Unknown column 'tournament' in 'where clause'. The SQL statement executed was: UPDATE `team` SET `challonge_participant_id`=:yp0 WHERE tournament_id = tournament and position = 1. Bound with :yp0=15986861' in /home4/colinfle/YiiRoot1.1.13/framework/db/CDbCommand.php:357
Stack trace:
#0 /home4/colinfle/YiiRoot1.1.13/framework/db/ar/CActiveRecord.php(1709): CDbCommand->execute()
#1 /home4/colinfle/public_html/ragsblinddraw.com/protected/modules/director/controllers/TournamentController.php(315): CActiveRecord->updateAll(Array, 'tournament_id =...')
#2 [internal function]: TournamentController->actionTeams('7')
#3 /home4/colinfle/YiiRoot1.1.13/framework/web/actions/CAction.php(108): ReflectionMethod->invokeArgs(Object(TournamentController), Array)
#4 /home4/colinfle/YiiRoot1.1.13/framework/web/actions/CInlineAction.php(47): CAction->runWithParamsInternal(Object(TournamentController), Object(ReflectionMethod), Array)
#5 /home4/colinfle/YiiRoot1.1.13/framework/web/CController.php(308): CInlineAction->runWithParams(Array)
#6 /home4/colinfle/YiiRoot1.1.13/framework/web/filters/CFilterChain.php(133): CController->runAction(Object(CInlineAction))
#7 /home4/colinfle/YiiRoot1.1.13/framework/web/filters/CFilter.php(40): CFilterChain->run()
#8 /home4/colinfle/YiiRoot1.1.13/framework/web/CController.php(1145): CFilter->filter(Object(CFilterChain))
#9 /home4/colinfle/YiiRoot1.1.13/framework/web/filters/CInlineFilter.php(58): CController->filterAccessControl(Object(CFilterChain))
#10 /home4/colinfle/YiiRoot1.1.13/framework/web/filters/CFilterChain.php(130): CInlineFilter->filter(Object(CFilterChain))
#11 /home4/colinfle/YiiRoot1.1.13/framework/web/CController.php(291): CFilterChain->run()
#12 /home4/colinfle/YiiRoot1.1.13/framework/web/CController.php(265): CController->runActionWithFilters(Object(CInlineAction), Array)
#13 /home4/colinfle/YiiRoot1.1.13/framework/web/CWebApplication.php(282): CController->run('teams')
#14 /home4/colinfle/YiiRoot1.1.13/framework/web/CWebApplication.php(141): CWebApplication->runController('director/tourna...')
#15 /home4/colinfle/YiiRoot1.1.13/framework/base/CApplication.php(169): CWebApplication->processRequest()
#16 /home4/colinfle/public_html/ragsblinddraw.com/index.php(13): CApplication->run()
#17 {main}
REQUEST_URI=/director/tournament/teams/id/7
HTTP_REFERER=http://ragsblinddraw.com/director/tournament/teams/id/7
---
2014/06/23 15:10:59 [error] [php] Object of class Team could not be converted to string (/home4/colinfle/public_html/ragsblinddraw.com/protected/modules/director/controllers/TournamentController.php:305)
Stack trace:
#0 /home4/colinfle/YiiRoot1.1.13/framework/web/actions/CInlineAction.php(47): CInlineAction->runWithParamsInternal()
#1 /home4/colinfle/YiiRoot1.1.13/framework/web/CController.php(308): CInlineAction->runWithParams()
#2 /home4/colinfle/YiiRoot1.1.13/framework/web/filters/CFilterChain.php(133): TournamentController->runAction()
#3 /home4/colinfle/YiiRoot1.1.13/framework/web/filters/CFilter.php(40): CFilterChain->run()
#4 /home4/colinfle/YiiRoot1.1.13/framework/web/CController.php(1145): CAccessControlFilter->filter()
#5 /home4/colinfle/YiiRoot1.1.13/framework/web/filters/CInlineFilter.php(58): TournamentController->filterAccessControl()
#6 /home4/colinfle/YiiRoot1.1.13/framework/web/filters/CFilterChain.php(130): CInlineFilter->filter()
#7 /home4/colinfle/YiiRoot1.1.13/framework/web/CController.php(291): CFilterChain->run()
#8 /home4/colinfle/YiiRoot1.1.13/framework/web/CController.php(265): TournamentController->runActionWithFilters()
#9 /home4/colinfle/YiiRoot1.1.13/framework/web/CWebApplication.php(282): TournamentController->run()
#10 /home4/colinfle/YiiRoot1.1.13/framework/web/CWebApplication.php(141): CWebApplication->runController()
#11 /home4/colinfle/YiiRoot1.1.13/framework/base/CApplication.php(169): CWebApplication->processRequest()
#12 /home4/colinfle/public_html/ragsblinddraw.com/index.php(13): CWebApplication->run()
REQUEST_URI=/director/tournament/teams/id/7
in /home4/colinfle/public_html/ragsblinddraw.com/protected/modules/director/controllers/TournamentController.php (305)
in /home4/colinfle/public_html/ragsblinddraw.com/index.php (13)
2014/06/23 15:51:52 [error] [exception.CException] exception 'CException' with message 'Property "Team.player_name" is not defined.' in /home4/colinfle/YiiRoot1.1.13/framework/base/CComponent.php:130
Stack trace:
#0 /home4/colinfle/YiiRoot1.1.13/framework/db/ar/CActiveRecord.php(143): CComponent->__get('player_name')
#1 /home4/colinfle/public_html/ragsblinddraw.com/protected/modules/director/models/Tournament.php(443): CActiveRecord->__get('player_name')
#2 /home4/colinfle/public_html/ragsblinddraw.com/protected/modules/director/controllers/TournamentController.php(308): Tournament->get_team_name(1)
#3 [internal function]: TournamentController->actionTeams('7')
#4 /home4/colinfle/YiiRoot1.1.13/framework/web/actions/CAction.php(108): ReflectionMethod->invokeArgs(Object(TournamentController), Array)
#5 /home4/colinfle/YiiRoot1.1.13/framework/web/actions/CInlineAction.php(47): CAction->runWithParamsInternal(Object(TournamentController), Object(ReflectionMethod), Array)
#6 /home4/colinfle/YiiRoot1.1.13/framework/web/CController.php(308): CInlineAction->runWithParams(Array)
#7 /home4/colinfle/YiiRoot1.1.13/framework/web/filters/CFilterChain.php(133): CController->runAction(Object(CInlineAction))
#8 /home4/colinfle/YiiRoot1.1.13/framework/web/filters/CFilter.php(40): CFilterChain->run()
#9 /home4/colinfle/YiiRoot1.1.13/framework/web/CController.php(1145): CFilter->filter(Object(CFilterChain))
#10 /home4/colinfle/YiiRoot1.1.13/framework/web/filters/CInlineFilter.php(58): CController->filterAccessControl(Object(CFilterChain))
#11 /home4/colinfle/YiiRoot1.1.13/framework/web/filters/CFilterChain.php(130): CInlineFilter->filter(Object(CFilterChain))
#12 /home4/colinfle/YiiRoot1.1.13/framework/web/CController.php(291): CFilterChain->run()
#13 /home4/colinfle/YiiRoot1.1.13/framework/web/CController.php(265): CController->runActionWithFilters(Object(CInlineAction), Array)
#14 /home4/colinfle/YiiRoot1.1.13/framework/web/CWebApplication.php(282): CController->run('teams')
#15 /home4/colinfle/YiiRoot1.1.13/framework/web/CWebApplication.php(141): CWebApplication->runController('director/tourna...')
#16 /home4/colinfle/YiiRoot1.1.13/framework/base/CApplication.php(169): CWebApplication->processRequest()
#17 /home4/colinfle/public_html/ragsblinddraw.com/index.php(13): CApplication->run()
#18 {main}
REQUEST_URI=/director/tournament/teams/id/7
HTTP_REFERER=http://ragsblinddraw.com/director/tournament/teams/id/7
---
2014/06/23 15:52:25 [error] [php] SimpleXMLElement::__construct() [<a href='simplexmlelement.--construct'>simplexmlelement.--construct</a>]: Entity: line 7: parser error : Opening and ending tag mismatch: meta line 4 and head (/home4/colinfle/public_html/ragsblinddraw.com/protected/extensions/ChallongeAPI.php:103)
Stack trace:
#0 /home4/colinfle/public_html/ragsblinddraw.com/protected/modules/director/controllers/TournamentController.php(472): ChallongeAPI->deleteParticipant()
#1 /home4/colinfle/YiiRoot1.1.13/framework/web/actions/CInlineAction.php(49): TournamentController->actionRedrawTeams()
#2 /home4/colinfle/YiiRoot1.1.13/framework/web/CController.php(308): CInlineAction->runWithParams()
#3 /home4/colinfle/YiiRoot1.1.13/framework/web/filters/CFilterChain.php(133): TournamentController->runAction()
#4 /home4/colinfle/YiiRoot1.1.13/framework/web/filters/CFilter.php(40): CFilterChain->run()
#5 /home4/colinfle/YiiRoot1.1.13/framework/web/CController.php(1145): CAccessControlFilter->filter()
#6 /home4/colinfle/YiiRoot1.1.13/framework/web/filters/CInlineFilter.php(58): TournamentController->filterAccessControl()
#7 /home4/colinfle/YiiRoot1.1.13/framework/web/filters/CFilterChain.php(130): CInlineFilter->filter()
#8 /home4/colinfle/YiiRoot1.1.13/framework/web/CController.php(291): CFilterChain->run()
#9 /home4/colinfle/YiiRoot1.1.13/framework/web/CController.php(265): TournamentController->runActionWithFilters()
#10 /home4/colinfle/YiiRoot1.1.13/framework/web/CWebApplication.php(282): TournamentController->run()
#11 /home4/colinfle/YiiRoot1.1.13/framework/web/CWebApplication.php(141): CWebApplication->runController()
#12 /home4/colinfle/YiiRoot1.1.13/framework/base/CApplication.php(169): CWebApplication->processRequest()
#13 /home4/colinfle/public_html/ragsblinddraw.com/index.php(13): CWebApplication->run()
REQUEST_URI=/director/tournament/redrawteams?data%5Btournament_id%5D=7
in /home4/colinfle/public_html/ragsblinddraw.com/protected/extensions/ChallongeAPI.php (103)
in /home4/colinfle/public_html/ragsblinddraw.com/protected/extensions/ChallongeAPI.php (192)
in /home4/colinfle/public_html/ragsblinddraw.com/protected/modules/director/controllers/TournamentController.php (472)
2014/06/23 15:52:54 [error] [php] SimpleXMLElement::__construct() [<a href='simplexmlelement.--construct'>simplexmlelement.--construct</a>]: Entity: line 7: parser error : Opening and ending tag mismatch: meta line 4 and head (/home4/colinfle/public_html/ragsblinddraw.com/protected/extensions/ChallongeAPI.php:103)
Stack trace:
#0 /home4/colinfle/public_html/ragsblinddraw.com/protected/modules/director/controllers/TournamentController.php(472): ChallongeAPI->deleteParticipant()
#1 /home4/colinfle/YiiRoot1.1.13/framework/web/actions/CInlineAction.php(49): TournamentController->actionRedrawTeams()
#2 /home4/colinfle/YiiRoot1.1.13/framework/web/CController.php(308): CInlineAction->runWithParams()
#3 /home4/colinfle/YiiRoot1.1.13/framework/web/filters/CFilterChain.php(133): TournamentController->runAction()
#4 /home4/colinfle/YiiRoot1.1.13/framework/web/filters/CFilter.php(40): CFilterChain->run()
#5 /home4/colinfle/YiiRoot1.1.13/framework/web/CController.php(1145): CAccessControlFilter->filter()
#6 /home4/colinfle/YiiRoot1.1.13/framework/web/filters/CInlineFilter.php(58): TournamentController->filterAccessControl()
#7 /home4/colinfle/YiiRoot1.1.13/framework/web/filters/CFilterChain.php(130): CInlineFilter->filter()
#8 /home4/colinfle/YiiRoot1.1.13/framework/web/CController.php(291): CFilterChain->run()
#9 /home4/colinfle/YiiRoot1.1.13/framework/web/CController.php(265): TournamentController->runActionWithFilters()
#10 /home4/colinfle/YiiRoot1.1.13/framework/web/CWebApplication.php(282): TournamentController->run()
#11 /home4/colinfle/YiiRoot1.1.13/framework/web/CWebApplication.php(141): CWebApplication->runController()
#12 /home4/colinfle/YiiRoot1.1.13/framework/base/CApplication.php(169): CWebApplication->processRequest()
#13 /home4/colinfle/public_html/ragsblinddraw.com/index.php(13): CWebApplication->run()
REQUEST_URI=/director/tournament/redrawteams?data%5Btournament_id%5D=7
in /home4/colinfle/public_html/ragsblinddraw.com/protected/extensions/ChallongeAPI.php (103)
in /home4/colinfle/public_html/ragsblinddraw.com/protected/extensions/ChallongeAPI.php (192)
in /home4/colinfle/public_html/ragsblinddraw.com/protected/modules/director/controllers/TournamentController.php (472)
2014/06/23 15:54:05 [error] [php] SimpleXMLElement::__construct() [<a href='simplexmlelement.--construct'>simplexmlelement.--construct</a>]: Entity: line 7: parser error : Opening and ending tag mismatch: meta line 4 and head (/home4/colinfle/public_html/ragsblinddraw.com/protected/extensions/ChallongeAPI.php:103)
Stack trace:
#0 /home4/colinfle/public_html/ragsblinddraw.com/protected/modules/director/controllers/TournamentController.php(472): ChallongeAPI->deleteParticipant()
#1 /home4/colinfle/YiiRoot1.1.13/framework/web/actions/CInlineAction.php(49): TournamentController->actionRedrawTeams()
#2 /home4/colinfle/YiiRoot1.1.13/framework/web/CController.php(308): CInlineAction->runWithParams()
#3 /home4/colinfle/YiiRoot1.1.13/framework/web/filters/CFilterChain.php(133): TournamentController->runAction()
#4 /home4/colinfle/YiiRoot1.1.13/framework/web/filters/CFilter.php(40): CFilterChain->run()
#5 /home4/colinfle/YiiRoot1.1.13/framework/web/CController.php(1145): CAccessControlFilter->filter()
#6 /home4/colinfle/YiiRoot1.1.13/framework/web/filters/CInlineFilter.php(58): TournamentController->filterAccessControl()
#7 /home4/colinfle/YiiRoot1.1.13/framework/web/filters/CFilterChain.php(130): CInlineFilter->filter()
#8 /home4/colinfle/YiiRoot1.1.13/framework/web/CController.php(291): CFilterChain->run()
#9 /home4/colinfle/YiiRoot1.1.13/framework/web/CController.php(265): TournamentController->runActionWithFilters()
#10 /home4/colinfle/YiiRoot1.1.13/framework/web/CWebApplication.php(282): TournamentController->run()
#11 /home4/colinfle/YiiRoot1.1.13/framework/web/CWebApplication.php(141): CWebApplication->runController()
#12 /home4/colinfle/YiiRoot1.1.13/framework/base/CApplication.php(169): CWebApplication->processRequest()
#13 /home4/colinfle/public_html/ragsblinddraw.com/index.php(13): CWebApplication->run()
REQUEST_URI=/director/tournament/redrawteams?data%5Btournament_id%5D=7
in /home4/colinfle/public_html/ragsblinddraw.com/protected/extensions/ChallongeAPI.php (103)
in /home4/colinfle/public_html/ragsblinddraw.com/protected/extensions/ChallongeAPI.php (192)
in /home4/colinfle/public_html/ragsblinddraw.com/protected/modules/director/controllers/TournamentController.php (472)
2014/06/23 15:55:45 [error] [php] SimpleXMLElement::__construct() [<a href='simplexmlelement.--construct'>simplexmlelement.--construct</a>]: Entity: line 7: parser error : Opening and ending tag mismatch: meta line 4 and head (/home4/colinfle/public_html/ragsblinddraw.com/protected/extensions/ChallongeAPI.php:103)
Stack trace:
#0 /home4/colinfle/public_html/ragsblinddraw.com/protected/modules/director/controllers/TournamentController.php(473): ChallongeAPI->deleteParticipant()
#1 /home4/colinfle/YiiRoot1.1.13/framework/web/actions/CInlineAction.php(49): TournamentController->actionRedrawTeams()
#2 /home4/colinfle/YiiRoot1.1.13/framework/web/CController.php(308): CInlineAction->runWithParams()
#3 /home4/colinfle/YiiRoot1.1.13/framework/web/filters/CFilterChain.php(133): TournamentController->runAction()
#4 /home4/colinfle/YiiRoot1.1.13/framework/web/filters/CFilter.php(40): CFilterChain->run()
#5 /home4/colinfle/YiiRoot1.1.13/framework/web/CController.php(1145): CAccessControlFilter->filter()
#6 /home4/colinfle/YiiRoot1.1.13/framework/web/filters/CInlineFilter.php(58): TournamentController->filterAccessControl()
#7 /home4/colinfle/YiiRoot1.1.13/framework/web/filters/CFilterChain.php(130): CInlineFilter->filter()
#8 /home4/colinfle/YiiRoot1.1.13/framework/web/CController.php(291): CFilterChain->run()
#9 /home4/colinfle/YiiRoot1.1.13/framework/web/CController.php(265): TournamentController->runActionWithFilters()
#10 /home4/colinfle/YiiRoot1.1.13/framework/web/CWebApplication.php(282): TournamentController->run()
#11 /home4/colinfle/YiiRoot1.1.13/framework/web/CWebApplication.php(141): CWebApplication->runController()
#12 /home4/colinfle/YiiRoot1.1.13/framework/base/CApplication.php(169): CWebApplication->processRequest()
#13 /home4/colinfle/public_html/ragsblinddraw.com/index.php(13): CWebApplication->run()
REQUEST_URI=/director/tournament/redrawteams?data%5Btournament_id%5D=7
in /home4/colinfle/public_html/ragsblinddraw.com/protected/extensions/ChallongeAPI.php (103)
in /home4/colinfle/public_html/ragsblinddraw.com/protected/extensions/ChallongeAPI.php (192)
in /home4/colinfle/public_html/ragsblinddraw.com/protected/modules/director/controllers/TournamentController.php (473)
