2014/07/08 15:57:19 [error] [exception.CHttpException.404] exception 'CHttpException' with message 'Unable to resolve the request "robots.txt".' in /home4/colinfle/YiiRoot1.1.13/framework/web/CWebApplication.php:286
Stack trace:
#0 /home4/colinfle/YiiRoot1.1.13/framework/web/CWebApplication.php(141): CWebApplication->runController('robots.txt')
#1 /home4/colinfle/YiiRoot1.1.13/framework/base/CApplication.php(169): CWebApplication->processRequest()
#2 /home4/colinfle/public_html/ragsblinddraw.com/index.php(13): CApplication->run()
#3 {main}
REQUEST_URI=/robots.txt
---
2014/07/08 17:07:48 [error] [exception.CHttpException.404] exception 'CHttpException' with message 'Unable to resolve the request "robots.txt".' in /home4/colinfle/YiiRoot1.1.13/framework/web/CWebApplication.php:286
Stack trace:
#0 /home4/colinfle/YiiRoot1.1.13/framework/web/CWebApplication.php(141): CWebApplication->runController('robots.txt')
#1 /home4/colinfle/YiiRoot1.1.13/framework/base/CApplication.php(169): CWebApplication->processRequest()
#2 /home4/colinfle/public_html/ragsblinddraw.com/index.php(13): CApplication->run()
#3 {main}
REQUEST_URI=/robots.txt
---
2014/07/08 18:09:11 [error] [exception.CHttpException.404] exception 'CHttpException' with message 'Unable to resolve the request "robots.txt".' in /home4/colinfle/YiiRoot1.1.13/framework/web/CWebApplication.php:286
Stack trace:
#0 /home4/colinfle/YiiRoot1.1.13/framework/web/CWebApplication.php(141): CWebApplication->runController('robots.txt')
#1 /home4/colinfle/YiiRoot1.1.13/framework/base/CApplication.php(169): CWebApplication->processRequest()
#2 /home4/colinfle/public_html/ragsblinddraw.com/index.php(13): CApplication->run()
#3 {main}
REQUEST_URI=/robots.txt
---
2014/07/08 21:14:42 [error] [exception.CHttpException.404] exception 'CHttpException' with message 'Unable to resolve the request "robots.txt".' in /home4/colinfle/YiiRoot1.1.13/framework/web/CWebApplication.php:286
Stack trace:
#0 /home4/colinfle/YiiRoot1.1.13/framework/web/CWebApplication.php(141): CWebApplication->runController('robots.txt')
#1 /home4/colinfle/YiiRoot1.1.13/framework/base/CApplication.php(169): CWebApplication->processRequest()
#2 /home4/colinfle/public_html/ragsblinddraw.com/index.php(13): CApplication->run()
#3 {main}
REQUEST_URI=/robots.txt
---
