2014/07/01 09:13:33 [error] [exception.CException] exception 'CException' with message 'Failed to compile file "/home4/colinfle/public_html/ragsblinddraw.com/less/styles.less" using command: "/home4/colinfle/node/bin/node" "/home4/colinfle/node/bin/lessc"  "/home4/colinfle/public_html/ragsblinddraw.com/less/styles.less" "/home4/colinfle/public_html/ragsblinddraw.com/css/styles.css"' in /home4/colinfle/public_html/ragsblinddraw.com/protected/extensions/less/components/LessServerCompiler.php:133
Stack trace:
#0 /home4/colinfle/public_html/ragsblinddraw.com/protected/extensions/less/components/LessServerCompiler.php(91): LessServerCompiler->compileFile('/home4/colinfle...', '/home4/colinfle...')
#1 /home4/colinfle/public_html/ragsblinddraw.com/protected/extensions/less/components/Less.php(59): LessServerCompiler->run()
#2 /home4/colinfle/public_html/ragsblinddraw.com/themes/raggedy_anne/views/layouts/director.php(22): Less->register()
#3 /home4/colinfle/YiiRoot1.1.13/framework/web/CBaseController.php(126): require('/home4/colinfle...')
#4 /home4/colinfle/YiiRoot1.1.13/framework/web/CBaseController.php(95): CBaseController->renderInternal('/home4/colinfle...', Array, true)
#5 /home4/colinfle/YiiRoot1.1.13/framework/web/CController.php(784): CBaseController->renderFile('/home4/colinfle...', Array, true)
#6 /home4/colinfle/public_html/ragsblinddraw.com/protected/modules/director/controllers/TournamentController.php(109): CController->render('create', Array)
#7 /home4/colinfle/YiiRoot1.1.13/framework/web/actions/CInlineAction.php(49): TournamentController->actionCreate()
#8 /home4/colinfle/YiiRoot1.1.13/framework/web/CController.php(308): CInlineAction->runWithParams(Array)
#9 /home4/colinfle/YiiRoot1.1.13/framework/web/filters/CFilterChain.php(133): CController->runAction(Object(CInlineAction))
#10 /home4/colinfle/YiiRoot1.1.13/framework/web/filters/CFilter.php(40): CFilterChain->run()
#11 /home4/colinfle/YiiRoot1.1.13/framework/web/CController.php(1145): CFilter->filter(Object(CFilterChain))
#12 /home4/colinfle/YiiRoot1.1.13/framework/web/filters/CInlineFilter.php(58): CController->filterAccessControl(Object(CFilterChain))
#13 /home4/colinfle/YiiRoot1.1.13/framework/web/filters/CFilterChain.php(130): CInlineFilter->filter(Object(CFilterChain))
#14 /home4/colinfle/YiiRoot1.1.13/framework/web/CController.php(291): CFilterChain->run()
#15 /home4/colinfle/YiiRoot1.1.13/framework/web/CController.php(265): CController->runActionWithFilters(Object(CInlineAction), Array)
#16 /home4/colinfle/YiiRoot1.1.13/framework/web/CWebApplication.php(282): CController->run('create')
#17 /home4/colinfle/YiiRoot1.1.13/framework/web/CWebApplication.php(141): CWebApplication->runController('director/tourna...')
#18 /home4/colinfle/YiiRoot1.1.13/framework/base/CApplication.php(169): CWebApplication->processRequest()
#19 /home4/colinfle/public_html/ragsblinddraw.com/index.php(13): CApplication->run()
#20 {main}
REQUEST_URI=/director/tournament/create
---
2014/07/01 11:04:17 [error] [php] json_decode() expects parameter 1 to be string, object given (/home4/colinfle/YiiRoot1.1.13/framework/web/helpers/CJSON.php:327)
Stack trace:
#0 unknown(0): TournamentController->actionStartTournament()
#1 /home4/colinfle/YiiRoot1.1.13/framework/web/actions/CAction.php(108): ReflectionMethod->invokeArgs()
#2 /home4/colinfle/YiiRoot1.1.13/framework/web/actions/CInlineAction.php(47): CInlineAction->runWithParamsInternal()
#3 /home4/colinfle/YiiRoot1.1.13/framework/web/CController.php(308): CInlineAction->runWithParams()
#4 /home4/colinfle/YiiRoot1.1.13/framework/web/filters/CFilterChain.php(133): TournamentController->runAction()
#5 /home4/colinfle/YiiRoot1.1.13/framework/web/filters/CFilter.php(40): CFilterChain->run()
#6 /home4/colinfle/YiiRoot1.1.13/framework/web/CController.php(1145): CAccessControlFilter->filter()
#7 /home4/colinfle/YiiRoot1.1.13/framework/web/filters/CInlineFilter.php(58): TournamentController->filterAccessControl()
#8 /home4/colinfle/YiiRoot1.1.13/framework/web/filters/CFilterChain.php(130): CInlineFilter->filter()
#9 /home4/colinfle/YiiRoot1.1.13/framework/web/CController.php(291): CFilterChain->run()
#10 /home4/colinfle/YiiRoot1.1.13/framework/web/CController.php(265): TournamentController->runActionWithFilters()
#11 /home4/colinfle/YiiRoot1.1.13/framework/web/CWebApplication.php(282): TournamentController->run()
#12 /home4/colinfle/YiiRoot1.1.13/framework/web/CWebApplication.php(141): CWebApplication->runController()
#13 /home4/colinfle/YiiRoot1.1.13/framework/base/CApplication.php(169): CWebApplication->processRequest()
#14 /home4/colinfle/public_html/ragsblinddraw.com/index.php(13): CWebApplication->run()
REQUEST_URI=/director/tournament/starttournament/id/2
in /home4/colinfle/public_html/ragsblinddraw.com/protected/modules/director/controllers/TournamentController.php (305)
in /home4/colinfle/public_html/ragsblinddraw.com/index.php (13)
2014/07/01 11:06:09 [error] [php] include(JSON.php) [<a href='function.include'>function.include</a>]: failed to open stream: No such file or directory (/home4/colinfle/YiiRoot1.1.13/framework/YiiBase.php:421)
Stack trace:
#0 /home4/colinfle/public_html/ragsblinddraw.com/protected/modules/director/controllers/TournamentController.php(308): spl_autoload_call()
#1 unknown(0): TournamentController->actionStartTournament()
#2 /home4/colinfle/YiiRoot1.1.13/framework/web/actions/CAction.php(108): ReflectionMethod->invokeArgs()
#3 /home4/colinfle/YiiRoot1.1.13/framework/web/actions/CInlineAction.php(47): CInlineAction->runWithParamsInternal()
#4 /home4/colinfle/YiiRoot1.1.13/framework/web/CController.php(308): CInlineAction->runWithParams()
#5 /home4/colinfle/YiiRoot1.1.13/framework/web/filters/CFilterChain.php(133): TournamentController->runAction()
#6 /home4/colinfle/YiiRoot1.1.13/framework/web/filters/CFilter.php(40): CFilterChain->run()
#7 /home4/colinfle/YiiRoot1.1.13/framework/web/CController.php(1145): CAccessControlFilter->filter()
#8 /home4/colinfle/YiiRoot1.1.13/framework/web/filters/CInlineFilter.php(58): TournamentController->filterAccessControl()
#9 /home4/colinfle/YiiRoot1.1.13/framework/web/filters/CFilterChain.php(130): CInlineFilter->filter()
#10 /home4/colinfle/YiiRoot1.1.13/framework/web/CController.php(291): CFilterChain->run()
#11 /home4/colinfle/YiiRoot1.1.13/framework/web/CController.php(265): TournamentController->runActionWithFilters()
#12 /home4/colinfle/YiiRoot1.1.13/framework/web/CWebApplication.php(282): TournamentController->run()
#13 /home4/colinfle/YiiRoot1.1.13/framework/web/CWebApplication.php(141): CWebApplication->runController()
#14 /home4/colinfle/YiiRoot1.1.13/framework/base/CApplication.php(169): CWebApplication->processRequest()
#15 /home4/colinfle/public_html/ragsblinddraw.com/index.php(13): CWebApplication->run()
REQUEST_URI=/director/tournament/starttournament/id/2
in /home4/colinfle/public_html/ragsblinddraw.com/protected/modules/director/controllers/TournamentController.php (308)
in /home4/colinfle/public_html/ragsblinddraw.com/index.php (13)
2014/07/01 11:06:21 [error] [php] json_decode() expects parameter 1 to be string, object given (/home4/colinfle/YiiRoot1.1.13/framework/web/helpers/CJSON.php:327)
Stack trace:
#0 unknown(0): TournamentController->actionStartTournament()
#1 /home4/colinfle/YiiRoot1.1.13/framework/web/actions/CAction.php(108): ReflectionMethod->invokeArgs()
#2 /home4/colinfle/YiiRoot1.1.13/framework/web/actions/CInlineAction.php(47): CInlineAction->runWithParamsInternal()
#3 /home4/colinfle/YiiRoot1.1.13/framework/web/CController.php(308): CInlineAction->runWithParams()
#4 /home4/colinfle/YiiRoot1.1.13/framework/web/filters/CFilterChain.php(133): TournamentController->runAction()
#5 /home4/colinfle/YiiRoot1.1.13/framework/web/filters/CFilter.php(40): CFilterChain->run()
#6 /home4/colinfle/YiiRoot1.1.13/framework/web/CController.php(1145): CAccessControlFilter->filter()
#7 /home4/colinfle/YiiRoot1.1.13/framework/web/filters/CInlineFilter.php(58): TournamentController->filterAccessControl()
#8 /home4/colinfle/YiiRoot1.1.13/framework/web/filters/CFilterChain.php(130): CInlineFilter->filter()
#9 /home4/colinfle/YiiRoot1.1.13/framework/web/CController.php(291): CFilterChain->run()
#10 /home4/colinfle/YiiRoot1.1.13/framework/web/CController.php(265): TournamentController->runActionWithFilters()
#11 /home4/colinfle/YiiRoot1.1.13/framework/web/CWebApplication.php(282): TournamentController->run()
#12 /home4/colinfle/YiiRoot1.1.13/framework/web/CWebApplication.php(141): CWebApplication->runController()
#13 /home4/colinfle/YiiRoot1.1.13/framework/base/CApplication.php(169): CWebApplication->processRequest()
#14 /home4/colinfle/public_html/ragsblinddraw.com/index.php(13): CWebApplication->run()
REQUEST_URI=/director/tournament/starttournament/id/2
in /home4/colinfle/public_html/ragsblinddraw.com/protected/modules/director/controllers/TournamentController.php (308)
in /home4/colinfle/public_html/ragsblinddraw.com/index.php (13)
2014/07/01 11:14:25 [error] [php] json_decode() expects parameter 1 to be string, object given (/home4/colinfle/YiiRoot1.1.13/framework/web/helpers/CJSON.php:327)
Stack trace:
#0 /home4/colinfle/YiiRoot1.1.13/framework/web/actions/CInlineAction.php(49): TournamentController->actionCreate()
#1 /home4/colinfle/YiiRoot1.1.13/framework/web/CController.php(308): CInlineAction->runWithParams()
#2 /home4/colinfle/YiiRoot1.1.13/framework/web/filters/CFilterChain.php(133): TournamentController->runAction()
#3 /home4/colinfle/YiiRoot1.1.13/framework/web/filters/CFilter.php(40): CFilterChain->run()
#4 /home4/colinfle/YiiRoot1.1.13/framework/web/CController.php(1145): CAccessControlFilter->filter()
#5 /home4/colinfle/YiiRoot1.1.13/framework/web/filters/CInlineFilter.php(58): TournamentController->filterAccessControl()
#6 /home4/colinfle/YiiRoot1.1.13/framework/web/filters/CFilterChain.php(130): CInlineFilter->filter()
#7 /home4/colinfle/YiiRoot1.1.13/framework/web/CController.php(291): CFilterChain->run()
#8 /home4/colinfle/YiiRoot1.1.13/framework/web/CController.php(265): TournamentController->runActionWithFilters()
#9 /home4/colinfle/YiiRoot1.1.13/framework/web/CWebApplication.php(282): TournamentController->run()
#10 /home4/colinfle/YiiRoot1.1.13/framework/web/CWebApplication.php(141): CWebApplication->runController()
#11 /home4/colinfle/YiiRoot1.1.13/framework/base/CApplication.php(169): CWebApplication->processRequest()
#12 /home4/colinfle/public_html/ragsblinddraw.com/index.php(13): CWebApplication->run()
REQUEST_URI=/director/tournament/create
in /home4/colinfle/public_html/ragsblinddraw.com/protected/modules/director/controllers/TournamentController.php (83)
in /home4/colinfle/public_html/ragsblinddraw.com/index.php (13)
2014/07/01 11:22:23 [error] [php] Invalid argument supplied for foreach() (/home4/colinfle/public_html/ragsblinddraw.com/protected/extensions/ChallongeAPI.php:109)
Stack trace:
#0 unknown(0): TournamentController->actionTeams()
#1 /home4/colinfle/YiiRoot1.1.13/framework/web/actions/CAction.php(108): ReflectionMethod->invokeArgs()
#2 /home4/colinfle/YiiRoot1.1.13/framework/web/actions/CInlineAction.php(47): CInlineAction->runWithParamsInternal()
#3 /home4/colinfle/YiiRoot1.1.13/framework/web/CController.php(308): CInlineAction->runWithParams()
#4 /home4/colinfle/YiiRoot1.1.13/framework/web/filters/CFilterChain.php(133): TournamentController->runAction()
#5 /home4/colinfle/YiiRoot1.1.13/framework/web/filters/CFilter.php(40): CFilterChain->run()
#6 /home4/colinfle/YiiRoot1.1.13/framework/web/CController.php(1145): CAccessControlFilter->filter()
#7 /home4/colinfle/YiiRoot1.1.13/framework/web/filters/CInlineFilter.php(58): TournamentController->filterAccessControl()
#8 /home4/colinfle/YiiRoot1.1.13/framework/web/filters/CFilterChain.php(130): CInlineFilter->filter()
#9 /home4/colinfle/YiiRoot1.1.13/framework/web/CController.php(291): CFilterChain->run()
#10 /home4/colinfle/YiiRoot1.1.13/framework/web/CController.php(265): TournamentController->runActionWithFilters()
#11 /home4/colinfle/YiiRoot1.1.13/framework/web/CWebApplication.php(282): TournamentController->run()
#12 /home4/colinfle/YiiRoot1.1.13/framework/web/CWebApplication.php(141): CWebApplication->runController()
#13 /home4/colinfle/YiiRoot1.1.13/framework/base/CApplication.php(169): CWebApplication->processRequest()
#14 /home4/colinfle/public_html/ragsblinddraw.com/index.php(13): CWebApplication->run()
REQUEST_URI=/director/tournament/teams/id/1
in /home4/colinfle/public_html/ragsblinddraw.com/protected/extensions/ChallongeAPI.php (109)
in /home4/colinfle/public_html/ragsblinddraw.com/protected/extensions/ChallongeAPI.php (192)
in /home4/colinfle/public_html/ragsblinddraw.com/protected/modules/director/controllers/TournamentController.php (388)
2014/07/01 11:23:24 [error] [php] Invalid argument supplied for foreach() (/home4/colinfle/public_html/ragsblinddraw.com/protected/extensions/ChallongeAPI.php:114)
Stack trace:
#0 unknown(0): TournamentController->actionTeams()
#1 /home4/colinfle/YiiRoot1.1.13/framework/web/actions/CAction.php(108): ReflectionMethod->invokeArgs()
#2 /home4/colinfle/YiiRoot1.1.13/framework/web/actions/CInlineAction.php(47): CInlineAction->runWithParamsInternal()
#3 /home4/colinfle/YiiRoot1.1.13/framework/web/CController.php(308): CInlineAction->runWithParams()
#4 /home4/colinfle/YiiRoot1.1.13/framework/web/filters/CFilterChain.php(133): TournamentController->runAction()
#5 /home4/colinfle/YiiRoot1.1.13/framework/web/filters/CFilter.php(40): CFilterChain->run()
#6 /home4/colinfle/YiiRoot1.1.13/framework/web/CController.php(1145): CAccessControlFilter->filter()
#7 /home4/colinfle/YiiRoot1.1.13/framework/web/filters/CInlineFilter.php(58): TournamentController->filterAccessControl()
#8 /home4/colinfle/YiiRoot1.1.13/framework/web/filters/CFilterChain.php(130): CInlineFilter->filter()
#9 /home4/colinfle/YiiRoot1.1.13/framework/web/CController.php(291): CFilterChain->run()
#10 /home4/colinfle/YiiRoot1.1.13/framework/web/CController.php(265): TournamentController->runActionWithFilters()
#11 /home4/colinfle/YiiRoot1.1.13/framework/web/CWebApplication.php(282): TournamentController->run()
#12 /home4/colinfle/YiiRoot1.1.13/framework/web/CWebApplication.php(141): CWebApplication->runController()
#13 /home4/colinfle/YiiRoot1.1.13/framework/base/CApplication.php(169): CWebApplication->processRequest()
#14 /home4/colinfle/public_html/ragsblinddraw.com/index.php(13): CWebApplication->run()
REQUEST_URI=/director/tournament/teams/id/1
in /home4/colinfle/public_html/ragsblinddraw.com/protected/extensions/ChallongeAPI.php (114)
in /home4/colinfle/public_html/ragsblinddraw.com/protected/extensions/ChallongeAPI.php (197)
in /home4/colinfle/public_html/ragsblinddraw.com/protected/modules/director/controllers/TournamentController.php (388)
2014/07/01 11:23:56 [error] [php] Invalid argument supplied for foreach() (/home4/colinfle/public_html/ragsblinddraw.com/protected/extensions/ChallongeAPI.php:115)
Stack trace:
#0 unknown(0): TournamentController->actionTeams()
#1 /home4/colinfle/YiiRoot1.1.13/framework/web/actions/CAction.php(108): ReflectionMethod->invokeArgs()
#2 /home4/colinfle/YiiRoot1.1.13/framework/web/actions/CInlineAction.php(47): CInlineAction->runWithParamsInternal()
#3 /home4/colinfle/YiiRoot1.1.13/framework/web/CController.php(308): CInlineAction->runWithParams()
#4 /home4/colinfle/YiiRoot1.1.13/framework/web/filters/CFilterChain.php(133): TournamentController->runAction()
#5 /home4/colinfle/YiiRoot1.1.13/framework/web/filters/CFilter.php(40): CFilterChain->run()
#6 /home4/colinfle/YiiRoot1.1.13/framework/web/CController.php(1145): CAccessControlFilter->filter()
#7 /home4/colinfle/YiiRoot1.1.13/framework/web/filters/CInlineFilter.php(58): TournamentController->filterAccessControl()
#8 /home4/colinfle/YiiRoot1.1.13/framework/web/filters/CFilterChain.php(130): CInlineFilter->filter()
#9 /home4/colinfle/YiiRoot1.1.13/framework/web/CController.php(291): CFilterChain->run()
#10 /home4/colinfle/YiiRoot1.1.13/framework/web/CController.php(265): TournamentController->runActionWithFilters()
#11 /home4/colinfle/YiiRoot1.1.13/framework/web/CWebApplication.php(282): TournamentController->run()
#12 /home4/colinfle/YiiRoot1.1.13/framework/web/CWebApplication.php(141): CWebApplication->runController()
#13 /home4/colinfle/YiiRoot1.1.13/framework/base/CApplication.php(169): CWebApplication->processRequest()
#14 /home4/colinfle/public_html/ragsblinddraw.com/index.php(13): CWebApplication->run()
REQUEST_URI=/director/tournament/teams/id/1
in /home4/colinfle/public_html/ragsblinddraw.com/protected/extensions/ChallongeAPI.php (115)
in /home4/colinfle/public_html/ragsblinddraw.com/protected/extensions/ChallongeAPI.php (198)
in /home4/colinfle/public_html/ragsblinddraw.com/protected/modules/director/controllers/TournamentController.php (388)
2014/07/01 13:26:11 [error] [php] Invalid argument supplied for foreach() (/home4/colinfle/public_html/ragsblinddraw.com/protected/extensions/ChallongeAPI.php:117)
Stack trace:
#0 unknown(0): TournamentController->actionTeams()
#1 /home4/colinfle/YiiRoot1.1.13/framework/web/actions/CAction.php(108): ReflectionMethod->invokeArgs()
#2 /home4/colinfle/YiiRoot1.1.13/framework/web/actions/CInlineAction.php(47): CInlineAction->runWithParamsInternal()
#3 /home4/colinfle/YiiRoot1.1.13/framework/web/CController.php(308): CInlineAction->runWithParams()
#4 /home4/colinfle/YiiRoot1.1.13/framework/web/filters/CFilterChain.php(133): TournamentController->runAction()
#5 /home4/colinfle/YiiRoot1.1.13/framework/web/filters/CFilter.php(40): CFilterChain->run()
#6 /home4/colinfle/YiiRoot1.1.13/framework/web/CController.php(1145): CAccessControlFilter->filter()
#7 /home4/colinfle/YiiRoot1.1.13/framework/web/filters/CInlineFilter.php(58): TournamentController->filterAccessControl()
#8 /home4/colinfle/YiiRoot1.1.13/framework/web/filters/CFilterChain.php(130): CInlineFilter->filter()
#9 /home4/colinfle/YiiRoot1.1.13/framework/web/CController.php(291): CFilterChain->run()
#10 /home4/colinfle/YiiRoot1.1.13/framework/web/CController.php(265): TournamentController->runActionWithFilters()
#11 /home4/colinfle/YiiRoot1.1.13/framework/web/CWebApplication.php(282): TournamentController->run()
#12 /home4/colinfle/YiiRoot1.1.13/framework/web/CWebApplication.php(141): CWebApplication->runController()
#13 /home4/colinfle/YiiRoot1.1.13/framework/base/CApplication.php(169): CWebApplication->processRequest()
#14 /home4/colinfle/public_html/ragsblinddraw.com/index.php(13): CWebApplication->run()
REQUEST_URI=/director/tournament/teams/id/1
in /home4/colinfle/public_html/ragsblinddraw.com/protected/extensions/ChallongeAPI.php (117)
in /home4/colinfle/public_html/ragsblinddraw.com/protected/extensions/ChallongeAPI.php (200)
in /home4/colinfle/public_html/ragsblinddraw.com/protected/modules/director/controllers/TournamentController.php (388)
2014/07/01 13:38:50 [error] [php] Cannot modify header information - headers already sent by (output started at /home4/colinfle/public_html/ragsblinddraw.com/protected/extensions/ChallongeAPI.php:45) (/home4/colinfle/YiiRoot1.1.13/framework/web/CHttpRequest.php:789)
Stack trace:
#0 /home4/colinfle/public_html/ragsblinddraw.com/protected/modules/director/controllers/TournamentController.php(100): TournamentController->redirect()
#1 /home4/colinfle/YiiRoot1.1.13/framework/web/actions/CInlineAction.php(49): TournamentController->actionCreate()
#2 /home4/colinfle/YiiRoot1.1.13/framework/web/CController.php(308): CInlineAction->runWithParams()
#3 /home4/colinfle/YiiRoot1.1.13/framework/web/filters/CFilterChain.php(133): TournamentController->runAction()
#4 /home4/colinfle/YiiRoot1.1.13/framework/web/filters/CFilter.php(40): CFilterChain->run()
#5 /home4/colinfle/YiiRoot1.1.13/framework/web/CController.php(1145): CAccessControlFilter->filter()
#6 /home4/colinfle/YiiRoot1.1.13/framework/web/filters/CInlineFilter.php(58): TournamentController->filterAccessControl()
#7 /home4/colinfle/YiiRoot1.1.13/framework/web/filters/CFilterChain.php(130): CInlineFilter->filter()
#8 /home4/colinfle/YiiRoot1.1.13/framework/web/CController.php(291): CFilterChain->run()
#9 /home4/colinfle/YiiRoot1.1.13/framework/web/CController.php(265): TournamentController->runActionWithFilters()
#10 /home4/colinfle/YiiRoot1.1.13/framework/web/CWebApplication.php(282): TournamentController->run()
#11 /home4/colinfle/YiiRoot1.1.13/framework/web/CWebApplication.php(141): CWebApplication->runController()
#12 /home4/colinfle/YiiRoot1.1.13/framework/base/CApplication.php(169): CWebApplication->processRequest()
#13 /home4/colinfle/public_html/ragsblinddraw.com/index.php(13): CWebApplication->run()
REQUEST_URI=/director/tournament/create
in /home4/colinfle/public_html/ragsblinddraw.com/protected/modules/director/controllers/TournamentController.php (100)
in /home4/colinfle/public_html/ragsblinddraw.com/index.php (13)
2014/07/01 16:14:55 [error] [system.db.CDbCommand] CDbCommand::execute() failed: SQLSTATE[23000]: Integrity constraint violation: 1062 Duplicate entry '0' for key 'challonge_match_id'. The SQL statement executed was: INSERT INTO `match` (`tournament_id`, `challonge_tournament_id`, `team_1`, `team_2`, `state`) VALUES (:yp0, :yp1, :yp2, :yp3, :yp4). Bound with :yp0=2, :yp1=1066104, :yp2=NULL, :yp3=NULL, :yp4=NULL.
in /home4/colinfle/public_html/ragsblinddraw.com/protected/modules/director/controllers/TournamentController.php (333)
in /home4/colinfle/public_html/ragsblinddraw.com/index.php (13)
2014/07/01 16:14:55 [error] [system.db.CDbCommand] CDbCommand::execute() failed: SQLSTATE[23000]: Integrity constraint violation: 1062 Duplicate entry '0' for key 'challonge_match_id'. The SQL statement executed was: INSERT INTO `match` (`tournament_id`, `challonge_tournament_id`, `team_1`, `team_2`, `state`) VALUES (:yp0, :yp1, :yp2, :yp3, :yp4). Bound with :yp0=2, :yp1=1066104, :yp2=NULL, :yp3=NULL, :yp4=NULL.
in /home4/colinfle/public_html/ragsblinddraw.com/protected/modules/director/controllers/TournamentController.php (333)
in /home4/colinfle/public_html/ragsblinddraw.com/index.php (13)
2014/07/01 16:14:55 [error] [system.db.CDbCommand] CDbCommand::execute() failed: SQLSTATE[23000]: Integrity constraint violation: 1062 Duplicate entry '0' for key 'challonge_match_id'. The SQL statement executed was: INSERT INTO `match` (`tournament_id`, `challonge_tournament_id`, `team_1`, `team_2`, `state`) VALUES (:yp0, :yp1, :yp2, :yp3, :yp4). Bound with :yp0=2, :yp1=1066104, :yp2=NULL, :yp3=NULL, :yp4=NULL.
in /home4/colinfle/public_html/ragsblinddraw.com/protected/modules/director/controllers/TournamentController.php (333)
in /home4/colinfle/public_html/ragsblinddraw.com/index.php (13)
2014/07/01 16:14:55 [error] [system.db.CDbCommand] CDbCommand::execute() failed: SQLSTATE[23000]: Integrity constraint violation: 1062 Duplicate entry '0' for key 'challonge_match_id'. The SQL statement executed was: INSERT INTO `match` (`tournament_id`, `challonge_tournament_id`, `team_1`, `team_2`, `state`) VALUES (:yp0, :yp1, :yp2, :yp3, :yp4). Bound with :yp0=2, :yp1=1066104, :yp2=NULL, :yp3=NULL, :yp4=NULL.
in /home4/colinfle/public_html/ragsblinddraw.com/protected/modules/director/controllers/TournamentController.php (333)
in /home4/colinfle/public_html/ragsblinddraw.com/index.php (13)
2014/07/01 16:14:55 [error] [system.db.CDbCommand] CDbCommand::execute() failed: SQLSTATE[23000]: Integrity constraint violation: 1062 Duplicate entry '0' for key 'challonge_match_id'. The SQL statement executed was: INSERT INTO `match` (`tournament_id`, `challonge_tournament_id`, `team_1`, `team_2`, `state`) VALUES (:yp0, :yp1, :yp2, :yp3, :yp4). Bound with :yp0=2, :yp1=1066104, :yp2=NULL, :yp3=NULL, :yp4=NULL.
in /home4/colinfle/public_html/ragsblinddraw.com/protected/modules/director/controllers/TournamentController.php (333)
in /home4/colinfle/public_html/ragsblinddraw.com/index.php (13)
2014/07/01 16:14:55 [error] [system.db.CDbCommand] CDbCommand::execute() failed: SQLSTATE[23000]: Integrity constraint violation: 1062 Duplicate entry '0' for key 'challonge_match_id'. The SQL statement executed was: INSERT INTO `match` (`tournament_id`, `challonge_tournament_id`, `team_1`, `team_2`, `state`) VALUES (:yp0, :yp1, :yp2, :yp3, :yp4). Bound with :yp0=2, :yp1=1066104, :yp2=NULL, :yp3=NULL, :yp4=NULL.
in /home4/colinfle/public_html/ragsblinddraw.com/protected/modules/director/controllers/TournamentController.php (333)
in /home4/colinfle/public_html/ragsblinddraw.com/index.php (13)
2014/07/01 16:14:55 [error] [system.db.CDbCommand] CDbCommand::execute() failed: SQLSTATE[23000]: Integrity constraint violation: 1062 Duplicate entry '0' for key 'challonge_match_id'. The SQL statement executed was: INSERT INTO `match` (`tournament_id`, `challonge_tournament_id`, `team_1`, `team_2`, `state`) VALUES (:yp0, :yp1, :yp2, :yp3, :yp4). Bound with :yp0=2, :yp1=1066104, :yp2=NULL, :yp3=NULL, :yp4=NULL.
in /home4/colinfle/public_html/ragsblinddraw.com/protected/modules/director/controllers/TournamentController.php (333)
in /home4/colinfle/public_html/ragsblinddraw.com/index.php (13)
2014/07/01 16:14:55 [error] [system.db.CDbCommand] CDbCommand::execute() failed: SQLSTATE[23000]: Integrity constraint violation: 1062 Duplicate entry '0' for key 'challonge_match_id'. The SQL statement executed was: INSERT INTO `match` (`tournament_id`, `challonge_tournament_id`, `team_1`, `team_2`, `state`) VALUES (:yp0, :yp1, :yp2, :yp3, :yp4). Bound with :yp0=2, :yp1=1066104, :yp2=NULL, :yp3=NULL, :yp4=NULL.
in /home4/colinfle/public_html/ragsblinddraw.com/protected/modules/director/controllers/TournamentController.php (333)
in /home4/colinfle/public_html/ragsblinddraw.com/index.php (13)
2014/07/01 16:14:55 [error] [system.db.CDbCommand] CDbCommand::execute() failed: SQLSTATE[23000]: Integrity constraint violation: 1062 Duplicate entry '0' for key 'challonge_match_id'. The SQL statement executed was: INSERT INTO `match` (`tournament_id`, `challonge_tournament_id`, `team_1`, `team_2`, `state`) VALUES (:yp0, :yp1, :yp2, :yp3, :yp4). Bound with :yp0=2, :yp1=1066104, :yp2=NULL, :yp3=NULL, :yp4=NULL.
in /home4/colinfle/public_html/ragsblinddraw.com/protected/modules/director/controllers/TournamentController.php (333)
in /home4/colinfle/public_html/ragsblinddraw.com/index.php (13)
2014/07/01 16:14:55 [error] [system.db.CDbCommand] CDbCommand::execute() failed: SQLSTATE[23000]: Integrity constraint violation: 1062 Duplicate entry '0' for key 'challonge_match_id'. The SQL statement executed was: INSERT INTO `match` (`tournament_id`, `challonge_tournament_id`, `team_1`, `team_2`, `state`) VALUES (:yp0, :yp1, :yp2, :yp3, :yp4). Bound with :yp0=2, :yp1=1066104, :yp2=NULL, :yp3=NULL, :yp4=NULL.
in /home4/colinfle/public_html/ragsblinddraw.com/protected/modules/director/controllers/TournamentController.php (333)
in /home4/colinfle/public_html/ragsblinddraw.com/index.php (13)
2014/07/01 16:14:55 [error] [system.db.CDbCommand] CDbCommand::execute() failed: SQLSTATE[23000]: Integrity constraint violation: 1062 Duplicate entry '0' for key 'challonge_match_id'. The SQL statement executed was: INSERT INTO `match` (`tournament_id`, `challonge_tournament_id`, `team_1`, `team_2`, `state`) VALUES (:yp0, :yp1, :yp2, :yp3, :yp4). Bound with :yp0=2, :yp1=1066104, :yp2=NULL, :yp3=NULL, :yp4=NULL.
in /home4/colinfle/public_html/ragsblinddraw.com/protected/modules/director/controllers/TournamentController.php (333)
in /home4/colinfle/public_html/ragsblinddraw.com/index.php (13)
2014/07/01 16:14:55 [error] [system.db.CDbCommand] CDbCommand::execute() failed: SQLSTATE[23000]: Integrity constraint violation: 1062 Duplicate entry '0' for key 'challonge_match_id'. The SQL statement executed was: INSERT INTO `match` (`tournament_id`, `challonge_tournament_id`, `team_1`, `team_2`, `state`) VALUES (:yp0, :yp1, :yp2, :yp3, :yp4). Bound with :yp0=2, :yp1=1066104, :yp2=NULL, :yp3=NULL, :yp4=NULL.
in /home4/colinfle/public_html/ragsblinddraw.com/protected/modules/director/controllers/TournamentController.php (333)
in /home4/colinfle/public_html/ragsblinddraw.com/index.php (13)
2014/07/01 16:16:13 [error] [system.db.CDbCommand] CDbCommand::execute() failed: SQLSTATE[23000]: Integrity constraint violation: 1062 Duplicate entry '0' for key 'challonge_match_id'. The SQL statement executed was: INSERT INTO `match` (`tournament_id`, `challonge_tournament_id`, `team_1`, `team_2`, `state`) VALUES (:yp0, :yp1, :yp2, :yp3, :yp4). Bound with :yp0=2, :yp1=1066104, :yp2=NULL, :yp3=NULL, :yp4=NULL.
in /home4/colinfle/public_html/ragsblinddraw.com/protected/modules/director/controllers/TournamentController.php (333)
in /home4/colinfle/public_html/ragsblinddraw.com/index.php (13)
2014/07/01 16:16:13 [error] [system.db.CDbCommand] CDbCommand::execute() failed: SQLSTATE[23000]: Integrity constraint violation: 1062 Duplicate entry '0' for key 'challonge_match_id'. The SQL statement executed was: INSERT INTO `match` (`tournament_id`, `challonge_tournament_id`, `team_1`, `team_2`, `state`) VALUES (:yp0, :yp1, :yp2, :yp3, :yp4). Bound with :yp0=2, :yp1=1066104, :yp2=NULL, :yp3=NULL, :yp4=NULL.
in /home4/colinfle/public_html/ragsblinddraw.com/protected/modules/director/controllers/TournamentController.php (333)
in /home4/colinfle/public_html/ragsblinddraw.com/index.php (13)
2014/07/01 16:16:13 [error] [system.db.CDbCommand] CDbCommand::execute() failed: SQLSTATE[23000]: Integrity constraint violation: 1062 Duplicate entry '0' for key 'challonge_match_id'. The SQL statement executed was: INSERT INTO `match` (`tournament_id`, `challonge_tournament_id`, `team_1`, `team_2`, `state`) VALUES (:yp0, :yp1, :yp2, :yp3, :yp4). Bound with :yp0=2, :yp1=1066104, :yp2=NULL, :yp3=NULL, :yp4=NULL.
in /home4/colinfle/public_html/ragsblinddraw.com/protected/modules/director/controllers/TournamentController.php (333)
in /home4/colinfle/public_html/ragsblinddraw.com/index.php (13)
2014/07/01 16:16:13 [error] [system.db.CDbCommand] CDbCommand::execute() failed: SQLSTATE[23000]: Integrity constraint violation: 1062 Duplicate entry '0' for key 'challonge_match_id'. The SQL statement executed was: INSERT INTO `match` (`tournament_id`, `challonge_tournament_id`, `team_1`, `team_2`, `state`) VALUES (:yp0, :yp1, :yp2, :yp3, :yp4). Bound with :yp0=2, :yp1=1066104, :yp2=NULL, :yp3=NULL, :yp4=NULL.
in /home4/colinfle/public_html/ragsblinddraw.com/protected/modules/director/controllers/TournamentController.php (333)
in /home4/colinfle/public_html/ragsblinddraw.com/index.php (13)
2014/07/01 16:16:13 [error] [system.db.CDbCommand] CDbCommand::execute() failed: SQLSTATE[23000]: Integrity constraint violation: 1062 Duplicate entry '0' for key 'challonge_match_id'. The SQL statement executed was: INSERT INTO `match` (`tournament_id`, `challonge_tournament_id`, `team_1`, `team_2`, `state`) VALUES (:yp0, :yp1, :yp2, :yp3, :yp4). Bound with :yp0=2, :yp1=1066104, :yp2=NULL, :yp3=NULL, :yp4=NULL.
in /home4/colinfle/public_html/ragsblinddraw.com/protected/modules/director/controllers/TournamentController.php (333)
in /home4/colinfle/public_html/ragsblinddraw.com/index.php (13)
2014/07/01 16:16:13 [error] [system.db.CDbCommand] CDbCommand::execute() failed: SQLSTATE[23000]: Integrity constraint violation: 1062 Duplicate entry '0' for key 'challonge_match_id'. The SQL statement executed was: INSERT INTO `match` (`tournament_id`, `challonge_tournament_id`, `team_1`, `team_2`, `state`) VALUES (:yp0, :yp1, :yp2, :yp3, :yp4). Bound with :yp0=2, :yp1=1066104, :yp2=NULL, :yp3=NULL, :yp4=NULL.
in /home4/colinfle/public_html/ragsblinddraw.com/protected/modules/director/controllers/TournamentController.php (333)
in /home4/colinfle/public_html/ragsblinddraw.com/index.php (13)
2014/07/01 16:16:13 [error] [system.db.CDbCommand] CDbCommand::execute() failed: SQLSTATE[23000]: Integrity constraint violation: 1062 Duplicate entry '0' for key 'challonge_match_id'. The SQL statement executed was: INSERT INTO `match` (`tournament_id`, `challonge_tournament_id`, `team_1`, `team_2`, `state`) VALUES (:yp0, :yp1, :yp2, :yp3, :yp4). Bound with :yp0=2, :yp1=1066104, :yp2=NULL, :yp3=NULL, :yp4=NULL.
in /home4/colinfle/public_html/ragsblinddraw.com/protected/modules/director/controllers/TournamentController.php (333)
in /home4/colinfle/public_html/ragsblinddraw.com/index.php (13)
2014/07/01 16:16:13 [error] [system.db.CDbCommand] CDbCommand::execute() failed: SQLSTATE[23000]: Integrity constraint violation: 1062 Duplicate entry '0' for key 'challonge_match_id'. The SQL statement executed was: INSERT INTO `match` (`tournament_id`, `challonge_tournament_id`, `team_1`, `team_2`, `state`) VALUES (:yp0, :yp1, :yp2, :yp3, :yp4). Bound with :yp0=2, :yp1=1066104, :yp2=NULL, :yp3=NULL, :yp4=NULL.
in /home4/colinfle/public_html/ragsblinddraw.com/protected/modules/director/controllers/TournamentController.php (333)
in /home4/colinfle/public_html/ragsblinddraw.com/index.php (13)
2014/07/01 16:16:13 [error] [system.db.CDbCommand] CDbCommand::execute() failed: SQLSTATE[23000]: Integrity constraint violation: 1062 Duplicate entry '0' for key 'challonge_match_id'. The SQL statement executed was: INSERT INTO `match` (`tournament_id`, `challonge_tournament_id`, `team_1`, `team_2`, `state`) VALUES (:yp0, :yp1, :yp2, :yp3, :yp4). Bound with :yp0=2, :yp1=1066104, :yp2=NULL, :yp3=NULL, :yp4=NULL.
in /home4/colinfle/public_html/ragsblinddraw.com/protected/modules/director/controllers/TournamentController.php (333)
in /home4/colinfle/public_html/ragsblinddraw.com/index.php (13)
2014/07/01 16:16:13 [error] [system.db.CDbCommand] CDbCommand::execute() failed: SQLSTATE[23000]: Integrity constraint violation: 1062 Duplicate entry '0' for key 'challonge_match_id'. The SQL statement executed was: INSERT INTO `match` (`tournament_id`, `challonge_tournament_id`, `team_1`, `team_2`, `state`) VALUES (:yp0, :yp1, :yp2, :yp3, :yp4). Bound with :yp0=2, :yp1=1066104, :yp2=NULL, :yp3=NULL, :yp4=NULL.
in /home4/colinfle/public_html/ragsblinddraw.com/protected/modules/director/controllers/TournamentController.php (333)
in /home4/colinfle/public_html/ragsblinddraw.com/index.php (13)
2014/07/01 16:16:13 [error] [system.db.CDbCommand] CDbCommand::execute() failed: SQLSTATE[23000]: Integrity constraint violation: 1062 Duplicate entry '0' for key 'challonge_match_id'. The SQL statement executed was: INSERT INTO `match` (`tournament_id`, `challonge_tournament_id`, `team_1`, `team_2`, `state`) VALUES (:yp0, :yp1, :yp2, :yp3, :yp4). Bound with :yp0=2, :yp1=1066104, :yp2=NULL, :yp3=NULL, :yp4=NULL.
in /home4/colinfle/public_html/ragsblinddraw.com/protected/modules/director/controllers/TournamentController.php (333)
in /home4/colinfle/public_html/ragsblinddraw.com/index.php (13)
2014/07/01 16:16:13 [error] [system.db.CDbCommand] CDbCommand::execute() failed: SQLSTATE[23000]: Integrity constraint violation: 1062 Duplicate entry '0' for key 'challonge_match_id'. The SQL statement executed was: INSERT INTO `match` (`tournament_id`, `challonge_tournament_id`, `team_1`, `team_2`, `state`) VALUES (:yp0, :yp1, :yp2, :yp3, :yp4). Bound with :yp0=2, :yp1=1066104, :yp2=NULL, :yp3=NULL, :yp4=NULL.
in /home4/colinfle/public_html/ragsblinddraw.com/protected/modules/director/controllers/TournamentController.php (333)
in /home4/colinfle/public_html/ragsblinddraw.com/index.php (13)
2014/07/01 16:16:52 [error] [php] Object of class stdClass could not be converted to string (/home4/colinfle/public_html/ragsblinddraw.com/protected/modules/director/controllers/TournamentController.php:324)
Stack trace:
#0 /home4/colinfle/YiiRoot1.1.13/framework/web/actions/CInlineAction.php(47): CInlineAction->runWithParamsInternal()
#1 /home4/colinfle/YiiRoot1.1.13/framework/web/CController.php(308): CInlineAction->runWithParams()
#2 /home4/colinfle/YiiRoot1.1.13/framework/web/filters/CFilterChain.php(133): TournamentController->runAction()
#3 /home4/colinfle/YiiRoot1.1.13/framework/web/filters/CFilter.php(40): CFilterChain->run()
#4 /home4/colinfle/YiiRoot1.1.13/framework/web/CController.php(1145): CAccessControlFilter->filter()
#5 /home4/colinfle/YiiRoot1.1.13/framework/web/filters/CInlineFilter.php(58): TournamentController->filterAccessControl()
#6 /home4/colinfle/YiiRoot1.1.13/framework/web/filters/CFilterChain.php(130): CInlineFilter->filter()
#7 /home4/colinfle/YiiRoot1.1.13/framework/web/CController.php(291): CFilterChain->run()
#8 /home4/colinfle/YiiRoot1.1.13/framework/web/CController.php(265): TournamentController->runActionWithFilters()
#9 /home4/colinfle/YiiRoot1.1.13/framework/web/CWebApplication.php(282): TournamentController->run()
#10 /home4/colinfle/YiiRoot1.1.13/framework/web/CWebApplication.php(141): CWebApplication->runController()
#11 /home4/colinfle/YiiRoot1.1.13/framework/base/CApplication.php(169): CWebApplication->processRequest()
#12 /home4/colinfle/public_html/ragsblinddraw.com/index.php(13): CWebApplication->run()
REQUEST_URI=/director/tournament/starttournament/id/2
in /home4/colinfle/public_html/ragsblinddraw.com/protected/modules/director/controllers/TournamentController.php (324)
in /home4/colinfle/public_html/ragsblinddraw.com/index.php (13)
2014/07/01 16:17:28 [error] [system.db.CDbCommand] CDbCommand::execute() failed: SQLSTATE[23000]: Integrity constraint violation: 1062 Duplicate entry '0' for key 'challonge_match_id'. The SQL statement executed was: INSERT INTO `match` (`tournament_id`, `challonge_tournament_id`, `team_1`, `team_2`, `state`) VALUES (:yp0, :yp1, :yp2, :yp3, :yp4). Bound with :yp0=2, :yp1=1066104, :yp2=NULL, :yp3=NULL, :yp4=NULL.
in /home4/colinfle/public_html/ragsblinddraw.com/protected/modules/director/controllers/TournamentController.php (336)
in /home4/colinfle/public_html/ragsblinddraw.com/index.php (13)
2014/07/01 16:17:28 [error] [system.db.CDbCommand] CDbCommand::execute() failed: SQLSTATE[23000]: Integrity constraint violation: 1062 Duplicate entry '0' for key 'challonge_match_id'. The SQL statement executed was: INSERT INTO `match` (`tournament_id`, `challonge_tournament_id`, `team_1`, `team_2`, `state`) VALUES (:yp0, :yp1, :yp2, :yp3, :yp4). Bound with :yp0=2, :yp1=1066104, :yp2=NULL, :yp3=NULL, :yp4=NULL.
in /home4/colinfle/public_html/ragsblinddraw.com/protected/modules/director/controllers/TournamentController.php (336)
in /home4/colinfle/public_html/ragsblinddraw.com/index.php (13)
2014/07/01 16:17:28 [error] [system.db.CDbCommand] CDbCommand::execute() failed: SQLSTATE[23000]: Integrity constraint violation: 1062 Duplicate entry '0' for key 'challonge_match_id'. The SQL statement executed was: INSERT INTO `match` (`tournament_id`, `challonge_tournament_id`, `team_1`, `team_2`, `state`) VALUES (:yp0, :yp1, :yp2, :yp3, :yp4). Bound with :yp0=2, :yp1=1066104, :yp2=NULL, :yp3=NULL, :yp4=NULL.
in /home4/colinfle/public_html/ragsblinddraw.com/protected/modules/director/controllers/TournamentController.php (336)
in /home4/colinfle/public_html/ragsblinddraw.com/index.php (13)
2014/07/01 16:17:28 [error] [system.db.CDbCommand] CDbCommand::execute() failed: SQLSTATE[23000]: Integrity constraint violation: 1062 Duplicate entry '0' for key 'challonge_match_id'. The SQL statement executed was: INSERT INTO `match` (`tournament_id`, `challonge_tournament_id`, `team_1`, `team_2`, `state`) VALUES (:yp0, :yp1, :yp2, :yp3, :yp4). Bound with :yp0=2, :yp1=1066104, :yp2=NULL, :yp3=NULL, :yp4=NULL.
in /home4/colinfle/public_html/ragsblinddraw.com/protected/modules/director/controllers/TournamentController.php (336)
in /home4/colinfle/public_html/ragsblinddraw.com/index.php (13)
2014/07/01 16:17:28 [error] [system.db.CDbCommand] CDbCommand::execute() failed: SQLSTATE[23000]: Integrity constraint violation: 1062 Duplicate entry '0' for key 'challonge_match_id'. The SQL statement executed was: INSERT INTO `match` (`tournament_id`, `challonge_tournament_id`, `team_1`, `team_2`, `state`) VALUES (:yp0, :yp1, :yp2, :yp3, :yp4). Bound with :yp0=2, :yp1=1066104, :yp2=NULL, :yp3=NULL, :yp4=NULL.
in /home4/colinfle/public_html/ragsblinddraw.com/protected/modules/director/controllers/TournamentController.php (336)
in /home4/colinfle/public_html/ragsblinddraw.com/index.php (13)
2014/07/01 16:17:28 [error] [system.db.CDbCommand] CDbCommand::execute() failed: SQLSTATE[23000]: Integrity constraint violation: 1062 Duplicate entry '0' for key 'challonge_match_id'. The SQL statement executed was: INSERT INTO `match` (`tournament_id`, `challonge_tournament_id`, `team_1`, `team_2`, `state`) VALUES (:yp0, :yp1, :yp2, :yp3, :yp4). Bound with :yp0=2, :yp1=1066104, :yp2=NULL, :yp3=NULL, :yp4=NULL.
in /home4/colinfle/public_html/ragsblinddraw.com/protected/modules/director/controllers/TournamentController.php (336)
in /home4/colinfle/public_html/ragsblinddraw.com/index.php (13)
2014/07/01 16:17:28 [error] [system.db.CDbCommand] CDbCommand::execute() failed: SQLSTATE[23000]: Integrity constraint violation: 1062 Duplicate entry '0' for key 'challonge_match_id'. The SQL statement executed was: INSERT INTO `match` (`tournament_id`, `challonge_tournament_id`, `team_1`, `team_2`, `state`) VALUES (:yp0, :yp1, :yp2, :yp3, :yp4). Bound with :yp0=2, :yp1=1066104, :yp2=NULL, :yp3=NULL, :yp4=NULL.
in /home4/colinfle/public_html/ragsblinddraw.com/protected/modules/director/controllers/TournamentController.php (336)
in /home4/colinfle/public_html/ragsblinddraw.com/index.php (13)
2014/07/01 16:17:28 [error] [system.db.CDbCommand] CDbCommand::execute() failed: SQLSTATE[23000]: Integrity constraint violation: 1062 Duplicate entry '0' for key 'challonge_match_id'. The SQL statement executed was: INSERT INTO `match` (`tournament_id`, `challonge_tournament_id`, `team_1`, `team_2`, `state`) VALUES (:yp0, :yp1, :yp2, :yp3, :yp4). Bound with :yp0=2, :yp1=1066104, :yp2=NULL, :yp3=NULL, :yp4=NULL.
in /home4/colinfle/public_html/ragsblinddraw.com/protected/modules/director/controllers/TournamentController.php (336)
in /home4/colinfle/public_html/ragsblinddraw.com/index.php (13)
2014/07/01 16:17:28 [error] [system.db.CDbCommand] CDbCommand::execute() failed: SQLSTATE[23000]: Integrity constraint violation: 1062 Duplicate entry '0' for key 'challonge_match_id'. The SQL statement executed was: INSERT INTO `match` (`tournament_id`, `challonge_tournament_id`, `team_1`, `team_2`, `state`) VALUES (:yp0, :yp1, :yp2, :yp3, :yp4). Bound with :yp0=2, :yp1=1066104, :yp2=NULL, :yp3=NULL, :yp4=NULL.
in /home4/colinfle/public_html/ragsblinddraw.com/protected/modules/director/controllers/TournamentController.php (336)
in /home4/colinfle/public_html/ragsblinddraw.com/index.php (13)
2014/07/01 16:17:28 [error] [system.db.CDbCommand] CDbCommand::execute() failed: SQLSTATE[23000]: Integrity constraint violation: 1062 Duplicate entry '0' for key 'challonge_match_id'. The SQL statement executed was: INSERT INTO `match` (`tournament_id`, `challonge_tournament_id`, `team_1`, `team_2`, `state`) VALUES (:yp0, :yp1, :yp2, :yp3, :yp4). Bound with :yp0=2, :yp1=1066104, :yp2=NULL, :yp3=NULL, :yp4=NULL.
in /home4/colinfle/public_html/ragsblinddraw.com/protected/modules/director/controllers/TournamentController.php (336)
in /home4/colinfle/public_html/ragsblinddraw.com/index.php (13)
2014/07/01 16:17:28 [error] [system.db.CDbCommand] CDbCommand::execute() failed: SQLSTATE[23000]: Integrity constraint violation: 1062 Duplicate entry '0' for key 'challonge_match_id'. The SQL statement executed was: INSERT INTO `match` (`tournament_id`, `challonge_tournament_id`, `team_1`, `team_2`, `state`) VALUES (:yp0, :yp1, :yp2, :yp3, :yp4). Bound with :yp0=2, :yp1=1066104, :yp2=NULL, :yp3=NULL, :yp4=NULL.
in /home4/colinfle/public_html/ragsblinddraw.com/protected/modules/director/controllers/TournamentController.php (336)
in /home4/colinfle/public_html/ragsblinddraw.com/index.php (13)
2014/07/01 16:17:28 [error] [system.db.CDbCommand] CDbCommand::execute() failed: SQLSTATE[23000]: Integrity constraint violation: 1062 Duplicate entry '0' for key 'challonge_match_id'. The SQL statement executed was: INSERT INTO `match` (`tournament_id`, `challonge_tournament_id`, `team_1`, `team_2`, `state`) VALUES (:yp0, :yp1, :yp2, :yp3, :yp4). Bound with :yp0=2, :yp1=1066104, :yp2=NULL, :yp3=NULL, :yp4=NULL.
in /home4/colinfle/public_html/ragsblinddraw.com/protected/modules/director/controllers/TournamentController.php (336)
in /home4/colinfle/public_html/ragsblinddraw.com/index.php (13)
2014/07/01 16:17:28 [error] [system.db.CDbCommand] CDbCommand::execute() failed: SQLSTATE[23000]: Integrity constraint violation: 1062 Duplicate entry '0' for key 'challonge_match_id'. The SQL statement executed was: INSERT INTO `match` (`tournament_id`, `challonge_tournament_id`, `team_1`, `team_2`, `state`) VALUES (:yp0, :yp1, :yp2, :yp3, :yp4). Bound with :yp0=2, :yp1=1066104, :yp2=NULL, :yp3=NULL, :yp4=NULL.
in /home4/colinfle/public_html/ragsblinddraw.com/protected/modules/director/controllers/TournamentController.php (336)
in /home4/colinfle/public_html/ragsblinddraw.com/index.php (13)
2014/07/01 16:28:54 [error] [exception.CException] exception 'CException' with message 'Property "Tournament.chalonge_id" is not defined.' in /home4/colinfle/YiiRoot1.1.13/framework/base/CComponent.php:130
Stack trace:
#0 /home4/colinfle/YiiRoot1.1.13/framework/db/ar/CActiveRecord.php(143): CComponent->__get('chalonge_id')
#1 /home4/colinfle/public_html/ragsblinddraw.com/protected/modules/director/controllers/TournamentController.php(304): CActiveRecord->__get('chalonge_id')
#2 [internal function]: TournamentController->actionUpdateMatches('2')
#3 /home4/colinfle/YiiRoot1.1.13/framework/web/actions/CAction.php(108): ReflectionMethod->invokeArgs(Object(TournamentController), Array)
#4 /home4/colinfle/YiiRoot1.1.13/framework/web/actions/CInlineAction.php(47): CAction->runWithParamsInternal(Object(TournamentController), Object(ReflectionMethod), Array)
#5 /home4/colinfle/YiiRoot1.1.13/framework/web/CController.php(308): CInlineAction->runWithParams(Array)
#6 /home4/colinfle/YiiRoot1.1.13/framework/web/filters/CFilterChain.php(133): CController->runAction(Object(CInlineAction))
#7 /home4/colinfle/YiiRoot1.1.13/framework/web/filters/CFilter.php(40): CFilterChain->run()
#8 /home4/colinfle/YiiRoot1.1.13/framework/web/CController.php(1145): CFilter->filter(Object(CFilterChain))
#9 /home4/colinfle/YiiRoot1.1.13/framework/web/filters/CInlineFilter.php(58): CController->filterAccessControl(Object(CFilterChain))
#10 /home4/colinfle/YiiRoot1.1.13/framework/web/filters/CFilterChain.php(130): CInlineFilter->filter(Object(CFilterChain))
#11 /home4/colinfle/YiiRoot1.1.13/framework/web/CController.php(291): CFilterChain->run()
#12 /home4/colinfle/YiiRoot1.1.13/framework/web/CController.php(265): CController->runActionWithFilters(Object(CInlineAction), Array)
#13 /home4/colinfle/YiiRoot1.1.13/framework/web/CWebApplication.php(282): CController->run('updatematches')
#14 /home4/colinfle/YiiRoot1.1.13/framework/web/CWebApplication.php(141): CWebApplication->runController('director/tourna...')
#15 /home4/colinfle/YiiRoot1.1.13/framework/base/CApplication.php(169): CWebApplication->processRequest()
#16 /home4/colinfle/public_html/ragsblinddraw.com/index.php(13): CApplication->run()
#17 {main}
REQUEST_URI=/director/tournament/updatematches/id/2
---
