2014/07/09 05:10:25 [error] [exception.CHttpException.404] exception 'CHttpException' with message 'Unable to resolve the request "robots.txt".' in /home4/colinfle/YiiRoot1.1.13/framework/web/CWebApplication.php:286
Stack trace:
#0 /home4/colinfle/YiiRoot1.1.13/framework/web/CWebApplication.php(141): CWebApplication->runController('robots.txt')
#1 /home4/colinfle/YiiRoot1.1.13/framework/base/CApplication.php(169): CWebApplication->processRequest()
#2 /home4/colinfle/public_html/ragsblinddraw.com/index.php(13): CApplication->run()
#3 {main}
REQUEST_URI=/robots.txt
---
2014/07/09 10:45:31 [error] [exception.CException] exception 'CException' with message 'Property "TbModal.style" is not defined.' in /home4/colinfle/YiiRoot1.1.13/framework/base/CComponent.php:173
Stack trace:
#0 /home4/colinfle/YiiRoot1.1.13/framework/web/CWidgetFactory.php(161): CComponent->__set('style', 'padding: 15px;')
#1 /home4/colinfle/YiiRoot1.1.13/framework/web/CBaseController.php(146): CWidgetFactory->createWidget(Object(TournamentController), 'bootstrap.widge...', Array)
#2 /home4/colinfle/YiiRoot1.1.13/framework/web/CBaseController.php(189): CBaseController->createWidget('bootstrap.widge...', Array)
#3 /home4/colinfle/public_html/ragsblinddraw.com/protected/modules/director/views/tournament/matches.php(65): CBaseController->beginWidget('bootstrap.widge...', Array)
#4 /home4/colinfle/YiiRoot1.1.13/framework/web/CBaseController.php(126): require('/home4/colinfle...')
#5 /home4/colinfle/YiiRoot1.1.13/framework/web/CBaseController.php(95): CBaseController->renderInternal('/home4/colinfle...', Array, true)
#6 /home4/colinfle/YiiRoot1.1.13/framework/web/CController.php(869): CBaseController->renderFile('/home4/colinfle...', Array, true)
#7 /home4/colinfle/YiiRoot1.1.13/framework/web/CController.php(782): CController->renderPartial('matches', Array, true)
#8 /home4/colinfle/public_html/ragsblinddraw.com/protected/modules/director/controllers/TournamentController.php(296): CController->render('matches', Array)
#9 [internal function]: TournamentController->actionMatches('1')
#10 /home4/colinfle/YiiRoot1.1.13/framework/web/actions/CAction.php(108): ReflectionMethod->invokeArgs(Object(TournamentController), Array)
#11 /home4/colinfle/YiiRoot1.1.13/framework/web/actions/CInlineAction.php(47): CAction->runWithParamsInternal(Object(TournamentController), Object(ReflectionMethod), Array)
#12 /home4/colinfle/YiiRoot1.1.13/framework/web/CController.php(308): CInlineAction->runWithParams(Array)
#13 /home4/colinfle/YiiRoot1.1.13/framework/web/filters/CFilterChain.php(133): CController->runAction(Object(CInlineAction))
#14 /home4/colinfle/YiiRoot1.1.13/framework/web/filters/CFilter.php(40): CFilterChain->run()
#15 /home4/colinfle/YiiRoot1.1.13/framework/web/CController.php(1145): CFilter->filter(Object(CFilterChain))
#16 /home4/colinfle/YiiRoot1.1.13/framework/web/filters/CInlineFilter.php(58): CController->filterAccessControl(Object(CFilterChain))
#17 /home4/colinfle/YiiRoot1.1.13/framework/web/filters/CFilterChain.php(130): CInlineFilter->filter(Object(CFilterChain))
#18 /home4/colinfle/YiiRoot1.1.13/framework/web/CController.php(291): CFilterChain->run()
#19 /home4/colinfle/YiiRoot1.1.13/framework/web/CController.php(265): CController->runActionWithFilters(Object(CInlineAction), Array)
#20 /home4/colinfle/YiiRoot1.1.13/framework/web/CWebApplication.php(282): CController->run('matches')
#21 /home4/colinfle/YiiRoot1.1.13/framework/web/CWebApplication.php(141): CWebApplication->runController('director/tourna...')
#22 /home4/colinfle/YiiRoot1.1.13/framework/base/CApplication.php(169): CWebApplication->processRequest()
#23 /home4/colinfle/public_html/ragsblinddraw.com/index.php(13): CApplication->run()
#24 {main}
REQUEST_URI=/director/tournament/matches/id/1
HTTP_REFERER=http://ragsblinddraw.com/director/tournament/teams/id/1
---
2014/07/09 18:53:19 [error] [exception.CHttpException.404] exception 'CHttpException' with message 'Unable to resolve the request "robots.txt".' in /home4/colinfle/YiiRoot1.1.13/framework/web/CWebApplication.php:286
Stack trace:
#0 /home4/colinfle/YiiRoot1.1.13/framework/web/CWebApplication.php(141): CWebApplication->runController('robots.txt')
#1 /home4/colinfle/YiiRoot1.1.13/framework/base/CApplication.php(169): CWebApplication->processRequest()
#2 /home4/colinfle/public_html/ragsblinddraw.com/index.php(13): CApplication->run()
#3 {main}
REQUEST_URI=/robots.txt
---
