2014/10/13 03:00:16 [error] [exception.CHttpException.404] exception 'CHttpException' with message 'Unable to resolve the request "user".' in /home4/colinfle/YiiRoot1.1.13/framework/web/CWebApplication.php:286
Stack trace:
#0 /home4/colinfle/YiiRoot1.1.13/framework/web/CWebApplication.php(141): CWebApplication->runController('user')
#1 /home4/colinfle/YiiRoot1.1.13/framework/base/CApplication.php(169): CWebApplication->processRequest()
#2 /home4/colinfle/public_html/ragsblinddraw.com/index.php(13): CApplication->run()
#3 {main}
REQUEST_URI=/user/
---
2014/10/13 03:56:14 [error] [exception.CHttpException.404] exception 'CHttpException' with message 'Unable to resolve the request "robots.txt".' in /home4/colinfle/YiiRoot1.1.13/framework/web/CWebApplication.php:286
Stack trace:
#0 /home4/colinfle/YiiRoot1.1.13/framework/web/CWebApplication.php(141): CWebApplication->runController('robots.txt')
#1 /home4/colinfle/YiiRoot1.1.13/framework/base/CApplication.php(169): CWebApplication->processRequest()
#2 /home4/colinfle/public_html/ragsblinddraw.com/index.php(13): CApplication->run()
#3 {main}
REQUEST_URI=/robots.txt
---
2014/10/13 08:35:38 [error] [exception.CHttpException.404] exception 'CHttpException' with message 'Unable to resolve the request "robots.txt".' in /home4/colinfle/YiiRoot1.1.13/framework/web/CWebApplication.php:286
Stack trace:
#0 /home4/colinfle/YiiRoot1.1.13/framework/web/CWebApplication.php(141): CWebApplication->runController('robots.txt')
#1 /home4/colinfle/YiiRoot1.1.13/framework/base/CApplication.php(169): CWebApplication->processRequest()
#2 /home4/colinfle/public_html/ragsblinddraw.com/index.php(13): CApplication->run()
#3 {main}
REQUEST_URI=/robots.txt
---
2014/10/13 09:02:08 [error] [exception.CHttpException.404] exception 'CHttpException' with message 'Unable to resolve the request "robots.txt".' in /home4/colinfle/YiiRoot1.1.13/framework/web/CWebApplication.php:286
Stack trace:
#0 /home4/colinfle/YiiRoot1.1.13/framework/web/CWebApplication.php(141): CWebApplication->runController('robots.txt')
#1 /home4/colinfle/YiiRoot1.1.13/framework/base/CApplication.php(169): CWebApplication->processRequest()
#2 /home4/colinfle/public_html/ragsblinddraw.com/index.php(13): CApplication->run()
#3 {main}
REQUEST_URI=/robots.txt
---
2014/10/13 09:42:11 [error] [exception.CHttpException.404] exception 'CHttpException' with message 'Unable to resolve the request "robots.txt".' in /home4/colinfle/YiiRoot1.1.13/framework/web/CWebApplication.php:286
Stack trace:
#0 /home4/colinfle/YiiRoot1.1.13/framework/web/CWebApplication.php(141): CWebApplication->runController('robots.txt')
#1 /home4/colinfle/YiiRoot1.1.13/framework/base/CApplication.php(169): CWebApplication->processRequest()
#2 /home4/colinfle/public_html/ragsblinddraw.com/index.php(13): CApplication->run()
#3 {main}
REQUEST_URI=/robots.txt
---
