2015/03/26 02:44:32 [error] [exception.CHttpException.404] exception 'CHttpException' with message 'Unable to resolve the request "robots.txt".' in /home4/colinfle/YiiRoot1.1.13/framework/web/CWebApplication.php:286
Stack trace:
#0 /home4/colinfle/YiiRoot1.1.13/framework/web/CWebApplication.php(141): CWebApplication->runController('robots.txt')
#1 /home4/colinfle/YiiRoot1.1.13/framework/base/CApplication.php(169): CWebApplication->processRequest()
#2 /home4/colinfle/public_html/ragsblinddraw.com/index.php(13): CApplication->run()
#3 {main}
REQUEST_URI=/robots.txt
---
2015/03/26 06:42:38 [error] [exception.CHttpException.404] exception 'CHttpException' with message 'Unable to resolve the request "robots.txt".' in /home4/colinfle/YiiRoot1.1.13/framework/web/CWebApplication.php:286
Stack trace:
#0 /home4/colinfle/YiiRoot1.1.13/framework/web/CWebApplication.php(141): CWebApplication->runController('robots.txt')
#1 /home4/colinfle/YiiRoot1.1.13/framework/base/CApplication.php(169): CWebApplication->processRequest()
#2 /home4/colinfle/public_html/ragsblinddraw.com/index.php(13): CApplication->run()
#3 {main}
REQUEST_URI=/robots.txt
---
2015/03/26 09:24:27 [error] [exception.CHttpException.404] exception 'CHttpException' with message 'Unable to resolve the request "robots.txt".' in /home4/colinfle/YiiRoot1.1.13/framework/web/CWebApplication.php:286
Stack trace:
#0 /home4/colinfle/YiiRoot1.1.13/framework/web/CWebApplication.php(141): CWebApplication->runController('robots.txt')
#1 /home4/colinfle/YiiRoot1.1.13/framework/base/CApplication.php(169): CWebApplication->processRequest()
#2 /home4/colinfle/public_html/ragsblinddraw.com/index.php(13): CApplication->run()
#3 {main}
REQUEST_URI=/robots.txt
---
2015/03/26 09:24:39 [error] [exception.CHttpException.404] exception 'CHttpException' with message 'Unable to resolve the request "robots.txt".' in /home4/colinfle/YiiRoot1.1.13/framework/web/CWebApplication.php:286
Stack trace:
#0 /home4/colinfle/YiiRoot1.1.13/framework/web/CWebApplication.php(141): CWebApplication->runController('robots.txt')
#1 /home4/colinfle/YiiRoot1.1.13/framework/base/CApplication.php(169): CWebApplication->processRequest()
#2 /home4/colinfle/public_html/ragsblinddraw.com/index.php(13): CApplication->run()
#3 {main}
REQUEST_URI=/robots.txt
---
2015/03/26 23:13:09 [error] [exception.CHttpException.404] exception 'CHttpException' with message 'Unable to resolve the request "robots.txt".' in /home4/colinfle/YiiRoot1.1.13/framework/web/CWebApplication.php:286
Stack trace:
#0 /home4/colinfle/YiiRoot1.1.13/framework/web/CWebApplication.php(141): CWebApplication->runController('robots.txt')
#1 /home4/colinfle/YiiRoot1.1.13/framework/base/CApplication.php(169): CWebApplication->processRequest()
#2 /home4/colinfle/public_html/ragsblinddraw.com/index.php(13): CApplication->run()
#3 {main}
REQUEST_URI=/robots.txt
---
